[2020-11-22 15:35:19] INFO: Algorithm options {'data_train_opt': {'batch_size': 512, 'unsupervised': True, 'random_sized_crop': True, 'dataset_name': 'imagenet', 'split': 'train'}, 'data_test_opt': {'batch_size': 512, 'unsupervised': True, 'random_sized_crop': False, 'dataset_name': 'imagenet', 'split': 'val'}, 'max_num_epochs': 2000, 'networks': {'feature': {'def_file': 'architectures/AlexNetFeature.py', 'pretrained': None, 'opt': {}, 'optim_params': {'optim_type': 'sgd', 'lr': 0.1, 'momentum': 0.9, 'weight_decay': 0.0005, 'nesterov': True, 'LUT_lr': [(90, 0.01), (130, 0.001), (190, 0.0001), (210, 1e-05), (230, 0.0001), (245, 1e-05)]}}, 'classifier': {'def_file': 'architectures/AlexNetClassifier.py', 'pretrained': None, 'opt': {'num_classes': 4}, 'optim_params': {'optim_type': 'sgd', 'lr': 0.1, 'momentum': 0.9, 'weight_decay': 0.0005, 'nesterov': True, 'LUT_lr': [(90, 0.01), (130, 0.001), (190, 0.0001), (210, 1e-05), (230, 0.0001), (245, 1e-05)]}}, 'norm': {'def_file': 'architectures/LinearTransformationNorm.py', 'pretrained': None, 'opt': {'low_dim': 128, 'num_feat': 2048}, 'optim_params': {'optim_type': 'sgd', 'lr': 0.1, 'momentum': 0.9, 'weight_decay': 0.0005, 'nesterov': True, 'LUT_lr': [(90, 0.01), (130, 0.001), (190, 0.0001), (210, 1e-05), (230, 0.0001), (245, 1e-05)]}}}, 'criterions': {'loss_cls': {'ctype': 'CrossEntropyLoss', 'opt': {'reduce': False}}, 'loss_mse': {'ctype': 'MSELoss', 'opt': None}, 'nce_average': {'ctype': 'NCEAverage', 'opt': {'def_file': 'architectures/NCEAverage.py', 'net_opt': {'low_dim': 128, 'ndata': 1281167, 'nce_k': 4096, 'nce_t': 0.07, 'nce_m': 0.5}}}, 'nce_criterion': {'ctype': 'NCECriterion', 'opt': {'def_file': 'architectures/NCECriterion.py', 'net_opt': {'ndata': 1281167}}}}, 'lambda_loss': {'cls': 1.0, 'mse': 1.0, 'nce': 1.0}, 'gama': 2, 'algorithm_type': 'DecouplingModel', 'exp_dir': '../_experiments/ImageNet_Decoupling_AlexNet', 'disp_step': 1}
[2020-11-22 15:35:19] INFO: Set network feature
[2020-11-22 15:35:19] INFO: ==> Initiliaze network feature from file architectures/AlexNetFeature.py with opts: {}
[2020-11-22 15:35:20] INFO: Set network classifier
[2020-11-22 15:35:20] INFO: ==> Initiliaze network classifier from file architectures/AlexNetClassifier.py with opts: {'num_classes': 4}
[2020-11-22 15:35:20] INFO: Set network norm
[2020-11-22 15:35:20] INFO: ==> Initiliaze network norm from file architectures/LinearTransformationNorm.py with opts: {'low_dim': 128, 'num_feat': 2048}
[2020-11-22 15:35:20] INFO: Initialize criterion[loss_cls]: CrossEntropyLoss with options: {'reduce': False}
[2020-11-22 15:35:20] INFO: Initialize criterion[loss_mse]: MSELoss with options: None
[2020-11-22 15:35:20] INFO: Initialize criterion[nce_average]: NCEAverage with options: {'def_file': 'architectures/NCEAverage.py', 'net_opt': {'low_dim': 128, 'ndata': 1281167, 'nce_k': 4096, 'nce_t': 0.07, 'nce_m': 0.5}}
[2020-11-22 15:35:43] INFO: Initialize criterion[nce_criterion]: NCECriterion with options: {'def_file': 'architectures/NCECriterion.py', 'net_opt': {'ndata': 1281167}}
[2020-11-22 15:35:43] INFO: ==> Initiliaze network NCECriterion from file architectures/NCECriterion.py with opts: {'ndata': 1281167}
[2020-11-22 15:35:50] INFO: Initialize optimizer: sgd with params: {'optim_type': 'sgd', 'lr': 0.1, 'momentum': 0.9, 'weight_decay': 0.0005, 'nesterov': True, 'LUT_lr': [(90, 0.01), (130, 0.001), (190, 0.0001), (210, 1e-05), (230, 0.0001), (245, 1e-05)]} for network: feature
[2020-11-22 15:35:50] INFO: Initialize optimizer: sgd with params: {'optim_type': 'sgd', 'lr': 0.1, 'momentum': 0.9, 'weight_decay': 0.0005, 'nesterov': True, 'LUT_lr': [(90, 0.01), (130, 0.001), (190, 0.0001), (210, 1e-05), (230, 0.0001), (245, 1e-05)]} for network: classifier
[2020-11-22 15:35:50] INFO: Initialize optimizer: sgd with params: {'optim_type': 'sgd', 'lr': 0.1, 'momentum': 0.9, 'weight_decay': 0.0005, 'nesterov': True, 'LUT_lr': [(90, 0.01), (130, 0.001), (190, 0.0001), (210, 1e-05), (230, 0.0001), (245, 1e-05)]} for network: norm
[2020-11-22 15:35:50] INFO: 

[2020-11-22 15:35:50] INFO: Training epoch [  1 / 2000]
[2020-11-22 15:35:50] INFO: ==> Set to feature optimizer lr = 0.0100000000
[2020-11-22 15:35:50] INFO: ==> Set to classifier optimizer lr = 0.0100000000
[2020-11-22 15:35:50] INFO: ==> Set to norm optimizer lr = 0.0100000000
[2020-11-22 15:35:50] INFO: Training: ImageNet_Decoupling_AlexNet
[2020-11-22 15:35:50] INFO: ==> Dataset: imagenet_train [100000 images]
[2020-11-22 15:35:50] INFO: ==> Iteration steps in one epoch: 196 [batch size 512]
[2020-11-22 15:35:54] INFO: ==> Iteration [  1][   1 /  196]: {'prec_cls': 18.6035, 'loss': 11.7686, 'loss_cls': 1.4229, 'loss_mse': 0.078, 'loss_nce': 10.2677, 'load_time': 6.002, 'process_time': 93.998}
[2020-11-22 15:35:55] INFO: ==> Iteration [  1][   2 /  196]: {'prec_cls': 46.8018, 'loss': 11.5489, 'loss_cls': 1.1496, 'loss_mse': 0.0782, 'loss_nce': 10.3211, 'load_time': 31.9245, 'process_time': 68.0755}
[2020-11-22 15:35:56] INFO: ==> Iteration [  1][   3 /  196]: {'prec_cls': 56.2012, 'loss': 11.447, 'loss_cls': 1.0069, 'loss_mse': 0.0778, 'loss_nce': 10.3622, 'load_time': 41.9569, 'process_time': 58.0431}
[2020-11-22 15:35:56] INFO: ==> Iteration [  1][   4 /  196]: {'prec_cls': 60.9009, 'loss': 11.3724, 'loss_cls': 0.924, 'loss_mse': 0.0775, 'loss_nce': 10.3709, 'load_time': 46.1378, 'process_time': 53.8622}
[2020-11-22 15:35:57] INFO: ==> Iteration [  1][   5 /  196]: {'prec_cls': 63.7207, 'loss': 11.3208, 'loss_cls': 0.8666, 'loss_mse': 0.0769, 'loss_nce': 10.3773, 'load_time': 48.7328, 'process_time': 51.2672}
[2020-11-22 15:35:57] INFO: ==> Iteration [  1][   6 /  196]: {'prec_cls': 65.5924, 'loss': 11.3277, 'loss_cls': 0.8219, 'loss_mse': 0.0764, 'loss_nce': 10.4295, 'load_time': 50.3204, 'process_time': 49.6796}
[2020-11-22 15:35:58] INFO: ==> Iteration [  1][   7 /  196]: {'prec_cls': 66.9364, 'loss': 11.3398, 'loss_cls': 0.7873, 'loss_mse': 0.0759, 'loss_nce': 10.4766, 'load_time': 51.5906, 'process_time': 48.4094}
[2020-11-22 15:35:59] INFO: ==> Iteration [  1][   8 /  196]: {'prec_cls': 67.9626, 'loss': 11.3632, 'loss_cls': 0.7601, 'loss_mse': 0.0754, 'loss_nce': 10.5277, 'load_time': 50.7491, 'process_time': 49.2509}
[2020-11-22 15:35:59] INFO: ==> Iteration [  1][   9 /  196]: {'prec_cls': 68.7609, 'loss': 11.4111, 'loss_cls': 0.7386, 'loss_mse': 0.0748, 'loss_nce': 10.5977, 'load_time': 51.894, 'process_time': 48.106}
[2020-11-22 15:36:00] INFO: ==> Iteration [  1][  10 /  196]: {'prec_cls': 69.3652, 'loss': 11.4475, 'loss_cls': 0.7209, 'loss_mse': 0.0742, 'loss_nce': 10.6524, 'load_time': 51.2057, 'process_time': 48.7943}
[2020-11-22 15:36:01] INFO: ==> Iteration [  1][  11 /  196]: {'prec_cls': 69.8597, 'loss': 11.4891, 'loss_cls': 0.7067, 'loss_mse': 0.0733, 'loss_nce': 10.7091, 'load_time': 52.1409, 'process_time': 47.8591}
[2020-11-22 15:36:02] INFO: ==> Iteration [  1][  12 /  196]: {'prec_cls': 70.3166, 'loss': 11.5375, 'loss_cls': 0.6941, 'loss_mse': 0.0723, 'loss_nce': 10.7711, 'load_time': 51.5269, 'process_time': 48.4731}
[2020-11-22 15:36:02] INFO: ==> Iteration [  1][  13 /  196]: {'prec_cls': 70.6505, 'loss': 11.604, 'loss_cls': 0.6844, 'loss_mse': 0.0712, 'loss_nce': 10.8483, 'load_time': 52.1524, 'process_time': 47.8476}
[2020-11-22 15:36:03] INFO: ==> Iteration [  1][  14 /  196]: {'prec_cls': 70.9717, 'loss': 11.6752, 'loss_cls': 0.6751, 'loss_mse': 0.0701, 'loss_nce': 10.9301, 'load_time': 51.6275, 'process_time': 48.3725}
[2020-11-22 15:36:04] INFO: ==> Iteration [  1][  15 /  196]: {'prec_cls': 71.2533, 'loss': 11.7488, 'loss_cls': 0.667, 'loss_mse': 0.0688, 'loss_nce': 11.0129, 'load_time': 52.2753, 'process_time': 47.7247}
[2020-11-22 15:36:05] INFO: ==> Iteration [  1][  16 /  196]: {'prec_cls': 71.4783, 'loss': 11.8052, 'loss_cls': 0.6604, 'loss_mse': 0.0675, 'loss_nce': 11.0772, 'load_time': 51.7902, 'process_time': 48.2098}
[2020-11-22 15:36:06] INFO: ==> Iteration [  1][  17 /  196]: {'prec_cls': 71.7055, 'loss': 11.8661, 'loss_cls': 0.6542, 'loss_mse': 0.0663, 'loss_nce': 11.1457, 'load_time': 52.3311, 'process_time': 47.6689}
[2020-11-22 15:36:07] INFO: ==> Iteration [  1][  18 /  196]: {'prec_cls': 71.8777, 'loss': 11.9348, 'loss_cls': 0.649, 'loss_mse': 0.065, 'loss_nce': 11.2208, 'load_time': 51.9249, 'process_time': 48.0751}
[2020-11-22 15:36:07] INFO: ==> Iteration [  1][  19 /  196]: {'prec_cls': 72.0703, 'loss': 12.0056, 'loss_cls': 0.6436, 'loss_mse': 0.0638, 'loss_nce': 11.2982, 'load_time': 52.4209, 'process_time': 47.5791}
[2020-11-22 15:36:08] INFO: ==> Iteration [  1][  20 /  196]: {'prec_cls': 72.2217, 'loss': 12.0767, 'loss_cls': 0.6394, 'loss_mse': 0.0626, 'loss_nce': 11.3747, 'load_time': 52.0499, 'process_time': 47.9501}
[2020-11-22 15:36:09] INFO: ==> Iteration [  1][  21 /  196]: {'prec_cls': 72.361, 'loss': 12.1485, 'loss_cls': 0.6353, 'loss_mse': 0.0614, 'loss_nce': 11.4518, 'load_time': 52.4102, 'process_time': 47.5898}
[2020-11-22 15:36:10] INFO: ==> Iteration [  1][  22 /  196]: {'prec_cls': 72.4898, 'loss': 12.2199, 'loss_cls': 0.6315, 'loss_mse': 0.0601, 'loss_nce': 11.5283, 'load_time': 52.0639, 'process_time': 47.9361}
[2020-11-22 15:36:10] INFO: ==> Iteration [  1][  23 /  196]: {'prec_cls': 72.5989, 'loss': 12.2837, 'loss_cls': 0.6283, 'loss_mse': 0.0589, 'loss_nce': 11.5965, 'load_time': 52.395, 'process_time': 47.605}
[2020-11-22 15:36:11] INFO: ==> Iteration [  1][  24 /  196]: {'prec_cls': 72.701, 'loss': 12.3468, 'loss_cls': 0.6252, 'loss_mse': 0.0578, 'loss_nce': 11.6638, 'load_time': 52.074, 'process_time': 47.926}
[2020-11-22 15:36:12] INFO: ==> Iteration [  1][  25 /  196]: {'prec_cls': 72.7949, 'loss': 12.4094, 'loss_cls': 0.6221, 'loss_mse': 0.0568, 'loss_nce': 11.7304, 'load_time': 52.3875, 'process_time': 47.6125}
[2020-11-22 15:36:13] INFO: ==> Iteration [  1][  26 /  196]: {'prec_cls': 72.8872, 'loss': 12.4676, 'loss_cls': 0.6195, 'loss_mse': 0.0557, 'loss_nce': 11.7923, 'load_time': 52.0987, 'process_time': 47.9013}
[2020-11-22 15:36:13] INFO: ==> Iteration [  1][  27 /  196]: {'prec_cls': 72.9691, 'loss': 12.5309, 'loss_cls': 0.6169, 'loss_mse': 0.0547, 'loss_nce': 11.8592, 'load_time': 52.3737, 'process_time': 47.6263}
[2020-11-22 15:36:14] INFO: ==> Iteration [  1][  28 /  196]: {'prec_cls': 73.0486, 'loss': 12.5944, 'loss_cls': 0.6144, 'loss_mse': 0.0538, 'loss_nce': 11.9262, 'load_time': 52.0838, 'process_time': 47.9162}
[2020-11-22 15:36:15] INFO: ==> Iteration [  1][  29 /  196]: {'prec_cls': 73.1193, 'loss': 12.6546, 'loss_cls': 0.6122, 'loss_mse': 0.0529, 'loss_nce': 11.9895, 'load_time': 52.3526, 'process_time': 47.6474}
[2020-11-22 15:36:16] INFO: ==> Iteration [  1][  30 /  196]: {'prec_cls': 73.1917, 'loss': 12.711, 'loss_cls': 0.6102, 'loss_mse': 0.0521, 'loss_nce': 12.0487, 'load_time': 52.1085, 'process_time': 47.8915}
[2020-11-22 15:36:16] INFO: ==> Iteration [  1][  31 /  196]: {'prec_cls': 73.2548, 'loss': 12.7711, 'loss_cls': 0.6084, 'loss_mse': 0.0512, 'loss_nce': 12.1115, 'load_time': 52.3547, 'process_time': 47.6453}
[2020-11-22 15:36:17] INFO: ==> Iteration [  1][  32 /  196]: {'prec_cls': 73.3063, 'loss': 12.8314, 'loss_cls': 0.6067, 'loss_mse': 0.0504, 'loss_nce': 12.1742, 'load_time': 52.1221, 'process_time': 47.8779}
[2020-11-22 15:36:18] INFO: ==> Iteration [  1][  33 /  196]: {'prec_cls': 73.3724, 'loss': 12.889, 'loss_cls': 0.6049, 'loss_mse': 0.0497, 'loss_nce': 12.2344, 'load_time': 52.3523, 'process_time': 47.6477}
[2020-11-22 15:36:19] INFO: ==> Iteration [  1][  34 /  196]: {'prec_cls': 73.4231, 'loss': 12.9374, 'loss_cls': 0.6033, 'loss_mse': 0.049, 'loss_nce': 12.2851, 'load_time': 52.1395, 'process_time': 47.8605}
[2020-11-22 15:36:20] INFO: ==> Iteration [  1][  35 /  196]: {'prec_cls': 73.4863, 'loss': 12.9877, 'loss_cls': 0.6017, 'loss_mse': 0.0483, 'loss_nce': 12.3377, 'load_time': 52.3529, 'process_time': 47.6471}
[2020-11-22 15:36:21] INFO: ==> Iteration [  1][  36 /  196]: {'prec_cls': 73.5447, 'loss': 13.0363, 'loss_cls': 0.6001, 'loss_mse': 0.0476, 'loss_nce': 12.3886, 'load_time': 52.1404, 'process_time': 47.8596}
[2020-11-22 15:36:21] INFO: ==> Iteration [  1][  37 /  196]: {'prec_cls': 73.6038, 'loss': 13.0914, 'loss_cls': 0.5985, 'loss_mse': 0.047, 'loss_nce': 12.446, 'load_time': 52.3453, 'process_time': 47.6547}
[2020-11-22 15:36:22] INFO: ==> Iteration [  1][  38 /  196]: {'prec_cls': 73.6521, 'loss': 13.1381, 'loss_cls': 0.5972, 'loss_mse': 0.0464, 'loss_nce': 12.4945, 'load_time': 52.1579, 'process_time': 47.8421}
[2020-11-22 15:36:23] INFO: ==> Iteration [  1][  39 /  196]: {'prec_cls': 73.6892, 'loss': 13.1872, 'loss_cls': 0.5958, 'loss_mse': 0.0458, 'loss_nce': 12.5456, 'load_time': 52.3605, 'process_time': 47.6395}
[2020-11-22 15:36:24] INFO: ==> Iteration [  1][  40 /  196]: {'prec_cls': 73.7292, 'loss': 13.2348, 'loss_cls': 0.5947, 'loss_mse': 0.0453, 'loss_nce': 12.5949, 'load_time': 52.1801, 'process_time': 47.8199}
[2020-11-22 15:36:24] INFO: ==> Iteration [  1][  41 /  196]: {'prec_cls': 73.7674, 'loss': 13.2769, 'loss_cls': 0.5936, 'loss_mse': 0.0448, 'loss_nce': 12.6385, 'load_time': 52.3482, 'process_time': 47.6518}
[2020-11-22 15:36:25] INFO: ==> Iteration [  1][  42 /  196]: {'prec_cls': 73.8118, 'loss': 13.32, 'loss_cls': 0.5923, 'loss_mse': 0.0442, 'loss_nce': 12.6834, 'load_time': 52.1707, 'process_time': 47.8293}
[2020-11-22 15:36:26] INFO: ==> Iteration [  1][  43 /  196]: {'prec_cls': 73.8554, 'loss': 13.355, 'loss_cls': 0.5912, 'loss_mse': 0.0437, 'loss_nce': 12.72, 'load_time': 52.3391, 'process_time': 47.6609}
[2020-11-22 15:36:27] INFO: ==> Iteration [  1][  44 /  196]: {'prec_cls': 73.8858, 'loss': 13.388, 'loss_cls': 0.5902, 'loss_mse': 0.0433, 'loss_nce': 12.7545, 'load_time': 52.1724, 'process_time': 47.8276}
[2020-11-22 15:36:28] INFO: ==> Iteration [  1][  45 /  196]: {'prec_cls': 73.9149, 'loss': 13.4242, 'loss_cls': 0.5892, 'loss_mse': 0.0429, 'loss_nce': 12.7921, 'load_time': 52.3178, 'process_time': 47.6822}
[2020-11-22 15:36:28] INFO: ==> Iteration [  1][  46 /  196]: {'prec_cls': 73.947, 'loss': 13.4616, 'loss_cls': 0.5883, 'loss_mse': 0.0425, 'loss_nce': 12.8309, 'load_time': 52.1508, 'process_time': 47.8492}
[2020-11-22 15:36:29] INFO: ==> Iteration [  1][  47 /  196]: {'prec_cls': 73.9767, 'loss': 13.4973, 'loss_cls': 0.5874, 'loss_mse': 0.0421, 'loss_nce': 12.8678, 'load_time': 52.3115, 'process_time': 47.6885}
[2020-11-22 15:36:30] INFO: ==> Iteration [  1][  48 /  196]: {'prec_cls': 74.0153, 'loss': 13.5313, 'loss_cls': 0.5865, 'loss_mse': 0.0416, 'loss_nce': 12.9032, 'load_time': 52.1651, 'process_time': 47.8349}
[2020-11-22 15:36:31] INFO: ==> Iteration [  1][  49 /  196]: {'prec_cls': 74.0454, 'loss': 13.5672, 'loss_cls': 0.5857, 'loss_mse': 0.0413, 'loss_nce': 12.9402, 'load_time': 52.3251, 'process_time': 47.6749}
[2020-11-22 15:36:32] INFO: ==> Iteration [  1][  50 /  196]: {'prec_cls': 74.0791, 'loss': 13.597, 'loss_cls': 0.5849, 'loss_mse': 0.0409, 'loss_nce': 12.9712, 'load_time': 52.1859, 'process_time': 47.8141}
[2020-11-22 15:36:32] INFO: ==> Iteration [  1][  51 /  196]: {'prec_cls': 74.0924, 'loss': 13.6307, 'loss_cls': 0.5842, 'loss_mse': 0.0406, 'loss_nce': 13.0059, 'load_time': 52.3426, 'process_time': 47.6574}
[2020-11-22 15:36:33] INFO: ==> Iteration [  1][  52 /  196]: {'prec_cls': 74.1267, 'loss': 13.6665, 'loss_cls': 0.5834, 'loss_mse': 0.0402, 'loss_nce': 13.0429, 'load_time': 52.2072, 'process_time': 47.7928}
[2020-11-22 15:36:34] INFO: ==> Iteration [  1][  53 /  196]: {'prec_cls': 74.146, 'loss': 13.6984, 'loss_cls': 0.5827, 'loss_mse': 0.0399, 'loss_nce': 13.0757, 'load_time': 52.358, 'process_time': 47.642}
[2020-11-22 15:36:35] INFO: ==> Iteration [  1][  54 /  196]: {'prec_cls': 74.1573, 'loss': 13.731, 'loss_cls': 0.5821, 'loss_mse': 0.0396, 'loss_nce': 13.1092, 'load_time': 52.2254, 'process_time': 47.7746}
[2020-11-22 15:36:35] INFO: ==> Iteration [  1][  55 /  196]: {'prec_cls': 74.1708, 'loss': 13.7655, 'loss_cls': 0.5815, 'loss_mse': 0.0394, 'loss_nce': 13.1446, 'load_time': 52.3622, 'process_time': 47.6378}
[2020-11-22 15:36:36] INFO: ==> Iteration [  1][  56 /  196]: {'prec_cls': 74.19, 'loss': 13.7945, 'loss_cls': 0.5808, 'loss_mse': 0.0391, 'loss_nce': 13.1745, 'load_time': 52.1719, 'process_time': 47.8281}
[2020-11-22 15:36:37] INFO: ==> Iteration [  1][  57 /  196]: {'prec_cls': 74.2025, 'loss': 13.8245, 'loss_cls': 0.5803, 'loss_mse': 0.0388, 'loss_nce': 13.2054, 'load_time': 52.2999, 'process_time': 47.7001}
[2020-11-22 15:36:38] INFO: ==> Iteration [  1][  58 /  196]: {'prec_cls': 74.2204, 'loss': 13.8564, 'loss_cls': 0.5797, 'loss_mse': 0.0386, 'loss_nce': 13.2382, 'load_time': 52.1781, 'process_time': 47.8219}
[2020-11-22 15:36:38] INFO: ==> Iteration [  1][  59 /  196]: {'prec_cls': 74.2444, 'loss': 13.884, 'loss_cls': 0.579, 'loss_mse': 0.0383, 'loss_nce': 13.2667, 'load_time': 52.3416, 'process_time': 47.6584}
[2020-11-22 15:36:39] INFO: ==> Iteration [  1][  60 /  196]: {'prec_cls': 74.2603, 'loss': 13.9133, 'loss_cls': 0.5784, 'loss_mse': 0.0381, 'loss_nce': 13.2969, 'load_time': 52.2232, 'process_time': 47.7768}
[2020-11-22 15:36:40] INFO: ==> Iteration [  1][  61 /  196]: {'prec_cls': 74.2804, 'loss': 13.943, 'loss_cls': 0.578, 'loss_mse': 0.0379, 'loss_nce': 13.3271, 'load_time': 52.3562, 'process_time': 47.6438}
[2020-11-22 15:36:41] INFO: ==> Iteration [  1][  62 /  196]: {'prec_cls': 74.2928, 'loss': 13.9737, 'loss_cls': 0.5776, 'loss_mse': 0.0377, 'loss_nce': 13.3584, 'load_time': 52.2422, 'process_time': 47.7578}
[2020-11-22 15:36:42] INFO: ==> Iteration [  1][  63 /  196]: {'prec_cls': 74.3102, 'loss': 14.0018, 'loss_cls': 0.577, 'loss_mse': 0.0375, 'loss_nce': 13.3873, 'load_time': 52.3693, 'process_time': 47.6307}
[2020-11-22 15:36:42] INFO: ==> Iteration [  1][  64 /  196]: {'prec_cls': 74.3309, 'loss': 14.0293, 'loss_cls': 0.5765, 'loss_mse': 0.0372, 'loss_nce': 13.4155, 'load_time': 52.2557, 'process_time': 47.7443}
[2020-11-22 15:36:43] INFO: ==> Iteration [  1][  65 /  196]: {'prec_cls': 74.3555, 'loss': 14.0555, 'loss_cls': 0.5758, 'loss_mse': 0.037, 'loss_nce': 13.4426, 'load_time': 52.3989, 'process_time': 47.6011}
[2020-11-22 15:36:44] INFO: ==> Iteration [  1][  66 /  196]: {'prec_cls': 74.3645, 'loss': 14.0838, 'loss_cls': 0.5755, 'loss_mse': 0.0369, 'loss_nce': 13.4714, 'load_time': 52.2885, 'process_time': 47.7115}
[2020-11-22 15:36:45] INFO: ==> Iteration [  1][  67 /  196]: {'prec_cls': 74.3827, 'loss': 14.1113, 'loss_cls': 0.5751, 'loss_mse': 0.0367, 'loss_nce': 13.4995, 'load_time': 52.4303, 'process_time': 47.5697}
[2020-11-22 15:36:46] INFO: ==> Iteration [  1][  68 /  196]: {'prec_cls': 74.3947, 'loss': 14.1352, 'loss_cls': 0.5748, 'loss_mse': 0.0365, 'loss_nce': 13.5239, 'load_time': 52.3221, 'process_time': 47.6779}
[2020-11-22 15:36:46] INFO: ==> Iteration [  1][  69 /  196]: {'prec_cls': 74.4098, 'loss': 14.1616, 'loss_cls': 0.5742, 'loss_mse': 0.0364, 'loss_nce': 13.551, 'load_time': 52.4604, 'process_time': 47.5396}
[2020-11-22 15:36:47] INFO: ==> Iteration [  1][  70 /  196]: {'prec_cls': 74.428, 'loss': 14.1865, 'loss_cls': 0.5737, 'loss_mse': 0.0362, 'loss_nce': 13.5766, 'load_time': 52.3586, 'process_time': 47.6414}
[2020-11-22 15:36:48] INFO: ==> Iteration [  1][  71 /  196]: {'prec_cls': 74.4416, 'loss': 14.2112, 'loss_cls': 0.5734, 'loss_mse': 0.036, 'loss_nce': 13.6018, 'load_time': 52.4903, 'process_time': 47.5097}
[2020-11-22 15:36:49] INFO: ==> Iteration [  1][  72 /  196]: {'prec_cls': 74.452, 'loss': 14.2367, 'loss_cls': 0.573, 'loss_mse': 0.0358, 'loss_nce': 13.6279, 'load_time': 52.4144, 'process_time': 47.5856}
[2020-11-22 15:36:49] INFO: ==> Iteration [  1][  73 /  196]: {'prec_cls': 74.4642, 'loss': 14.2592, 'loss_cls': 0.5725, 'loss_mse': 0.0357, 'loss_nce': 13.651, 'load_time': 52.4857, 'process_time': 47.5143}
[2020-11-22 15:36:50] INFO: ==> Iteration [  1][  74 /  196]: {'prec_cls': 74.4807, 'loss': 14.2863, 'loss_cls': 0.5721, 'loss_mse': 0.0355, 'loss_nce': 13.6786, 'load_time': 52.3878, 'process_time': 47.6122}
[2020-11-22 15:36:51] INFO: ==> Iteration [  1][  75 /  196]: {'prec_cls': 74.4889, 'loss': 14.3086, 'loss_cls': 0.5718, 'loss_mse': 0.0354, 'loss_nce': 13.7014, 'load_time': 52.511, 'process_time': 47.489}
[2020-11-22 15:36:52] INFO: ==> Iteration [  1][  76 /  196]: {'prec_cls': 74.4924, 'loss': 14.3312, 'loss_cls': 0.5716, 'loss_mse': 0.0352, 'loss_nce': 13.7244, 'load_time': 52.4062, 'process_time': 47.5938}
[2020-11-22 15:36:53] INFO: ==> Iteration [  1][  77 /  196]: {'prec_cls': 74.4997, 'loss': 14.35, 'loss_cls': 0.5713, 'loss_mse': 0.0351, 'loss_nce': 13.7436, 'load_time': 52.5288, 'process_time': 47.4712}
[2020-11-22 15:36:53] INFO: ==> Iteration [  1][  78 /  196]: {'prec_cls': 74.508, 'loss': 14.3703, 'loss_cls': 0.571, 'loss_mse': 0.0349, 'loss_nce': 13.7644, 'load_time': 52.435, 'process_time': 47.565}
[2020-11-22 15:36:54] INFO: ==> Iteration [  1][  79 /  196]: {'prec_cls': 74.516, 'loss': 14.3899, 'loss_cls': 0.5708, 'loss_mse': 0.0347, 'loss_nce': 13.7844, 'load_time': 52.5449, 'process_time': 47.4551}
[2020-11-22 15:36:55] INFO: ==> Iteration [  1][  80 /  196]: {'prec_cls': 74.5209, 'loss': 14.4077, 'loss_cls': 0.5705, 'loss_mse': 0.0346, 'loss_nce': 13.8026, 'load_time': 52.4534, 'process_time': 47.5466}
[2020-11-22 15:36:56] INFO: ==> Iteration [  1][  81 /  196]: {'prec_cls': 74.5358, 'loss': 14.4276, 'loss_cls': 0.5701, 'loss_mse': 0.0344, 'loss_nce': 13.823, 'load_time': 52.5703, 'process_time': 47.4297}
[2020-11-22 15:36:57] INFO: ==> Iteration [  1][  82 /  196]: {'prec_cls': 74.5469, 'loss': 14.4455, 'loss_cls': 0.5697, 'loss_mse': 0.0343, 'loss_nce': 13.8415, 'load_time': 52.48, 'process_time': 47.52}
[2020-11-22 15:36:57] INFO: ==> Iteration [  1][  83 /  196]: {'prec_cls': 74.5529, 'loss': 14.4634, 'loss_cls': 0.5694, 'loss_mse': 0.0342, 'loss_nce': 13.8599, 'load_time': 52.5858, 'process_time': 47.4142}
[2020-11-22 15:36:58] INFO: ==> Iteration [  1][  84 /  196]: {'prec_cls': 74.5658, 'loss': 14.479, 'loss_cls': 0.5691, 'loss_mse': 0.034, 'loss_nce': 13.8759, 'load_time': 52.5005, 'process_time': 47.4995}
[2020-11-22 15:36:59] INFO: ==> Iteration [  1][  85 /  196]: {'prec_cls': 74.5697, 'loss': 14.4929, 'loss_cls': 0.5689, 'loss_mse': 0.0339, 'loss_nce': 13.8901, 'load_time': 52.6104, 'process_time': 47.3896}
[2020-11-22 15:37:00] INFO: ==> Iteration [  1][  86 /  196]: {'prec_cls': 74.5793, 'loss': 14.5062, 'loss_cls': 0.5686, 'loss_mse': 0.0338, 'loss_nce': 13.9039, 'load_time': 52.5237, 'process_time': 47.4763}
[2020-11-22 15:37:00] INFO: ==> Iteration [  1][  87 /  196]: {'prec_cls': 74.5875, 'loss': 14.5177, 'loss_cls': 0.5682, 'loss_mse': 0.0337, 'loss_nce': 13.9158, 'load_time': 52.6326, 'process_time': 47.3674}
[2020-11-22 15:37:01] INFO: ==> Iteration [  1][  88 /  196]: {'prec_cls': 74.5961, 'loss': 14.5303, 'loss_cls': 0.568, 'loss_mse': 0.0336, 'loss_nce': 13.9287, 'load_time': 52.5468, 'process_time': 47.4532}
[2020-11-22 15:37:02] INFO: ==> Iteration [  1][  89 /  196]: {'prec_cls': 74.6066, 'loss': 14.5411, 'loss_cls': 0.5677, 'loss_mse': 0.0334, 'loss_nce': 13.9399, 'load_time': 52.63, 'process_time': 47.37}
[2020-11-22 15:37:03] INFO: ==> Iteration [  1][  90 /  196]: {'prec_cls': 74.617, 'loss': 14.5518, 'loss_cls': 0.5676, 'loss_mse': 0.0333, 'loss_nce': 13.9509, 'load_time': 52.546, 'process_time': 47.454}
[2020-11-22 15:37:03] INFO: ==> Iteration [  1][  91 /  196]: {'prec_cls': 74.6228, 'loss': 14.5625, 'loss_cls': 0.5672, 'loss_mse': 0.0332, 'loss_nce': 13.962, 'load_time': 52.6271, 'process_time': 47.3729}
[2020-11-22 15:37:04] INFO: ==> Iteration [  1][  92 /  196]: {'prec_cls': 74.6311, 'loss': 14.5723, 'loss_cls': 0.567, 'loss_mse': 0.0331, 'loss_nce': 13.9722, 'load_time': 52.542, 'process_time': 47.458}
[2020-11-22 15:37:05] INFO: ==> Iteration [  1][  93 /  196]: {'prec_cls': 74.6388, 'loss': 14.5822, 'loss_cls': 0.5668, 'loss_mse': 0.033, 'loss_nce': 13.9824, 'load_time': 52.6228, 'process_time': 47.3772}
[2020-11-22 15:37:06] INFO: ==> Iteration [  1][  94 /  196]: {'prec_cls': 74.6447, 'loss': 14.5913, 'loss_cls': 0.5665, 'loss_mse': 0.0329, 'loss_nce': 13.9919, 'load_time': 52.5338, 'process_time': 47.4662}
[2020-11-22 15:37:07] INFO: ==> Iteration [  1][  95 /  196]: {'prec_cls': 74.6597, 'loss': 14.6006, 'loss_cls': 0.5662, 'loss_mse': 0.0328, 'loss_nce': 14.0016, 'load_time': 52.6125, 'process_time': 47.3875}
[2020-11-22 15:37:08] INFO: ==> Iteration [  1][  96 /  196]: {'prec_cls': 74.6689, 'loss': 14.6102, 'loss_cls': 0.5659, 'loss_mse': 0.0327, 'loss_nce': 14.0116, 'load_time': 52.5331, 'process_time': 47.4669}
[2020-11-22 15:37:08] INFO: ==> Iteration [  1][  97 /  196]: {'prec_cls': 74.6854, 'loss': 14.6191, 'loss_cls': 0.5656, 'loss_mse': 0.0326, 'loss_nce': 14.021, 'load_time': 52.6281, 'process_time': 47.3719}
[2020-11-22 15:37:09] INFO: ==> Iteration [  1][  98 /  196]: {'prec_cls': 74.6931, 'loss': 14.6284, 'loss_cls': 0.5653, 'loss_mse': 0.0325, 'loss_nce': 14.0306, 'load_time': 52.5506, 'process_time': 47.4494}
[2020-11-22 15:37:10] INFO: ==> Iteration [  1][  99 /  196]: {'prec_cls': 74.6986, 'loss': 14.6383, 'loss_cls': 0.5651, 'loss_mse': 0.0324, 'loss_nce': 14.0408, 'load_time': 52.6189, 'process_time': 47.3811}
[2020-11-22 15:37:11] INFO: ==> Iteration [  1][ 100 /  196]: {'prec_cls': 74.7017, 'loss': 14.6474, 'loss_cls': 0.5649, 'loss_mse': 0.0323, 'loss_nce': 14.0502, 'load_time': 52.5459, 'process_time': 47.4541}
[2020-11-22 15:37:11] INFO: ==> Iteration [  1][ 101 /  196]: {'prec_cls': 74.7162, 'loss': 14.6559, 'loss_cls': 0.5646, 'loss_mse': 0.0322, 'loss_nce': 14.0591, 'load_time': 52.6208, 'process_time': 47.3792}
[2020-11-22 15:37:12] INFO: ==> Iteration [  1][ 102 /  196]: {'prec_cls': 74.7262, 'loss': 14.6627, 'loss_cls': 0.5645, 'loss_mse': 0.0321, 'loss_nce': 14.0661, 'load_time': 52.544, 'process_time': 47.456}
[2020-11-22 15:37:13] INFO: ==> Iteration [  1][ 103 /  196]: {'prec_cls': 74.7341, 'loss': 14.6693, 'loss_cls': 0.5642, 'loss_mse': 0.032, 'loss_nce': 14.073, 'load_time': 52.6142, 'process_time': 47.3858}
[2020-11-22 15:37:14] INFO: ==> Iteration [  1][ 104 /  196]: {'prec_cls': 74.7385, 'loss': 14.6783, 'loss_cls': 0.564, 'loss_mse': 0.0319, 'loss_nce': 14.0823, 'load_time': 52.5422, 'process_time': 47.4578}
[2020-11-22 15:37:14] INFO: ==> Iteration [  1][ 105 /  196]: {'prec_cls': 74.7438, 'loss': 14.6857, 'loss_cls': 0.5639, 'loss_mse': 0.0319, 'loss_nce': 14.09, 'load_time': 52.6154, 'process_time': 47.3846}
[2020-11-22 15:37:15] INFO: ==> Iteration [  1][ 106 /  196]: {'prec_cls': 74.7485, 'loss': 14.6916, 'loss_cls': 0.5637, 'loss_mse': 0.0318, 'loss_nce': 14.0961, 'load_time': 52.5386, 'process_time': 47.4614}
[2020-11-22 15:37:16] INFO: ==> Iteration [  1][ 107 /  196]: {'prec_cls': 74.7504, 'loss': 14.699, 'loss_cls': 0.5636, 'loss_mse': 0.0317, 'loss_nce': 14.1037, 'load_time': 52.6263, 'process_time': 47.3737}
[2020-11-22 15:37:17] INFO: ==> Iteration [  1][ 108 /  196]: {'prec_cls': 74.7541, 'loss': 14.7044, 'loss_cls': 0.5634, 'loss_mse': 0.0315, 'loss_nce': 14.1094, 'load_time': 52.5564, 'process_time': 47.4436}
[2020-11-22 15:37:17] INFO: ==> Iteration [  1][ 109 /  196]: {'prec_cls': 74.7554, 'loss': 14.7129, 'loss_cls': 0.5633, 'loss_mse': 0.0315, 'loss_nce': 14.1181, 'load_time': 52.6255, 'process_time': 47.3745}
[2020-11-22 15:37:18] INFO: ==> Iteration [  1][ 110 /  196]: {'prec_cls': 74.7607, 'loss': 14.721, 'loss_cls': 0.5632, 'loss_mse': 0.0313, 'loss_nce': 14.1265, 'load_time': 52.557, 'process_time': 47.443}
[2020-11-22 15:37:19] INFO: ==> Iteration [  1][ 111 /  196]: {'prec_cls': 74.7655, 'loss': 14.728, 'loss_cls': 0.5629, 'loss_mse': 0.0312, 'loss_nce': 14.1338, 'load_time': 52.6423, 'process_time': 47.3577}
[2020-11-22 15:37:20] INFO: ==> Iteration [  1][ 112 /  196]: {'prec_cls': 74.7685, 'loss': 14.7336, 'loss_cls': 0.5628, 'loss_mse': 0.0311, 'loss_nce': 14.1397, 'load_time': 52.5767, 'process_time': 47.4233}
[2020-11-22 15:37:21] INFO: ==> Iteration [  1][ 113 /  196]: {'prec_cls': 74.7714, 'loss': 14.7407, 'loss_cls': 0.5627, 'loss_mse': 0.031, 'loss_nce': 14.147, 'load_time': 52.6591, 'process_time': 47.3409}
[2020-11-22 15:37:22] INFO: ==> Iteration [  1][ 114 /  196]: {'prec_cls': 74.7751, 'loss': 14.7469, 'loss_cls': 0.5625, 'loss_mse': 0.0309, 'loss_nce': 14.1535, 'load_time': 52.5933, 'process_time': 47.4067}
[2020-11-22 15:37:22] INFO: ==> Iteration [  1][ 115 /  196]: {'prec_cls': 74.7779, 'loss': 14.7533, 'loss_cls': 0.5624, 'loss_mse': 0.0308, 'loss_nce': 14.1601, 'load_time': 52.66, 'process_time': 47.34}
[2020-11-22 15:37:23] INFO: ==> Iteration [  1][ 116 /  196]: {'prec_cls': 74.7807, 'loss': 14.7616, 'loss_cls': 0.5622, 'loss_mse': 0.0307, 'loss_nce': 14.1687, 'load_time': 52.564, 'process_time': 47.436}
[2020-11-22 15:37:24] INFO: ==> Iteration [  1][ 117 /  196]: {'prec_cls': 74.7826, 'loss': 14.7692, 'loss_cls': 0.5621, 'loss_mse': 0.0306, 'loss_nce': 14.1765, 'load_time': 52.63, 'process_time': 47.37}
[2020-11-22 15:37:25] INFO: ==> Iteration [  1][ 118 /  196]: {'prec_cls': 74.7943, 'loss': 14.7778, 'loss_cls': 0.5619, 'loss_mse': 0.0305, 'loss_nce': 14.1854, 'load_time': 52.5681, 'process_time': 47.4319}
[2020-11-22 15:37:25] INFO: ==> Iteration [  1][ 119 /  196]: {'prec_cls': 74.8022, 'loss': 14.7864, 'loss_cls': 0.5618, 'loss_mse': 0.0304, 'loss_nce': 14.1943, 'load_time': 52.6468, 'process_time': 47.3532}
[2020-11-22 15:37:26] INFO: ==> Iteration [  1][ 120 /  196]: {'prec_cls': 74.8088, 'loss': 14.7957, 'loss_cls': 0.5617, 'loss_mse': 0.0302, 'loss_nce': 14.2038, 'load_time': 52.585, 'process_time': 47.415}
[2020-11-22 15:37:27] INFO: ==> Iteration [  1][ 121 /  196]: {'prec_cls': 74.812, 'loss': 14.805, 'loss_cls': 0.5615, 'loss_mse': 0.0301, 'loss_nce': 14.2133, 'load_time': 52.6489, 'process_time': 47.3511}
[2020-11-22 15:37:28] INFO: ==> Iteration [  1][ 122 /  196]: {'prec_cls': 74.8211, 'loss': 14.8139, 'loss_cls': 0.5614, 'loss_mse': 0.03, 'loss_nce': 14.2224, 'load_time': 52.5879, 'process_time': 47.4121}
[2020-11-22 15:37:28] INFO: ==> Iteration [  1][ 123 /  196]: {'prec_cls': 74.8285, 'loss': 14.8237, 'loss_cls': 0.5612, 'loss_mse': 0.0299, 'loss_nce': 14.2325, 'load_time': 52.6634, 'process_time': 47.3366}
[2020-11-22 15:37:29] INFO: ==> Iteration [  1][ 124 /  196]: {'prec_cls': 74.835, 'loss': 14.833, 'loss_cls': 0.5611, 'loss_mse': 0.0299, 'loss_nce': 14.2421, 'load_time': 52.6031, 'process_time': 47.3969}
[2020-11-22 15:37:30] INFO: ==> Iteration [  1][ 125 /  196]: {'prec_cls': 74.8422, 'loss': 14.8422, 'loss_cls': 0.5609, 'loss_mse': 0.0298, 'loss_nce': 14.2515, 'load_time': 52.6722, 'process_time': 47.3278}
[2020-11-22 15:37:31] INFO: ==> Iteration [  1][ 126 /  196]: {'prec_cls': 74.8504, 'loss': 14.8501, 'loss_cls': 0.5607, 'loss_mse': 0.0297, 'loss_nce': 14.2597, 'load_time': 52.6125, 'process_time': 47.3875}
[2020-11-22 15:37:32] INFO: ==> Iteration [  1][ 127 /  196]: {'prec_cls': 74.8551, 'loss': 14.8582, 'loss_cls': 0.5606, 'loss_mse': 0.0296, 'loss_nce': 14.268, 'load_time': 52.6854, 'process_time': 47.3146}
[2020-11-22 15:37:32] INFO: ==> Iteration [  1][ 128 /  196]: {'prec_cls': 74.8608, 'loss': 14.8658, 'loss_cls': 0.5604, 'loss_mse': 0.0295, 'loss_nce': 14.2758, 'load_time': 52.6259, 'process_time': 47.3741}
[2020-11-22 15:37:33] INFO: ==> Iteration [  1][ 129 /  196]: {'prec_cls': 74.869, 'loss': 14.874, 'loss_cls': 0.5603, 'loss_mse': 0.0294, 'loss_nce': 14.2842, 'load_time': 52.698, 'process_time': 47.302}
[2020-11-22 15:37:34] INFO: ==> Iteration [  1][ 130 /  196]: {'prec_cls': 74.8753, 'loss': 14.8827, 'loss_cls': 0.5602, 'loss_mse': 0.0294, 'loss_nce': 14.2932, 'load_time': 52.6401, 'process_time': 47.3599}
[2020-11-22 15:37:35] INFO: ==> Iteration [  1][ 131 /  196]: {'prec_cls': 74.88, 'loss': 14.8901, 'loss_cls': 0.56, 'loss_mse': 0.0293, 'loss_nce': 14.3007, 'load_time': 52.7103, 'process_time': 47.2897}
[2020-11-22 15:37:36] INFO: ==> Iteration [  1][ 132 /  196]: {'prec_cls': 74.8809, 'loss': 14.897, 'loss_cls': 0.56, 'loss_mse': 0.0293, 'loss_nce': 14.3077, 'load_time': 52.652, 'process_time': 47.348}
[2020-11-22 15:37:36] INFO: ==> Iteration [  1][ 133 /  196]: {'prec_cls': 74.8844, 'loss': 14.9063, 'loss_cls': 0.5599, 'loss_mse': 0.0293, 'loss_nce': 14.3171, 'load_time': 52.7223, 'process_time': 47.2777}
[2020-11-22 15:37:37] INFO: ==> Iteration [  1][ 134 /  196]: {'prec_cls': 74.8878, 'loss': 14.9151, 'loss_cls': 0.5598, 'loss_mse': 0.0293, 'loss_nce': 14.3261, 'load_time': 52.6154, 'process_time': 47.3846}
[2020-11-22 15:37:38] INFO: ==> Iteration [  1][ 135 /  196]: {'prec_cls': 74.894, 'loss': 14.9221, 'loss_cls': 0.5596, 'loss_mse': 0.0293, 'loss_nce': 14.3332, 'load_time': 52.6848, 'process_time': 47.3152}
[2020-11-22 15:37:39] INFO: ==> Iteration [  1][ 136 /  196]: {'prec_cls': 74.8977, 'loss': 14.9301, 'loss_cls': 0.5595, 'loss_mse': 0.0293, 'loss_nce': 14.3413, 'load_time': 52.6293, 'process_time': 47.3707}
[2020-11-22 15:37:39] INFO: ==> Iteration [  1][ 137 /  196]: {'prec_cls': 74.9009, 'loss': 14.9389, 'loss_cls': 0.5594, 'loss_mse': 0.0293, 'loss_nce': 14.3502, 'load_time': 52.6962, 'process_time': 47.3038}
[2020-11-22 15:37:40] INFO: ==> Iteration [  1][ 138 /  196]: {'prec_cls': 74.9041, 'loss': 14.9474, 'loss_cls': 0.5593, 'loss_mse': 0.0293, 'loss_nce': 14.3588, 'load_time': 52.6418, 'process_time': 47.3582}
[2020-11-22 15:37:41] INFO: ==> Iteration [  1][ 139 /  196]: {'prec_cls': 74.9055, 'loss': 14.9564, 'loss_cls': 0.5592, 'loss_mse': 0.0293, 'loss_nce': 14.3679, 'load_time': 52.7031, 'process_time': 47.2969}
[2020-11-22 15:37:42] INFO: ==> Iteration [  1][ 140 /  196]: {'prec_cls': 74.9062, 'loss': 14.9653, 'loss_cls': 0.5591, 'loss_mse': 0.0294, 'loss_nce': 14.3769, 'load_time': 52.5923, 'process_time': 47.4077}
[2020-11-22 15:37:43] INFO: ==> Iteration [  1][ 141 /  196]: {'prec_cls': 74.9093, 'loss': 14.9759, 'loss_cls': 0.559, 'loss_mse': 0.0294, 'loss_nce': 14.3875, 'load_time': 52.6584, 'process_time': 47.3416}
[2020-11-22 15:37:43] INFO: ==> Iteration [  1][ 142 /  196]: {'prec_cls': 74.9133, 'loss': 14.9867, 'loss_cls': 0.5589, 'loss_mse': 0.0294, 'loss_nce': 14.3985, 'load_time': 52.606, 'process_time': 47.394}
[2020-11-22 15:37:44] INFO: ==> Iteration [  1][ 143 /  196]: {'prec_cls': 74.9153, 'loss': 14.9974, 'loss_cls': 0.5588, 'loss_mse': 0.0293, 'loss_nce': 14.4092, 'load_time': 52.6705, 'process_time': 47.3295}
[2020-11-22 15:37:45] INFO: ==> Iteration [  1][ 144 /  196]: {'prec_cls': 74.919, 'loss': 15.0079, 'loss_cls': 0.5587, 'loss_mse': 0.0293, 'loss_nce': 14.4199, 'load_time': 52.6185, 'process_time': 47.3815}
[2020-11-22 15:37:46] INFO: ==> Iteration [  1][ 145 /  196]: {'prec_cls': 74.9182, 'loss': 15.0195, 'loss_cls': 0.5586, 'loss_mse': 0.0293, 'loss_nce': 14.4317, 'load_time': 52.6823, 'process_time': 47.3177}
[2020-11-22 15:37:47] INFO: ==> Iteration [  1][ 146 /  196]: {'prec_cls': 74.9244, 'loss': 15.0313, 'loss_cls': 0.5584, 'loss_mse': 0.0293, 'loss_nce': 14.4437, 'load_time': 52.6302, 'process_time': 47.3698}
[2020-11-22 15:37:47] INFO: ==> Iteration [  1][ 147 /  196]: {'prec_cls': 74.9273, 'loss': 15.0421, 'loss_cls': 0.5583, 'loss_mse': 0.0292, 'loss_nce': 14.4546, 'load_time': 52.6935, 'process_time': 47.3065}
[2020-11-22 15:37:48] INFO: ==> Iteration [  1][ 148 /  196]: {'prec_cls': 74.9327, 'loss': 15.0541, 'loss_cls': 0.5582, 'loss_mse': 0.0292, 'loss_nce': 14.4668, 'load_time': 52.642, 'process_time': 47.358}
[2020-11-22 15:37:49] INFO: ==> Iteration [  1][ 149 /  196]: {'prec_cls': 74.9368, 'loss': 15.0658, 'loss_cls': 0.558, 'loss_mse': 0.0292, 'loss_nce': 14.4785, 'load_time': 52.6988, 'process_time': 47.3012}
[2020-11-22 15:37:50] INFO: ==> Iteration [  1][ 150 /  196]: {'prec_cls': 74.9427, 'loss': 15.0778, 'loss_cls': 0.5579, 'loss_mse': 0.0292, 'loss_nce': 14.4908, 'load_time': 52.6469, 'process_time': 47.3531}
[2020-11-22 15:37:50] INFO: ==> Iteration [  1][ 151 /  196]: {'prec_cls': 74.9444, 'loss': 15.0885, 'loss_cls': 0.5579, 'loss_mse': 0.0291, 'loss_nce': 14.5015, 'load_time': 52.6963, 'process_time': 47.3037}
[2020-11-22 15:37:51] INFO: ==> Iteration [  1][ 152 /  196]: {'prec_cls': 74.9464, 'loss': 15.0996, 'loss_cls': 0.5577, 'loss_mse': 0.0291, 'loss_nce': 14.5128, 'load_time': 52.6464, 'process_time': 47.3536}
[2020-11-22 15:37:52] INFO: ==> Iteration [  1][ 153 /  196]: {'prec_cls': 74.9473, 'loss': 15.1085, 'loss_cls': 0.5577, 'loss_mse': 0.029, 'loss_nce': 14.5218, 'load_time': 52.6955, 'process_time': 47.3045}
[2020-11-22 15:37:53] INFO: ==> Iteration [  1][ 154 /  196]: {'prec_cls': 74.9534, 'loss': 15.1175, 'loss_cls': 0.5575, 'loss_mse': 0.029, 'loss_nce': 14.531, 'load_time': 52.6454, 'process_time': 47.3546}
[2020-11-22 15:37:53] INFO: ==> Iteration [  1][ 155 /  196]: {'prec_cls': 74.9515, 'loss': 15.1263, 'loss_cls': 0.5575, 'loss_mse': 0.029, 'loss_nce': 14.5398, 'load_time': 52.7046, 'process_time': 47.2954}
[2020-11-22 15:37:54] INFO: ==> Iteration [  1][ 156 /  196]: {'prec_cls': 74.9534, 'loss': 15.1338, 'loss_cls': 0.5574, 'loss_mse': 0.029, 'loss_nce': 14.5474, 'load_time': 52.6548, 'process_time': 47.3452}
[2020-11-22 15:37:55] INFO: ==> Iteration [  1][ 157 /  196]: {'prec_cls': 74.953, 'loss': 15.1412, 'loss_cls': 0.5574, 'loss_mse': 0.029, 'loss_nce': 14.5548, 'load_time': 52.713, 'process_time': 47.287}
[2020-11-22 15:37:56] INFO: ==> Iteration [  1][ 158 /  196]: {'prec_cls': 74.9546, 'loss': 15.1479, 'loss_cls': 0.5573, 'loss_mse': 0.029, 'loss_nce': 14.5616, 'load_time': 52.6664, 'process_time': 47.3336}
[2020-11-22 15:37:56] INFO: ==> Iteration [  1][ 159 /  196]: {'prec_cls': 74.9573, 'loss': 15.1543, 'loss_cls': 0.5573, 'loss_mse': 0.029, 'loss_nce': 14.568, 'load_time': 52.7093, 'process_time': 47.2907}
[2020-11-22 15:37:57] INFO: ==> Iteration [  1][ 160 /  196]: {'prec_cls': 74.9612, 'loss': 15.1597, 'loss_cls': 0.5572, 'loss_mse': 0.029, 'loss_nce': 14.5735, 'load_time': 52.661, 'process_time': 47.339}
[2020-11-22 15:37:58] INFO: ==> Iteration [  1][ 161 /  196]: {'prec_cls': 74.9621, 'loss': 15.1641, 'loss_cls': 0.5571, 'loss_mse': 0.0291, 'loss_nce': 14.5779, 'load_time': 52.7175, 'process_time': 47.2825}
[2020-11-22 15:37:59] INFO: ==> Iteration [  1][ 162 /  196]: {'prec_cls': 74.9638, 'loss': 15.1677, 'loss_cls': 0.557, 'loss_mse': 0.0291, 'loss_nce': 14.5817, 'load_time': 52.6711, 'process_time': 47.3289}
[2020-11-22 15:38:00] INFO: ==> Iteration [  1][ 163 /  196]: {'prec_cls': 74.9676, 'loss': 15.1706, 'loss_cls': 0.5569, 'loss_mse': 0.0291, 'loss_nce': 14.5846, 'load_time': 52.7284, 'process_time': 47.2716}
[2020-11-22 15:38:01] INFO: ==> Iteration [  1][ 164 /  196]: {'prec_cls': 74.9714, 'loss': 15.1711, 'loss_cls': 0.5568, 'loss_mse': 0.0292, 'loss_nce': 14.585, 'load_time': 52.6806, 'process_time': 47.3194}
[2020-11-22 15:38:01] INFO: ==> Iteration [  1][ 165 /  196]: {'prec_cls': 74.9731, 'loss': 15.1716, 'loss_cls': 0.5568, 'loss_mse': 0.0292, 'loss_nce': 14.5856, 'load_time': 52.7255, 'process_time': 47.2745}
[2020-11-22 15:38:02] INFO: ==> Iteration [  1][ 166 /  196]: {'prec_cls': 74.9779, 'loss': 15.1721, 'loss_cls': 0.5567, 'loss_mse': 0.0293, 'loss_nce': 14.5862, 'load_time': 52.6798, 'process_time': 47.3202}
[2020-11-22 15:38:03] INFO: ==> Iteration [  1][ 167 /  196]: {'prec_cls': 74.9772, 'loss': 15.1714, 'loss_cls': 0.5566, 'loss_mse': 0.0293, 'loss_nce': 14.5854, 'load_time': 52.7245, 'process_time': 47.2755}
[2020-11-22 15:38:04] INFO: ==> Iteration [  1][ 168 /  196]: {'prec_cls': 74.9785, 'loss': 15.173, 'loss_cls': 0.5566, 'loss_mse': 0.0294, 'loss_nce': 14.587, 'load_time': 52.6795, 'process_time': 47.3205}
[2020-11-22 15:38:04] INFO: ==> Iteration [  1][ 169 /  196]: {'prec_cls': 74.9809, 'loss': 15.1758, 'loss_cls': 0.5565, 'loss_mse': 0.0295, 'loss_nce': 14.5898, 'load_time': 52.7294, 'process_time': 47.2706}
[2020-11-22 15:38:05] INFO: ==> Iteration [  1][ 170 /  196]: {'prec_cls': 74.9822, 'loss': 15.1803, 'loss_cls': 0.5564, 'loss_mse': 0.0296, 'loss_nce': 14.5942, 'load_time': 52.6843, 'process_time': 47.3157}
[2020-11-22 15:38:06] INFO: ==> Iteration [  1][ 171 /  196]: {'prec_cls': 74.9829, 'loss': 15.1874, 'loss_cls': 0.5564, 'loss_mse': 0.0297, 'loss_nce': 14.6014, 'load_time': 52.738, 'process_time': 47.262}
[2020-11-22 15:38:07] INFO: ==> Iteration [  1][ 172 /  196]: {'prec_cls': 74.9813, 'loss': 15.1946, 'loss_cls': 0.5564, 'loss_mse': 0.0298, 'loss_nce': 14.6085, 'load_time': 52.6936, 'process_time': 47.3064}
[2020-11-22 15:38:07] INFO: ==> Iteration [  1][ 173 /  196]: {'prec_cls': 74.9836, 'loss': 15.2033, 'loss_cls': 0.5563, 'loss_mse': 0.0298, 'loss_nce': 14.6171, 'load_time': 52.7369, 'process_time': 47.2631}
[2020-11-22 15:38:08] INFO: ==> Iteration [  1][ 174 /  196]: {'prec_cls': 74.9851, 'loss': 15.2128, 'loss_cls': 0.5563, 'loss_mse': 0.0299, 'loss_nce': 14.6266, 'load_time': 52.693, 'process_time': 47.307}
[2020-11-22 15:38:09] INFO: ==> Iteration [  1][ 175 /  196]: {'prec_cls': 74.9874, 'loss': 15.2213, 'loss_cls': 0.5562, 'loss_mse': 0.03, 'loss_nce': 14.6351, 'load_time': 52.7448, 'process_time': 47.2552}
[2020-11-22 15:38:10] INFO: ==> Iteration [  1][ 176 /  196]: {'prec_cls': 74.9878, 'loss': 15.2296, 'loss_cls': 0.5562, 'loss_mse': 0.03, 'loss_nce': 14.6434, 'load_time': 52.7004, 'process_time': 47.2996}
[2020-11-22 15:38:11] INFO: ==> Iteration [  1][ 177 /  196]: {'prec_cls': 74.9892, 'loss': 15.2386, 'loss_cls': 0.5561, 'loss_mse': 0.0301, 'loss_nce': 14.6524, 'load_time': 52.7414, 'process_time': 47.2586}
[2020-11-22 15:38:11] INFO: ==> Iteration [  1][ 178 /  196]: {'prec_cls': 74.9879, 'loss': 15.2465, 'loss_cls': 0.5561, 'loss_mse': 0.0302, 'loss_nce': 14.6602, 'load_time': 52.6972, 'process_time': 47.3028}
[2020-11-22 15:38:12] INFO: ==> Iteration [  1][ 179 /  196]: {'prec_cls': 74.988, 'loss': 15.2546, 'loss_cls': 0.5561, 'loss_mse': 0.0302, 'loss_nce': 14.6682, 'load_time': 52.738, 'process_time': 47.262}
[2020-11-22 15:38:13] INFO: ==> Iteration [  1][ 180 /  196]: {'prec_cls': 74.9902, 'loss': 15.262, 'loss_cls': 0.5561, 'loss_mse': 0.0303, 'loss_nce': 14.6756, 'load_time': 52.6947, 'process_time': 47.3053}
[2020-11-22 15:38:14] INFO: ==> Iteration [  1][ 181 /  196]: {'prec_cls': 74.9914, 'loss': 15.2699, 'loss_cls': 0.556, 'loss_mse': 0.0303, 'loss_nce': 14.6835, 'load_time': 52.7426, 'process_time': 47.2574}
[2020-11-22 15:38:14] INFO: ==> Iteration [  1][ 182 /  196]: {'prec_cls': 74.993, 'loss': 15.2775, 'loss_cls': 0.556, 'loss_mse': 0.0304, 'loss_nce': 14.6911, 'load_time': 52.7006, 'process_time': 47.2994}
[2020-11-22 15:38:15] INFO: ==> Iteration [  1][ 183 /  196]: {'prec_cls': 74.9944, 'loss': 15.2871, 'loss_cls': 0.5559, 'loss_mse': 0.0305, 'loss_nce': 14.7007, 'load_time': 52.7503, 'process_time': 47.2497}
[2020-11-22 15:38:16] INFO: ==> Iteration [  1][ 184 /  196]: {'prec_cls': 74.9947, 'loss': 15.2972, 'loss_cls': 0.5559, 'loss_mse': 0.0306, 'loss_nce': 14.7106, 'load_time': 52.7063, 'process_time': 47.2937}
[2020-11-22 15:38:17] INFO: ==> Iteration [  1][ 185 /  196]: {'prec_cls': 74.9945, 'loss': 15.3082, 'loss_cls': 0.5559, 'loss_mse': 0.0306, 'loss_nce': 14.7216, 'load_time': 52.7463, 'process_time': 47.2537}
[2020-11-22 15:38:18] INFO: ==> Iteration [  1][ 186 /  196]: {'prec_cls': 74.9963, 'loss': 15.3202, 'loss_cls': 0.5558, 'loss_mse': 0.0306, 'loss_nce': 14.7337, 'load_time': 52.7026, 'process_time': 47.2974}
[2020-11-22 15:38:18] INFO: ==> Iteration [  1][ 187 /  196]: {'prec_cls': 74.9992, 'loss': 15.3333, 'loss_cls': 0.5558, 'loss_mse': 0.0307, 'loss_nce': 14.7469, 'load_time': 52.751, 'process_time': 47.249}
[2020-11-22 15:38:19] INFO: ==> Iteration [  1][ 188 /  196]: {'prec_cls': 75.0039, 'loss': 15.3458, 'loss_cls': 0.5557, 'loss_mse': 0.0308, 'loss_nce': 14.7593, 'load_time': 52.709, 'process_time': 47.291}
[2020-11-22 15:38:20] INFO: ==> Iteration [  1][ 189 /  196]: {'prec_cls': 75.0034, 'loss': 15.359, 'loss_cls': 0.5557, 'loss_mse': 0.0308, 'loss_nce': 14.7724, 'load_time': 52.7479, 'process_time': 47.2521}
[2020-11-22 15:38:21] INFO: ==> Iteration [  1][ 190 /  196]: {'prec_cls': 75.0067, 'loss': 15.3725, 'loss_cls': 0.5557, 'loss_mse': 0.0308, 'loss_nce': 14.7861, 'load_time': 52.7065, 'process_time': 47.2935}
[2020-11-22 15:38:21] INFO: ==> Iteration [  1][ 191 /  196]: {'prec_cls': 75.0061, 'loss': 15.386, 'loss_cls': 0.5557, 'loss_mse': 0.0309, 'loss_nce': 14.7994, 'load_time': 52.741, 'process_time': 47.259}
[2020-11-22 15:38:22] INFO: ==> Iteration [  1][ 192 /  196]: {'prec_cls': 75.0079, 'loss': 15.3985, 'loss_cls': 0.5557, 'loss_mse': 0.0309, 'loss_nce': 14.8119, 'load_time': 52.7007, 'process_time': 47.2993}
[2020-11-22 15:38:23] INFO: ==> Iteration [  1][ 193 /  196]: {'prec_cls': 75.0086, 'loss': 15.4104, 'loss_cls': 0.5556, 'loss_mse': 0.031, 'loss_nce': 14.8238, 'load_time': 52.7468, 'process_time': 47.2532}
[2020-11-22 15:38:24] INFO: ==> Iteration [  1][ 194 /  196]: {'prec_cls': 75.0116, 'loss': 15.4215, 'loss_cls': 0.5556, 'loss_mse': 0.031, 'loss_nce': 14.835, 'load_time': 52.7065, 'process_time': 47.2935}
[2020-11-22 15:38:24] INFO: ==> Iteration [  1][ 195 /  196]: {'prec_cls': 75.014, 'loss': 15.4328, 'loss_cls': 0.5555, 'loss_mse': 0.0309, 'loss_nce': 14.8463, 'load_time': 52.7284, 'process_time': 47.2716}
[2020-11-22 15:38:25] INFO: ==> Iteration [  1][ 196 /  196]: {'prec_cls': 75.0163, 'loss': 15.4425, 'loss_cls': 0.5555, 'loss_mse': 0.031, 'loss_nce': 14.856, 'load_time': 52.7041, 'process_time': 47.2959}
[2020-11-22 15:38:25] INFO: ==> Training stats: {'prec_cls': 75.0163, 'loss': 15.4425, 'loss_cls': 0.5555, 'loss_mse': 0.031, 'loss_nce': 14.856, 'load_time': 52.7041, 'process_time': 47.2959}
[2020-11-22 15:38:27] INFO: 

[2020-11-22 15:38:27] INFO: Evaluating: ImageNet_Decoupling_AlexNet
[2020-11-22 15:38:27] INFO: ==> Dataset: imagenet_val [10000 images]
[2020-11-22 15:38:27] INFO: ==> Iteration steps in one epoch: 20 [batch size 512]
[2020-11-22 15:38:44] INFO: ==> Results: {'prec_rot': 76.0979, 'prec_inv': 75.0, 'loss_rot': 0.5314, 'loss_inv': 0.8572, 'load_time': 51.3583, 'process_time': 48.6417}
[2020-11-22 15:38:44] INFO: ==> Evaluation stats: {'prec_rot': 76.0979, 'prec_inv': 75.0, 'loss_rot': 0.5314, 'loss_inv': 0.8572, 'load_time': 51.3583, 'process_time': 48.6417}
[2020-11-22 15:38:44] INFO: 

[2020-11-22 15:38:44] INFO: Training epoch [  2 / 2000]
[2020-11-22 15:38:44] INFO: ==> Set to feature optimizer lr = 0.0100000000
[2020-11-22 15:38:44] INFO: ==> Set to classifier optimizer lr = 0.0100000000
[2020-11-22 15:38:44] INFO: ==> Set to norm optimizer lr = 0.0100000000
[2020-11-22 15:38:44] INFO: Training: ImageNet_Decoupling_AlexNet
[2020-11-22 15:38:44] INFO: ==> Dataset: imagenet_train [100000 images]
[2020-11-22 15:38:44] INFO: ==> Iteration steps in one epoch: 196 [batch size 512]
[2020-11-22 15:38:46] INFO: ==> Iteration [  2][   1 /  196]: {'prec_cls': 75.5859, 'loss': 15.5795, 'loss_cls': 0.5442, 'loss_mse': 0.0312, 'loss_nce': 15.0041, 'load_time': 34.2319, 'process_time': 65.7681}
[2020-11-22 15:38:47] INFO: ==> Iteration [  2][   2 /  196]: {'prec_cls': 75.415, 'loss': 15.4997, 'loss_cls': 0.5445, 'loss_mse': 0.0302, 'loss_nce': 14.925, 'load_time': 46.6976, 'process_time': 53.3024}
[2020-11-22 15:38:48] INFO: ==> Iteration [  2][   3 /  196]: {'prec_cls': 75.6022, 'loss': 15.5902, 'loss_cls': 0.5433, 'loss_mse': 0.0301, 'loss_nce': 15.0168, 'load_time': 46.1812, 'process_time': 53.8188}
[2020-11-22 15:38:48] INFO: ==> Iteration [  2][   4 /  196]: {'prec_cls': 75.5981, 'loss': 15.4986, 'loss_cls': 0.5447, 'loss_mse': 0.0279, 'loss_nce': 14.926, 'load_time': 49.5355, 'process_time': 50.4645}
[2020-11-22 15:38:49] INFO: ==> Iteration [  2][   5 /  196]: {'prec_cls': 75.498, 'loss': 15.4693, 'loss_cls': 0.5444, 'loss_mse': 0.0277, 'loss_nce': 14.8972, 'load_time': 48.6549, 'process_time': 51.3451}
[2020-11-22 15:38:50] INFO: ==> Iteration [  2][   6 /  196]: {'prec_cls': 75.4883, 'loss': 15.4424, 'loss_cls': 0.5445, 'loss_mse': 0.0284, 'loss_nce': 14.8695, 'load_time': 50.4391, 'process_time': 49.5609}
[2020-11-22 15:38:51] INFO: ==> Iteration [  2][   7 /  196]: {'prec_cls': 75.4674, 'loss': 15.3997, 'loss_cls': 0.5446, 'loss_mse': 0.0279, 'loss_nce': 14.8272, 'load_time': 49.5621, 'process_time': 50.4379}
[2020-11-22 15:38:52] INFO: ==> Iteration [  2][   8 /  196]: {'prec_cls': 75.4272, 'loss': 15.4008, 'loss_cls': 0.5458, 'loss_mse': 0.0276, 'loss_nce': 14.8274, 'load_time': 50.7323, 'process_time': 49.2677}
[2020-11-22 15:38:53] INFO: ==> Iteration [  2][   9 /  196]: {'prec_cls': 75.4286, 'loss': 15.3256, 'loss_cls': 0.5462, 'loss_mse': 0.0273, 'loss_nce': 14.7521, 'load_time': 50.1209, 'process_time': 49.8791}
[2020-11-22 15:38:53] INFO: ==> Iteration [  2][  10 /  196]: {'prec_cls': 75.4736, 'loss': 15.3038, 'loss_cls': 0.5465, 'loss_mse': 0.0271, 'loss_nce': 14.7301, 'load_time': 51.0568, 'process_time': 48.9432}
[2020-11-22 15:38:54] INFO: ==> Iteration [  2][  11 /  196]: {'prec_cls': 75.4395, 'loss': 15.2531, 'loss_cls': 0.5462, 'loss_mse': 0.0268, 'loss_nce': 14.6801, 'load_time': 50.4935, 'process_time': 49.5065}
[2020-11-22 15:38:55] INFO: ==> Iteration [  2][  12 /  196]: {'prec_cls': 75.4069, 'loss': 15.1799, 'loss_cls': 0.5464, 'loss_mse': 0.0264, 'loss_nce': 14.6071, 'load_time': 51.2696, 'process_time': 48.7304}
[2020-11-22 15:38:56] INFO: ==> Iteration [  2][  13 /  196]: {'prec_cls': 75.3869, 'loss': 15.1466, 'loss_cls': 0.5469, 'loss_mse': 0.0269, 'loss_nce': 14.5728, 'load_time': 50.7966, 'process_time': 49.2034}
[2020-11-22 15:38:57] INFO: ==> Iteration [  2][  14 /  196]: {'prec_cls': 75.3592, 'loss': 15.1055, 'loss_cls': 0.5473, 'loss_mse': 0.0276, 'loss_nce': 14.5306, 'load_time': 51.4682, 'process_time': 48.5318}
[2020-11-22 15:38:57] INFO: ==> Iteration [  2][  15 /  196]: {'prec_cls': 75.3418, 'loss': 15.0714, 'loss_cls': 0.5476, 'loss_mse': 0.0283, 'loss_nce': 14.4955, 'load_time': 51.0503, 'process_time': 48.9497}
[2020-11-22 15:38:58] INFO: ==> Iteration [  2][  16 /  196]: {'prec_cls': 75.3174, 'loss': 15.0631, 'loss_cls': 0.5478, 'loss_mse': 0.0292, 'loss_nce': 14.486, 'load_time': 51.568, 'process_time': 48.432}
[2020-11-22 15:38:59] INFO: ==> Iteration [  2][  17 /  196]: {'prec_cls': 75.3073, 'loss': 15.0688, 'loss_cls': 0.5479, 'loss_mse': 0.0314, 'loss_nce': 14.4895, 'load_time': 51.1891, 'process_time': 48.8109}
[2020-11-22 15:39:00] INFO: ==> Iteration [  2][  18 /  196]: {'prec_cls': 75.2848, 'loss': 15.0602, 'loss_cls': 0.5482, 'loss_mse': 0.0331, 'loss_nce': 14.4789, 'load_time': 51.5996, 'process_time': 48.4004}
[2020-11-22 15:39:01] INFO: ==> Iteration [  2][  19 /  196]: {'prec_cls': 75.2673, 'loss': 15.0718, 'loss_cls': 0.5487, 'loss_mse': 0.0341, 'loss_nce': 14.489, 'load_time': 51.2312, 'process_time': 48.7688}
[2020-11-22 15:39:01] INFO: ==> Iteration [  2][  20 /  196]: {'prec_cls': 75.2637, 'loss': 15.0969, 'loss_cls': 0.5488, 'loss_mse': 0.0346, 'loss_nce': 14.5135, 'load_time': 51.6569, 'process_time': 48.3431}
[2020-11-22 15:39:02] INFO: ==> Iteration [  2][  21 /  196]: {'prec_cls': 75.2604, 'loss': 15.1223, 'loss_cls': 0.5488, 'loss_mse': 0.0352, 'loss_nce': 14.5383, 'load_time': 51.3571, 'process_time': 48.6429}
[2020-11-22 15:39:03] INFO: ==> Iteration [  2][  22 /  196]: {'prec_cls': 75.2486, 'loss': 15.1528, 'loss_cls': 0.5489, 'loss_mse': 0.0356, 'loss_nce': 14.5683, 'load_time': 51.7226, 'process_time': 48.2774}
[2020-11-22 15:39:04] INFO: ==> Iteration [  2][  23 /  196]: {'prec_cls': 75.2399, 'loss': 15.1808, 'loss_cls': 0.5489, 'loss_mse': 0.036, 'loss_nce': 14.5958, 'load_time': 51.4388, 'process_time': 48.5612}
[2020-11-22 15:39:04] INFO: ==> Iteration [  2][  24 /  196]: {'prec_cls': 75.2136, 'loss': 15.2184, 'loss_cls': 0.5494, 'loss_mse': 0.0364, 'loss_nce': 14.6325, 'load_time': 51.7064, 'process_time': 48.2936}
[2020-11-22 15:39:05] INFO: ==> Iteration [  2][  25 /  196]: {'prec_cls': 75.2031, 'loss': 15.2429, 'loss_cls': 0.5495, 'loss_mse': 0.0368, 'loss_nce': 14.6567, 'load_time': 51.4588, 'process_time': 48.5412}
[2020-11-22 15:39:06] INFO: ==> Iteration [  2][  26 /  196]: {'prec_cls': 75.2178, 'loss': 15.286, 'loss_cls': 0.5492, 'loss_mse': 0.0371, 'loss_nce': 14.6997, 'load_time': 51.7681, 'process_time': 48.2319}
[2020-11-22 15:39:07] INFO: ==> Iteration [  2][  27 /  196]: {'prec_cls': 75.2279, 'loss': 15.3365, 'loss_cls': 0.5493, 'loss_mse': 0.0373, 'loss_nce': 14.7498, 'load_time': 51.5256, 'process_time': 48.4744}
[2020-11-22 15:39:08] INFO: ==> Iteration [  2][  28 /  196]: {'prec_cls': 75.2215, 'loss': 15.3843, 'loss_cls': 0.5493, 'loss_mse': 0.0374, 'loss_nce': 14.7975, 'load_time': 51.8138, 'process_time': 48.1862}
[2020-11-22 15:39:09] INFO: ==> Iteration [  2][  29 /  196]: {'prec_cls': 75.2206, 'loss': 15.4144, 'loss_cls': 0.5493, 'loss_mse': 0.0376, 'loss_nce': 14.8275, 'load_time': 51.5927, 'process_time': 48.4073}
[2020-11-22 15:39:09] INFO: ==> Iteration [  2][  30 /  196]: {'prec_cls': 75.2376, 'loss': 15.4482, 'loss_cls': 0.5489, 'loss_mse': 0.0379, 'loss_nce': 14.8614, 'load_time': 51.912, 'process_time': 48.088}
[2020-11-22 15:39:10] INFO: ==> Iteration [  2][  31 /  196]: {'prec_cls': 75.2441, 'loss': 15.4779, 'loss_cls': 0.5487, 'loss_mse': 0.0382, 'loss_nce': 14.8909, 'load_time': 51.6836, 'process_time': 48.3164}
[2020-11-22 15:39:11] INFO: ==> Iteration [  2][  32 /  196]: {'prec_cls': 75.2518, 'loss': 15.51, 'loss_cls': 0.5486, 'loss_mse': 0.0385, 'loss_nce': 14.9228, 'load_time': 51.9427, 'process_time': 48.0573}
[2020-11-22 15:39:12] INFO: ==> Iteration [  2][  33 /  196]: {'prec_cls': 75.2575, 'loss': 15.5341, 'loss_cls': 0.5486, 'loss_mse': 0.0385, 'loss_nce': 14.9471, 'load_time': 51.7435, 'process_time': 48.2565}
[2020-11-22 15:39:12] INFO: ==> Iteration [  2][  34 /  196]: {'prec_cls': 75.2614, 'loss': 15.549, 'loss_cls': 0.5484, 'loss_mse': 0.0386, 'loss_nce': 14.962, 'load_time': 51.9664, 'process_time': 48.0336}
[2020-11-22 15:39:13] INFO: ==> Iteration [  2][  35 /  196]: {'prec_cls': 75.2665, 'loss': 15.5704, 'loss_cls': 0.5484, 'loss_mse': 0.0385, 'loss_nce': 14.9835, 'load_time': 51.7835, 'process_time': 48.2165}
[2020-11-22 15:39:14] INFO: ==> Iteration [  2][  36 /  196]: {'prec_cls': 75.2658, 'loss': 15.5813, 'loss_cls': 0.5482, 'loss_mse': 0.0384, 'loss_nce': 14.9946, 'load_time': 51.983, 'process_time': 48.017}
[2020-11-22 15:39:15] INFO: ==> Iteration [  2][  37 /  196]: {'prec_cls': 75.2732, 'loss': 15.593, 'loss_cls': 0.5482, 'loss_mse': 0.0384, 'loss_nce': 15.0064, 'load_time': 51.7794, 'process_time': 48.2206}
