[2020-11-22 15:22:56] INFO: Algorithm options {'data_train_opt': {'batch_size': 512, 'unsupervised': True, 'random_sized_crop': True, 'dataset_name': 'imagenet', 'split': 'train'}, 'data_test_opt': {'batch_size': 512, 'unsupervised': True, 'random_sized_crop': False, 'dataset_name': 'imagenet', 'split': 'val'}, 'max_num_epochs': 200, 'networks': {'feature': {'def_file': 'architectures/AlexNetFeature.py', 'pretrained': None, 'opt': {}, 'optim_params': {'optim_type': 'sgd', 'lr': 0.1, 'momentum': 0.9, 'weight_decay': 0.0005, 'nesterov': True, 'LUT_lr': [(90, 0.01), (130, 0.001), (190, 0.0001), (210, 1e-05), (230, 0.0001), (245, 1e-05)]}}, 'classifier': {'def_file': 'architectures/AlexNetClassifier.py', 'pretrained': None, 'opt': {'num_classes': 2}, 'optim_params': {'optim_type': 'sgd', 'lr': 0.1, 'momentum': 0.9, 'weight_decay': 0.0005, 'nesterov': True, 'LUT_lr': [(90, 0.01), (130, 0.001), (190, 0.0001), (210, 1e-05), (230, 0.0001), (245, 1e-05)]}}, 'norm': {'def_file': 'architectures/LinearTransformationNorm.py', 'pretrained': None, 'opt': {'low_dim': 128, 'num_feat': 2048}, 'optim_params': {'optim_type': 'sgd', 'lr': 0.1, 'momentum': 0.9, 'weight_decay': 0.0005, 'nesterov': True, 'LUT_lr': [(90, 0.01), (130, 0.001), (190, 0.0001), (210, 1e-05), (230, 0.0001), (245, 1e-05)]}}}, 'criterions': {'loss_cls': {'ctype': 'CrossEntropyLoss', 'opt': {'reduce': False}}, 'loss_mse': {'ctype': 'MSELoss', 'opt': None}, 'nce_average': {'ctype': 'NCEAverage', 'opt': {'def_file': 'architectures/NCEAverage.py', 'net_opt': {'low_dim': 128, 'ndata': 1281167, 'nce_k': 4096, 'nce_t': 0.07, 'nce_m': 0.5}}}, 'nce_criterion': {'ctype': 'NCECriterion', 'opt': {'def_file': 'architectures/NCECriterion.py', 'net_opt': {'ndata': 1281167}}}}, 'lambda_loss': {'cls': 1.0, 'mse': 1.0, 'nce': 1.0}, 'gama': 2, 'algorithm_type': 'DecouplingModel', 'exp_dir': '../_experiments/ImageNet_Decoupling_AlexNet', 'disp_step': 1}
[2020-11-22 15:22:56] INFO: Set network feature
[2020-11-22 15:22:56] INFO: ==> Initiliaze network feature from file architectures/AlexNetFeature.py with opts: {}
[2020-11-22 15:22:56] INFO: Set network classifier
[2020-11-22 15:22:56] INFO: ==> Initiliaze network classifier from file architectures/AlexNetClassifier.py with opts: {'num_classes': 2}
[2020-11-22 15:22:56] INFO: Set network norm
[2020-11-22 15:22:56] INFO: ==> Initiliaze network norm from file architectures/LinearTransformationNorm.py with opts: {'low_dim': 128, 'num_feat': 2048}
[2020-11-22 15:22:56] INFO: Initialize criterion[loss_cls]: CrossEntropyLoss with options: {'reduce': False}
[2020-11-22 15:22:56] INFO: Initialize criterion[loss_mse]: MSELoss with options: None
[2020-11-22 15:22:56] INFO: Initialize criterion[nce_average]: NCEAverage with options: {'def_file': 'architectures/NCEAverage.py', 'net_opt': {'low_dim': 128, 'ndata': 1281167, 'nce_k': 4096, 'nce_t': 0.07, 'nce_m': 0.5}}
[2020-11-22 15:23:20] INFO: Initialize criterion[nce_criterion]: NCECriterion with options: {'def_file': 'architectures/NCECriterion.py', 'net_opt': {'ndata': 1281167}}
[2020-11-22 15:23:20] INFO: ==> Initiliaze network NCECriterion from file architectures/NCECriterion.py with opts: {'ndata': 1281167}
[2020-11-22 15:23:26] INFO: Initialize optimizer: sgd with params: {'optim_type': 'sgd', 'lr': 0.1, 'momentum': 0.9, 'weight_decay': 0.0005, 'nesterov': True, 'LUT_lr': [(90, 0.01), (130, 0.001), (190, 0.0001), (210, 1e-05), (230, 0.0001), (245, 1e-05)]} for network: feature
[2020-11-22 15:23:26] INFO: Initialize optimizer: sgd with params: {'optim_type': 'sgd', 'lr': 0.1, 'momentum': 0.9, 'weight_decay': 0.0005, 'nesterov': True, 'LUT_lr': [(90, 0.01), (130, 0.001), (190, 0.0001), (210, 1e-05), (230, 0.0001), (245, 1e-05)]} for network: classifier
[2020-11-22 15:23:26] INFO: Initialize optimizer: sgd with params: {'optim_type': 'sgd', 'lr': 0.1, 'momentum': 0.9, 'weight_decay': 0.0005, 'nesterov': True, 'LUT_lr': [(90, 0.01), (130, 0.001), (190, 0.0001), (210, 1e-05), (230, 0.0001), (245, 1e-05)]} for network: norm
[2020-11-22 15:23:26] INFO: 

[2020-11-22 15:23:26] INFO: Training epoch [  1 / 200]
[2020-11-22 15:23:26] INFO: ==> Set to feature optimizer lr = 0.0100000000
[2020-11-22 15:23:26] INFO: ==> Set to classifier optimizer lr = 0.0100000000
[2020-11-22 15:23:26] INFO: ==> Set to norm optimizer lr = 0.0100000000
[2020-11-22 15:23:26] INFO: Training: ImageNet_Decoupling_AlexNet
[2020-11-22 15:23:26] INFO: ==> Dataset: imagenet_train [100000 images]
[2020-11-22 15:23:26] INFO: ==> Iteration steps in one epoch: 196 [batch size 512]
