[2020-12-05 00:15:51] INFO: Algorithm options {'data_train_opt': {'batch_size': 512, 'unsupervised': False, 'random_sized_crop': False, 'dataset_name': 'imagenet', 'split': 'train'}, 'data_test_opt': {'batch_size': 512, 'unsupervised': False, 'random_sized_crop': False, 'dataset_name': 'imagenet', 'split': 'val'}, 'max_num_epochs': 65, 'networks': {'feat_extractor': {'def_file': 'architectures/AlexNetFeature.py', 'pretrained': '../_experiments/ImageNet_Decoupling_AlexNet_dropout_binrotv2/feature_net_epoch200', 'opt': {}, 'optim_params': None}, 'classifier': {'def_file': 'architectures/MultipleLinearClassifiers.py', 'pretrained': None, 'opt': [{'pool_type': 'max', 'nChannels': 64, 'pool_size': 12, 'num_classes': 1000}, {'pool_type': 'max', 'nChannels': 192, 'pool_size': 7, 'num_classes': 1000}, {'pool_type': 'max', 'nChannels': 384, 'pool_size': 5, 'num_classes': 1000}, {'pool_type': 'max', 'nChannels': 256, 'pool_size': 6, 'num_classes': 1000}, {'pool_type': 'max', 'nChannels': 256, 'pool_size': 6, 'num_classes': 1000}], 'optim_params': {'optim_type': 'sgd', 'lr': 0.1, 'momentum': 0.9, 'weight_decay': 0.0005, 'nesterov': True, 'LUT_lr': [(5, 0.01), (25, 0.002), (45, 0.0004), (65, 8e-05)]}}}, 'criterions': {'loss': {'ctype': 'CrossEntropyLoss', 'opt': None}}, 'algorithm_type': 'FeatureClassificationModel', 'out_feat_keys': ['conv1', 'conv2', 'conv3', 'conv4', 'conv5'], 'exp_dir': '../_experiments/ImageNet_LinearClassifiers_ImageNet_Decoupling_AlexNet_Features', 'disp_step': 1}
[2020-12-05 00:15:51] INFO: Set network feat_extractor
[2020-12-05 00:15:51] INFO: ==> Initiliaze network feat_extractor from file architectures/AlexNetFeature.py with opts: {}
[2020-12-05 00:15:52] INFO: ==> Load pretrained parameters from file ../_experiments/ImageNet_Decoupling_AlexNet_dropout_binrotv2/feature_net_epoch200:
[2020-12-05 00:15:56] INFO: ==> Network keys in pre-trained file ../_experiments/ImageNet_Decoupling_AlexNet_dropout_binrotv2/feature_net_epoch200 contain "module"
[2020-12-05 00:15:56] INFO: Set network classifier
[2020-12-05 00:15:56] INFO: ==> Initiliaze network classifier from file architectures/MultipleLinearClassifiers.py with opts: [{'pool_type': 'max', 'nChannels': 64, 'pool_size': 12, 'num_classes': 1000}, {'pool_type': 'max', 'nChannels': 192, 'pool_size': 7, 'num_classes': 1000}, {'pool_type': 'max', 'nChannels': 384, 'pool_size': 5, 'num_classes': 1000}, {'pool_type': 'max', 'nChannels': 256, 'pool_size': 6, 'num_classes': 1000}, {'pool_type': 'max', 'nChannels': 256, 'pool_size': 6, 'num_classes': 1000}]
[2020-12-05 00:15:56] INFO: Initialize criterion[loss]: CrossEntropyLoss with options: None
[2020-12-05 00:15:57] INFO: Initialize optimizer: sgd with params: {'optim_type': 'sgd', 'lr': 0.1, 'momentum': 0.9, 'weight_decay': 0.0005, 'nesterov': True, 'LUT_lr': [(5, 0.01), (25, 0.002), (45, 0.0004), (65, 8e-05)]} for network: classifier
[2020-12-05 00:15:57] INFO: 

[2020-12-05 00:15:57] INFO: Training epoch [  1 /  65]
[2020-12-05 00:15:57] INFO: ==> Set to classifier optimizer lr = 0.0100000000
[2020-12-05 00:15:57] INFO: Training: ImageNet_LinearClassifiers_ImageNet_Decoupling_AlexNet_Features
[2020-12-05 00:15:57] INFO: ==> Dataset: imagenet_train [100000 images]
[2020-12-05 00:15:57] INFO: ==> Iteration steps in one epoch: 196 [batch size 512]
[2020-12-05 00:16:01] INFO: ==> Iteration [  1][   1 /  196]: {'prec1_conv1': 0.1953, 'prec1_conv2': 0.1953, 'prec1_conv3': 0.0, 'prec1_conv4': 0.1953, 'prec1_conv5': 0.0, 'loss': 71.7088, 'load_time': 39.3496, 'process_time': 60.6504}
[2020-12-05 00:16:01] INFO: ==> Iteration [  1][   2 /  196]: {'prec1_conv1': 0.0977, 'prec1_conv2': 0.0977, 'prec1_conv3': 0.0, 'prec1_conv4': 0.1953, 'prec1_conv5': 0.0977, 'loss': 71.5907, 'load_time': 57.9523, 'process_time': 42.0477}
[2020-12-05 00:16:01] INFO: ==> Iteration [  1][   3 /  196]: {'prec1_conv1': 0.1953, 'prec1_conv2': 0.1302, 'prec1_conv3': 0.0, 'prec1_conv4': 0.1302, 'prec1_conv5': 0.1302, 'loss': 71.0774, 'load_time': 64.4406, 'process_time': 35.5594}
[2020-12-05 00:16:02] INFO: ==> Iteration [  1][   4 /  196]: {'prec1_conv1': 0.1465, 'prec1_conv2': 0.0977, 'prec1_conv3': 0.0, 'prec1_conv4': 0.0977, 'prec1_conv5': 0.1465, 'loss': 70.8068, 'load_time': 67.7247, 'process_time': 32.2753}
[2020-12-05 00:16:03] INFO: ==> Iteration [  1][   5 /  196]: {'prec1_conv1': 0.1562, 'prec1_conv2': 0.0781, 'prec1_conv3': 0.0, 'prec1_conv4': 0.0781, 'prec1_conv5': 0.1562, 'loss': 70.2718, 'load_time': 69.6656, 'process_time': 30.3344}
[2020-12-05 00:16:03] INFO: ==> Iteration [  1][   6 /  196]: {'prec1_conv1': 0.2279, 'prec1_conv2': 0.1302, 'prec1_conv3': 0.0326, 'prec1_conv4': 0.0651, 'prec1_conv5': 0.1628, 'loss': 69.6723, 'load_time': 71.0897, 'process_time': 28.9103}
[2020-12-05 00:16:04] INFO: ==> Iteration [  1][   7 /  196]: {'prec1_conv1': 0.2511, 'prec1_conv2': 0.1674, 'prec1_conv3': 0.0837, 'prec1_conv4': 0.0558, 'prec1_conv5': 0.1395, 'loss': 69.1715, 'load_time': 72.2083, 'process_time': 27.7917}
[2020-12-05 00:16:04] INFO: ==> Iteration [  1][   8 /  196]: {'prec1_conv1': 0.2441, 'prec1_conv2': 0.2197, 'prec1_conv3': 0.0977, 'prec1_conv4': 0.0732, 'prec1_conv5': 0.1221, 'loss': 68.6077, 'load_time': 72.9843, 'process_time': 27.0157}
[2020-12-05 00:16:06] INFO: ==> Iteration [  1][   9 /  196]: {'prec1_conv1': 0.217, 'prec1_conv2': 0.2604, 'prec1_conv3': 0.1736, 'prec1_conv4': 0.1302, 'prec1_conv5': 0.1302, 'loss': 68.1008, 'load_time': 73.5158, 'process_time': 26.4842}
[2020-12-05 00:16:06] INFO: ==> Iteration [  1][  10 /  196]: {'prec1_conv1': 0.2734, 'prec1_conv2': 0.3516, 'prec1_conv3': 0.2539, 'prec1_conv4': 0.2344, 'prec1_conv5': 0.1758, 'loss': 67.4562, 'load_time': 73.981, 'process_time': 26.019}
[2020-12-05 00:16:06] INFO: ==> Iteration [  1][  11 /  196]: {'prec1_conv1': 0.3018, 'prec1_conv2': 0.3551, 'prec1_conv3': 0.3018, 'prec1_conv4': 0.3018, 'prec1_conv5': 0.1953, 'loss': 66.8452, 'load_time': 74.2824, 'process_time': 25.7176}
[2020-12-05 00:16:07] INFO: ==> Iteration [  1][  12 /  196]: {'prec1_conv1': 0.3255, 'prec1_conv2': 0.3418, 'prec1_conv3': 0.3418, 'prec1_conv4': 0.3743, 'prec1_conv5': 0.2116, 'loss': 66.1786, 'load_time': 74.6743, 'process_time': 25.3257}
[2020-12-05 00:16:08] INFO: ==> Iteration [  1][  13 /  196]: {'prec1_conv1': 0.3756, 'prec1_conv2': 0.4507, 'prec1_conv3': 0.4507, 'prec1_conv4': 0.4207, 'prec1_conv5': 0.2704, 'loss': 65.5617, 'load_time': 74.8774, 'process_time': 25.1226}
[2020-12-05 00:16:09] INFO: ==> Iteration [  1][  14 /  196]: {'prec1_conv1': 0.5022, 'prec1_conv2': 0.4743, 'prec1_conv3': 0.5162, 'prec1_conv4': 0.4325, 'prec1_conv5': 0.293, 'loss': 64.8858, 'load_time': 75.1028, 'process_time': 24.8972}
[2020-12-05 00:16:09] INFO: ==> Iteration [  1][  15 /  196]: {'prec1_conv1': 0.5469, 'prec1_conv2': 0.599, 'prec1_conv3': 0.5859, 'prec1_conv4': 0.5078, 'prec1_conv5': 0.3255, 'loss': 64.2463, 'load_time': 75.3703, 'process_time': 24.6297}
[2020-12-05 00:16:09] INFO: ==> Iteration [  1][  16 /  196]: {'prec1_conv1': 0.6104, 'prec1_conv2': 0.7324, 'prec1_conv3': 0.6958, 'prec1_conv4': 0.6226, 'prec1_conv5': 0.3662, 'loss': 63.6234, 'load_time': 75.5702, 'process_time': 24.4298}
[2020-12-05 00:16:11] INFO: ==> Iteration [  1][  17 /  196]: {'prec1_conv1': 0.7123, 'prec1_conv2': 0.8617, 'prec1_conv3': 0.8272, 'prec1_conv4': 0.7008, 'prec1_conv5': 0.471, 'loss': 63.0407, 'load_time': 75.7278, 'process_time': 24.2722}
[2020-12-05 00:16:11] INFO: ==> Iteration [  1][  18 /  196]: {'prec1_conv1': 0.7921, 'prec1_conv2': 0.9223, 'prec1_conv3': 0.9115, 'prec1_conv4': 0.727, 'prec1_conv5': 0.4883, 'loss': 62.4254, 'load_time': 75.8818, 'process_time': 24.1182}
[2020-12-05 00:16:12] INFO: ==> Iteration [  1][  19 /  196]: {'prec1_conv1': 0.8738, 'prec1_conv2': 0.9971, 'prec1_conv3': 1.028, 'prec1_conv4': 0.8018, 'prec1_conv5': 0.5962, 'loss': 61.7951, 'load_time': 76.0537, 'process_time': 23.9463}
[2020-12-05 00:16:12] INFO: ==> Iteration [  1][  20 /  196]: {'prec1_conv1': 0.8984, 'prec1_conv2': 1.0938, 'prec1_conv3': 1.1816, 'prec1_conv4': 0.8984, 'prec1_conv5': 0.7031, 'loss': 61.2084, 'load_time': 76.1627, 'process_time': 23.8373}
[2020-12-05 00:16:13] INFO: ==> Iteration [  1][  21 /  196]: {'prec1_conv1': 1.0231, 'prec1_conv2': 1.1719, 'prec1_conv3': 1.3486, 'prec1_conv4': 1.0045, 'prec1_conv5': 0.7999, 'loss': 60.5828, 'load_time': 76.2494, 'process_time': 23.7506}
[2020-12-05 00:16:14] INFO: ==> Iteration [  1][  22 /  196]: {'prec1_conv1': 1.092, 'prec1_conv2': 1.2074, 'prec1_conv3': 1.456, 'prec1_conv4': 1.1275, 'prec1_conv5': 0.8789, 'loss': 60.0495, 'load_time': 76.3348, 'process_time': 23.6652}
[2020-12-05 00:16:14] INFO: ==> Iteration [  1][  23 /  196]: {'prec1_conv1': 1.1549, 'prec1_conv2': 1.2568, 'prec1_conv3': 1.588, 'prec1_conv4': 1.2313, 'prec1_conv5': 0.9851, 'loss': 59.5315, 'load_time': 76.4081, 'process_time': 23.5919}
[2020-12-05 00:16:14] INFO: ==> Iteration [  1][  24 /  196]: {'prec1_conv1': 1.1882, 'prec1_conv2': 1.3428, 'prec1_conv3': 1.7578, 'prec1_conv4': 1.359, 'prec1_conv5': 1.0254, 'loss': 59.0569, 'load_time': 76.4918, 'process_time': 23.5082}
[2020-12-05 00:16:15] INFO: ==> Iteration [  1][  25 /  196]: {'prec1_conv1': 1.2422, 'prec1_conv2': 1.4297, 'prec1_conv3': 1.8359, 'prec1_conv4': 1.4453, 'prec1_conv5': 1.1562, 'loss': 58.5682, 'load_time': 76.5663, 'process_time': 23.4337}
[2020-12-05 00:16:16] INFO: ==> Iteration [  1][  26 /  196]: {'prec1_conv1': 1.2921, 'prec1_conv2': 1.5024, 'prec1_conv3': 1.9381, 'prec1_conv4': 1.6001, 'prec1_conv5': 1.3071, 'loss': 58.134, 'load_time': 76.6275, 'process_time': 23.3725}
[2020-12-05 00:16:16] INFO: ==> Iteration [  1][  27 /  196]: {'prec1_conv1': 1.3527, 'prec1_conv2': 1.5625, 'prec1_conv3': 2.0399, 'prec1_conv4': 1.6855, 'prec1_conv5': 1.3744, 'loss': 57.6646, 'load_time': 76.7318, 'process_time': 23.2682}
[2020-12-05 00:16:16] INFO: ==> Iteration [  1][  28 /  196]: {'prec1_conv1': 1.4718, 'prec1_conv2': 1.6811, 'prec1_conv3': 2.2252, 'prec1_conv4': 1.7997, 'prec1_conv5': 1.423, 'loss': 57.1938, 'load_time': 76.7887, 'process_time': 23.2113}
[2020-12-05 00:16:18] INFO: ==> Iteration [  1][  29 /  196]: {'prec1_conv1': 1.5558, 'prec1_conv2': 1.7443, 'prec1_conv3': 2.2899, 'prec1_conv4': 1.906, 'prec1_conv5': 1.5086, 'loss': 56.7714, 'load_time': 76.8344, 'process_time': 23.1656}
[2020-12-05 00:16:18] INFO: ==> Iteration [  1][  30 /  196]: {'prec1_conv1': 1.6081, 'prec1_conv2': 1.7839, 'prec1_conv3': 2.3568, 'prec1_conv4': 1.9857, 'prec1_conv5': 1.6276, 'loss': 56.3991, 'load_time': 76.9146, 'process_time': 23.0854}
[2020-12-05 00:16:18] INFO: ==> Iteration [  1][  31 /  196]: {'prec1_conv1': 1.6633, 'prec1_conv2': 1.846, 'prec1_conv3': 2.5202, 'prec1_conv4': 2.0602, 'prec1_conv5': 1.7263, 'loss': 55.9874, 'load_time': 77.0003, 'process_time': 22.9997}
[2020-12-05 00:16:19] INFO: ==> Iteration [  1][  32 /  196]: {'prec1_conv1': 1.7334, 'prec1_conv2': 1.9714, 'prec1_conv3': 2.6489, 'prec1_conv4': 2.1729, 'prec1_conv5': 1.8555, 'loss': 55.6088, 'load_time': 77.0414, 'process_time': 22.9586}
[2020-12-05 00:16:20] INFO: ==> Iteration [  1][  33 /  196]: {'prec1_conv1': 1.8052, 'prec1_conv2': 2.0419, 'prec1_conv3': 2.758, 'prec1_conv4': 2.2846, 'prec1_conv5': 2.0182, 'loss': 55.2152, 'load_time': 77.0587, 'process_time': 22.9413}
[2020-12-05 00:16:20] INFO: ==> Iteration [  1][  34 /  196]: {'prec1_conv1': 1.8784, 'prec1_conv2': 2.0795, 'prec1_conv3': 2.7918, 'prec1_conv4': 2.3438, 'prec1_conv5': 2.1427, 'loss': 54.8699, 'load_time': 77.1306, 'process_time': 22.8694}
[2020-12-05 00:16:20] INFO: ==> Iteration [  1][  35 /  196]: {'prec1_conv1': 1.9252, 'prec1_conv2': 2.1931, 'prec1_conv3': 2.8962, 'prec1_conv4': 2.4107, 'prec1_conv5': 2.2768, 'loss': 54.5001, 'load_time': 77.1385, 'process_time': 22.8615}
[2020-12-05 00:16:21] INFO: ==> Iteration [  1][  36 /  196]: {'prec1_conv1': 2.0074, 'prec1_conv2': 2.2298, 'prec1_conv3': 3.0436, 'prec1_conv4': 2.4957, 'prec1_conv5': 2.36, 'loss': 54.1681, 'load_time': 77.2014, 'process_time': 22.7986}
[2020-12-05 00:16:22] INFO: ==> Iteration [  1][  37 /  196]: {'prec1_conv1': 2.0798, 'prec1_conv2': 2.291, 'prec1_conv3': 3.1831, 'prec1_conv4': 2.613, 'prec1_conv5': 2.5179, 'loss': 53.8335, 'load_time': 77.2267, 'process_time': 22.7733}
[2020-12-05 00:16:22] INFO: ==> Iteration [  1][  38 /  196]: {'prec1_conv1': 2.1433, 'prec1_conv2': 2.3232, 'prec1_conv3': 3.2843, 'prec1_conv4': 2.7292, 'prec1_conv5': 2.6059, 'loss': 53.5341, 'load_time': 77.2727, 'process_time': 22.7273}
[2020-12-05 00:16:23] INFO: ==> Iteration [  1][  39 /  196]: {'prec1_conv1': 2.2386, 'prec1_conv2': 2.4539, 'prec1_conv3': 3.3253, 'prec1_conv4': 2.8195, 'prec1_conv5': 2.7744, 'loss': 53.2407, 'load_time': 77.3132, 'process_time': 22.6868}
[2020-12-05 00:16:23] INFO: ==> Iteration [  1][  40 /  196]: {'prec1_conv1': 2.2803, 'prec1_conv2': 2.5244, 'prec1_conv3': 3.374, 'prec1_conv4': 2.9053, 'prec1_conv5': 2.8613, 'loss': 52.9417, 'load_time': 77.3291, 'process_time': 22.6709}
[2020-12-05 00:16:24] INFO: ==> Iteration [  1][  41 /  196]: {'prec1_conv1': 2.358, 'prec1_conv2': 2.5915, 'prec1_conv3': 3.4775, 'prec1_conv4': 3.0059, 'prec1_conv5': 2.9106, 'loss': 52.6296, 'load_time': 77.3478, 'process_time': 22.6522}
[2020-12-05 00:16:24] INFO: ==> Iteration [  1][  42 /  196]: {'prec1_conv1': 2.4414, 'prec1_conv2': 2.6274, 'prec1_conv3': 3.5621, 'prec1_conv4': 3.1064, 'prec1_conv5': 2.9855, 'loss': 52.3539, 'load_time': 77.394, 'process_time': 22.606}
[2020-12-05 00:16:25] INFO: ==> Iteration [  1][  43 /  196]: {'prec1_conv1': 2.5164, 'prec1_conv2': 2.6708, 'prec1_conv3': 3.6519, 'prec1_conv4': 3.1704, 'prec1_conv5': 3.075, 'loss': 52.1003, 'load_time': 77.4311, 'process_time': 22.5689}
[2020-12-05 00:16:25] INFO: ==> Iteration [  1][  44 /  196]: {'prec1_conv1': 2.5968, 'prec1_conv2': 2.7743, 'prec1_conv3': 3.7642, 'prec1_conv4': 3.2759, 'prec1_conv5': 3.1783, 'loss': 51.8074, 'load_time': 77.4585, 'process_time': 22.5415}
[2020-12-05 00:16:26] INFO: ==> Iteration [  1][  45 /  196]: {'prec1_conv1': 2.6302, 'prec1_conv2': 2.8429, 'prec1_conv3': 3.8411, 'prec1_conv4': 3.3767, 'prec1_conv5': 3.2682, 'loss': 51.5622, 'load_time': 77.4673, 'process_time': 22.5327}
[2020-12-05 00:16:27] INFO: ==> Iteration [  1][  46 /  196]: {'prec1_conv1': 2.7089, 'prec1_conv2': 2.9382, 'prec1_conv3': 3.9062, 'prec1_conv4': 3.4774, 'prec1_conv5': 3.3288, 'loss': 51.311, 'load_time': 77.5099, 'process_time': 22.4901}
[2020-12-05 00:16:27] INFO: ==> Iteration [  1][  47 /  196]: {'prec1_conv1': 2.7676, 'prec1_conv2': 3.0086, 'prec1_conv3': 3.9894, 'prec1_conv4': 3.5738, 'prec1_conv5': 3.4242, 'loss': 51.0429, 'load_time': 77.5363, 'process_time': 22.4637}
[2020-12-05 00:16:27] INFO: ==> Iteration [  1][  48 /  196]: {'prec1_conv1': 2.8117, 'prec1_conv2': 3.0762, 'prec1_conv3': 4.1016, 'prec1_conv4': 3.6499, 'prec1_conv5': 3.5116, 'loss': 50.8211, 'load_time': 77.5494, 'process_time': 22.4506}
[2020-12-05 00:16:29] INFO: ==> Iteration [  1][  49 /  196]: {'prec1_conv1': 2.8858, 'prec1_conv2': 3.113, 'prec1_conv3': 4.1574, 'prec1_conv4': 3.7229, 'prec1_conv5': 3.6392, 'loss': 50.5883, 'load_time': 77.5606, 'process_time': 22.4394}
[2020-12-05 00:16:29] INFO: ==> Iteration [  1][  50 /  196]: {'prec1_conv1': 2.9062, 'prec1_conv2': 3.1641, 'prec1_conv3': 4.1953, 'prec1_conv4': 3.8359, 'prec1_conv5': 3.707, 'loss': 50.3603, 'load_time': 77.5965, 'process_time': 22.4035}
[2020-12-05 00:16:29] INFO: ==> Iteration [  1][  51 /  196]: {'prec1_conv1': 2.9565, 'prec1_conv2': 3.2322, 'prec1_conv3': 4.3007, 'prec1_conv4': 3.9062, 'prec1_conv5': 3.8565, 'loss': 50.1067, 'load_time': 77.6128, 'process_time': 22.3872}
[2020-12-05 00:16:29] INFO: ==> Iteration [  1][  52 /  196]: {'prec1_conv1': 2.9823, 'prec1_conv2': 3.279, 'prec1_conv3': 4.3758, 'prec1_conv4': 3.9851, 'prec1_conv5': 3.9701, 'loss': 49.868, 'load_time': 77.6549, 'process_time': 22.3451}
[2020-12-05 00:16:31] INFO: ==> Iteration [  1][  53 /  196]: {'prec1_conv1': 3.0255, 'prec1_conv2': 3.383, 'prec1_conv3': 4.4664, 'prec1_conv4': 4.0684, 'prec1_conv5': 4.1052, 'loss': 49.6123, 'load_time': 77.6605, 'process_time': 22.3395}
[2020-12-05 00:16:31] INFO: ==> Iteration [  1][  54 /  196]: {'prec1_conv1': 3.0563, 'prec1_conv2': 3.4469, 'prec1_conv3': 4.5428, 'prec1_conv4': 4.1667, 'prec1_conv5': 4.1848, 'loss': 49.3963, 'load_time': 77.6879, 'process_time': 22.3121}
[2020-12-05 00:16:31] INFO: ==> Iteration [  1][  55 /  196]: {'prec1_conv1': 3.0717, 'prec1_conv2': 3.5014, 'prec1_conv3': 4.6165, 'prec1_conv4': 4.2259, 'prec1_conv5': 4.2685, 'loss': 49.1972, 'load_time': 77.7069, 'process_time': 22.2931}
[2020-12-05 00:16:32] INFO: ==> Iteration [  1][  56 /  196]: {'prec1_conv1': 3.1145, 'prec1_conv2': 3.5505, 'prec1_conv3': 4.677, 'prec1_conv4': 4.3283, 'prec1_conv5': 4.3701, 'loss': 48.963, 'load_time': 77.7199, 'process_time': 22.2801}
[2020-12-05 00:16:33] INFO: ==> Iteration [  1][  57 /  196]: {'prec1_conv1': 3.1284, 'prec1_conv2': 3.6047, 'prec1_conv3': 4.7595, 'prec1_conv4': 4.3688, 'prec1_conv5': 4.4751, 'loss': 48.7846, 'load_time': 77.7287, 'process_time': 22.2713}
[2020-12-05 00:16:33] INFO: ==> Iteration [  1][  58 /  196]: {'prec1_conv1': 3.1688, 'prec1_conv2': 3.6638, 'prec1_conv3': 4.8424, 'prec1_conv4': 4.472, 'prec1_conv5': 4.5663, 'loss': 48.5843, 'load_time': 77.7566, 'process_time': 22.2434}
[2020-12-05 00:16:33] INFO: ==> Iteration [  1][  59 /  196]: {'prec1_conv1': 3.1945, 'prec1_conv2': 3.7043, 'prec1_conv3': 4.9126, 'prec1_conv4': 4.5352, 'prec1_conv5': 4.6743, 'loss': 48.3959, 'load_time': 77.7676, 'process_time': 22.2324}
[2020-12-05 00:16:34] INFO: ==> Iteration [  1][  60 /  196]: {'prec1_conv1': 3.2389, 'prec1_conv2': 3.7858, 'prec1_conv3': 4.9935, 'prec1_conv4': 4.5898, 'prec1_conv5': 4.7884, 'loss': 48.2063, 'load_time': 77.7919, 'process_time': 22.2081}
[2020-12-05 00:16:35] INFO: ==> Iteration [  1][  61 /  196]: {'prec1_conv1': 3.2659, 'prec1_conv2': 3.8518, 'prec1_conv3': 5.1005, 'prec1_conv4': 4.6555, 'prec1_conv5': 4.8828, 'loss': 48.0069, 'load_time': 77.7961, 'process_time': 22.2039}
[2020-12-05 00:16:35] INFO: ==> Iteration [  1][  62 /  196]: {'prec1_conv1': 3.3077, 'prec1_conv2': 3.9062, 'prec1_conv3': 5.1632, 'prec1_conv4': 4.7442, 'prec1_conv5': 4.9931, 'loss': 47.815, 'load_time': 77.812, 'process_time': 22.188}
[2020-12-05 00:16:35] INFO: ==> Iteration [  1][  63 /  196]: {'prec1_conv1': 3.3389, 'prec1_conv2': 3.9342, 'prec1_conv3': 5.2083, 'prec1_conv4': 4.7774, 'prec1_conv5': 5.0285, 'loss': 47.6668, 'load_time': 77.8272, 'process_time': 22.1728}
[2020-12-05 00:16:36] INFO: ==> Iteration [  1][  64 /  196]: {'prec1_conv1': 3.3661, 'prec1_conv2': 3.9764, 'prec1_conv3': 5.2704, 'prec1_conv4': 4.8584, 'prec1_conv5': 5.127, 'loss': 47.4914, 'load_time': 77.8263, 'process_time': 22.1737}
[2020-12-05 00:16:37] INFO: ==> Iteration [  1][  65 /  196]: {'prec1_conv1': 3.4315, 'prec1_conv2': 4.0204, 'prec1_conv3': 5.3456, 'prec1_conv4': 4.9369, 'prec1_conv5': 5.1983, 'loss': 47.3275, 'load_time': 77.8335, 'process_time': 22.1665}
[2020-12-05 00:16:37] INFO: ==> Iteration [  1][  66 /  196]: {'prec1_conv1': 3.4683, 'prec1_conv2': 4.0838, 'prec1_conv3': 5.4184, 'prec1_conv4': 5.0367, 'prec1_conv5': 5.3119, 'loss': 47.1472, 'load_time': 77.853, 'process_time': 22.147}
[2020-12-05 00:16:38] INFO: ==> Iteration [  1][  67 /  196]: {'prec1_conv1': 3.4894, 'prec1_conv2': 4.0899, 'prec1_conv3': 5.4571, 'prec1_conv4': 5.0665, 'prec1_conv5': 5.3609, 'loss': 47.0131, 'load_time': 77.8731, 'process_time': 22.1269}
[2020-12-05 00:16:38] INFO: ==> Iteration [  1][  68 /  196]: {'prec1_conv1': 3.53, 'prec1_conv2': 4.1131, 'prec1_conv3': 5.5291, 'prec1_conv4': 5.1356, 'prec1_conv5': 5.4257, 'loss': 46.8467, 'load_time': 77.8776, 'process_time': 22.1224}
[2020-12-05 00:16:39] INFO: ==> Iteration [  1][  69 /  196]: {'prec1_conv1': 3.5524, 'prec1_conv2': 4.1299, 'prec1_conv3': 5.5707, 'prec1_conv4': 5.1998, 'prec1_conv5': 5.4744, 'loss': 46.6835, 'load_time': 77.884, 'process_time': 22.116}
[2020-12-05 00:16:40] INFO: ==> Iteration [  1][  70 /  196]: {'prec1_conv1': 3.6161, 'prec1_conv2': 4.1797, 'prec1_conv3': 5.6501, 'prec1_conv4': 5.2679, 'prec1_conv5': 5.5497, 'loss': 46.5328, 'load_time': 77.8957, 'process_time': 22.1043}
[2020-12-05 00:16:40] INFO: ==> Iteration [  1][  71 /  196]: {'prec1_conv1': 3.6752, 'prec1_conv2': 4.2309, 'prec1_conv3': 5.6888, 'prec1_conv4': 5.3395, 'prec1_conv5': 5.6118, 'loss': 46.3684, 'load_time': 77.9043, 'process_time': 22.0957}
[2020-12-05 00:16:40] INFO: ==> Iteration [  1][  72 /  196]: {'prec1_conv1': 3.6974, 'prec1_conv2': 4.2806, 'prec1_conv3': 5.7183, 'prec1_conv4': 5.3874, 'prec1_conv5': 5.6695, 'loss': 46.2204, 'load_time': 77.9073, 'process_time': 22.0927}
[2020-12-05 00:16:42] INFO: ==> Iteration [  1][  73 /  196]: {'prec1_conv1': 3.7163, 'prec1_conv2': 4.3129, 'prec1_conv3': 5.7443, 'prec1_conv4': 5.4473, 'prec1_conv5': 5.7256, 'loss': 46.0747, 'load_time': 77.911, 'process_time': 22.089}
[2020-12-05 00:16:42] INFO: ==> Iteration [  1][  74 /  196]: {'prec1_conv1': 3.7584, 'prec1_conv2': 4.3655, 'prec1_conv3': 5.8251, 'prec1_conv4': 5.5268, 'prec1_conv5': 5.8251, 'loss': 45.9254, 'load_time': 77.9279, 'process_time': 22.0721}
[2020-12-05 00:16:42] INFO: ==> Iteration [  1][  75 /  196]: {'prec1_conv1': 3.763, 'prec1_conv2': 4.4036, 'prec1_conv3': 5.8802, 'prec1_conv4': 5.5911, 'prec1_conv5': 5.8984, 'loss': 45.7859, 'load_time': 77.9488, 'process_time': 22.0512}
[2020-12-05 00:16:42] INFO: ==> Iteration [  1][  76 /  196]: {'prec1_conv1': 3.7752, 'prec1_conv2': 4.4742, 'prec1_conv3': 5.957, 'prec1_conv4': 5.6615, 'prec1_conv5': 5.9853, 'loss': 45.6341, 'load_time': 77.9553, 'process_time': 22.0447}
[2020-12-05 00:16:44] INFO: ==> Iteration [  1][  77 /  196]: {'prec1_conv1': 3.8175, 'prec1_conv2': 4.5302, 'prec1_conv3': 6.042, 'prec1_conv4': 5.7351, 'prec1_conv5': 6.0674, 'loss': 45.4849, 'load_time': 77.972, 'process_time': 22.028}
[2020-12-05 00:16:44] INFO: ==> Iteration [  1][  78 /  196]: {'prec1_conv1': 3.8286, 'prec1_conv2': 4.5923, 'prec1_conv3': 6.0797, 'prec1_conv4': 5.7792, 'prec1_conv5': 6.1073, 'loss': 45.3488, 'load_time': 77.9711, 'process_time': 22.0289}
[2020-12-05 00:16:44] INFO: ==> Iteration [  1][  79 /  196]: {'prec1_conv1': 3.8642, 'prec1_conv2': 4.6183, 'prec1_conv3': 6.1066, 'prec1_conv4': 5.8272, 'prec1_conv5': 6.1956, 'loss': 45.2238, 'load_time': 77.9785, 'process_time': 22.0215}
[2020-12-05 00:16:45] INFO: ==> Iteration [  1][  80 /  196]: {'prec1_conv1': 3.9014, 'prec1_conv2': 4.6582, 'prec1_conv3': 6.1768, 'prec1_conv4': 5.9155, 'prec1_conv5': 6.272, 'loss': 45.0867, 'load_time': 77.9857, 'process_time': 22.0143}
[2020-12-05 00:16:46] INFO: ==> Iteration [  1][  81 /  196]: {'prec1_conv1': 3.9159, 'prec1_conv2': 4.7164, 'prec1_conv3': 6.2259, 'prec1_conv4': 5.9631, 'prec1_conv5': 6.3175, 'loss': 44.9494, 'load_time': 77.9864, 'process_time': 22.0136}
[2020-12-05 00:16:46] INFO: ==> Iteration [  1][  82 /  196]: {'prec1_conv1': 3.9444, 'prec1_conv2': 4.7613, 'prec1_conv3': 6.3, 'prec1_conv4': 6.0404, 'prec1_conv5': 6.412, 'loss': 44.8156, 'load_time': 77.9969, 'process_time': 22.0031}
[2020-12-05 00:16:46] INFO: ==> Iteration [  1][  83 /  196]: {'prec1_conv1': 3.9557, 'prec1_conv2': 4.8122, 'prec1_conv3': 6.3535, 'prec1_conv4': 6.1229, 'prec1_conv5': 6.4947, 'loss': 44.6935, 'load_time': 78.0087, 'process_time': 21.9913}
[2020-12-05 00:16:47] INFO: ==> Iteration [  1][  84 /  196]: {'prec1_conv1': 3.9853, 'prec1_conv2': 4.8572, 'prec1_conv3': 6.4104, 'prec1_conv4': 6.1872, 'prec1_conv5': 6.529, 'loss': 44.5787, 'load_time': 78.0176, 'process_time': 21.9824}
[2020-12-05 00:16:48] INFO: ==> Iteration [  1][  85 /  196]: {'prec1_conv1': 4.0005, 'prec1_conv2': 4.892, 'prec1_conv3': 6.4338, 'prec1_conv4': 6.2431, 'prec1_conv5': 6.5855, 'loss': 44.4697, 'load_time': 78.0281, 'process_time': 21.9719}
[2020-12-05 00:16:48] INFO: ==> Iteration [  1][  86 /  196]: {'prec1_conv1': 4.0289, 'prec1_conv2': 4.9328, 'prec1_conv3': 6.4975, 'prec1_conv4': 6.3204, 'prec1_conv5': 6.6588, 'loss': 44.3497, 'load_time': 78.0448, 'process_time': 21.9552}
[2020-12-05 00:16:49] INFO: ==> Iteration [  1][  87 /  196]: {'prec1_conv1': 4.0544, 'prec1_conv2': 4.9636, 'prec1_conv3': 6.5508, 'prec1_conv4': 6.378, 'prec1_conv5': 6.7192, 'loss': 44.2324, 'load_time': 78.0598, 'process_time': 21.9402}
[2020-12-05 00:16:49] INFO: ==> Iteration [  1][  88 /  196]: {'prec1_conv1': 4.0794, 'prec1_conv2': 4.9938, 'prec1_conv3': 6.5718, 'prec1_conv4': 6.452, 'prec1_conv5': 6.8115, 'loss': 44.1195, 'load_time': 78.0736, 'process_time': 21.9264}
[2020-12-05 00:16:50] INFO: ==> Iteration [  1][  89 /  196]: {'prec1_conv1': 4.1125, 'prec1_conv2': 5.0277, 'prec1_conv3': 6.6165, 'prec1_conv4': 6.5111, 'prec1_conv5': 6.893, 'loss': 43.9932, 'load_time': 78.0771, 'process_time': 21.9229}
[2020-12-05 00:16:50] INFO: ==> Iteration [  1][  90 /  196]: {'prec1_conv1': 4.1406, 'prec1_conv2': 5.0694, 'prec1_conv3': 6.6753, 'prec1_conv4': 6.5538, 'prec1_conv5': 6.9596, 'loss': 43.8815, 'load_time': 78.082, 'process_time': 21.918}
[2020-12-05 00:16:51] INFO: ==> Iteration [  1][  91 /  196]: {'prec1_conv1': 4.1831, 'prec1_conv2': 5.1296, 'prec1_conv3': 6.7479, 'prec1_conv4': 6.6256, 'prec1_conv5': 7.0205, 'loss': 43.7662, 'load_time': 78.0917, 'process_time': 21.9083}
[2020-12-05 00:16:51] INFO: ==> Iteration [  1][  92 /  196]: {'prec1_conv1': 4.2098, 'prec1_conv2': 5.1779, 'prec1_conv3': 6.8083, 'prec1_conv4': 6.6746, 'prec1_conv5': 7.1034, 'loss': 43.6529, 'load_time': 78.0996, 'process_time': 21.9004}
[2020-12-05 00:16:52] INFO: ==> Iteration [  1][  93 /  196]: {'prec1_conv1': 4.2255, 'prec1_conv2': 5.202, 'prec1_conv3': 6.8422, 'prec1_conv4': 6.733, 'prec1_conv5': 7.1573, 'loss': 43.536, 'load_time': 78.0972, 'process_time': 21.9028}
[2020-12-05 00:16:52] INFO: ==> Iteration [  1][  94 /  196]: {'prec1_conv1': 4.2283, 'prec1_conv2': 5.2236, 'prec1_conv3': 6.8879, 'prec1_conv4': 6.7861, 'prec1_conv5': 7.1871, 'loss': 43.4274, 'load_time': 78.1067, 'process_time': 21.8933}
[2020-12-05 00:16:53] INFO: ==> Iteration [  1][  95 /  196]: {'prec1_conv1': 4.264, 'prec1_conv2': 5.2549, 'prec1_conv3': 6.9305, 'prec1_conv4': 6.8318, 'prec1_conv5': 7.2697, 'loss': 43.3166, 'load_time': 78.1151, 'process_time': 21.8849}
[2020-12-05 00:16:53] INFO: ==> Iteration [  1][  96 /  196]: {'prec1_conv1': 4.3009, 'prec1_conv2': 5.2917, 'prec1_conv3': 7.0028, 'prec1_conv4': 6.9051, 'prec1_conv5': 7.3547, 'loss': 43.2008, 'load_time': 78.1169, 'process_time': 21.8831}
[2020-12-05 00:16:54] INFO: ==> Iteration [  1][  97 /  196]: {'prec1_conv1': 4.319, 'prec1_conv2': 5.3238, 'prec1_conv3': 7.0494, 'prec1_conv4': 6.9507, 'prec1_conv5': 7.4078, 'loss': 43.103, 'load_time': 78.1166, 'process_time': 21.8834}
[2020-12-05 00:16:54] INFO: ==> Iteration [  1][  98 /  196]: {'prec1_conv1': 4.3367, 'prec1_conv2': 5.3591, 'prec1_conv3': 7.0851, 'prec1_conv4': 7.0113, 'prec1_conv5': 7.4597, 'loss': 43.0023, 'load_time': 78.134, 'process_time': 21.866}
[2020-12-05 00:16:55] INFO: ==> Iteration [  1][  99 /  196]: {'prec1_conv1': 4.3738, 'prec1_conv2': 5.4056, 'prec1_conv3': 7.122, 'prec1_conv4': 7.0707, 'prec1_conv5': 7.4909, 'loss': 42.9046, 'load_time': 78.1469, 'process_time': 21.8531}
[2020-12-05 00:16:55] INFO: ==> Iteration [  1][ 100 /  196]: {'prec1_conv1': 4.4004, 'prec1_conv2': 5.4668, 'prec1_conv3': 7.1738, 'prec1_conv4': 7.1406, 'prec1_conv5': 7.5605, 'loss': 42.7976, 'load_time': 78.1482, 'process_time': 21.8518}
[2020-12-05 00:16:56] INFO: ==> Iteration [  1][ 101 /  196]: {'prec1_conv1': 4.4264, 'prec1_conv2': 5.5152, 'prec1_conv3': 7.242, 'prec1_conv4': 7.184, 'prec1_conv5': 7.6114, 'loss': 42.7021, 'load_time': 78.1501, 'process_time': 21.8499}
[2020-12-05 00:16:56] INFO: ==> Iteration [  1][ 102 /  196]: {'prec1_conv1': 4.4424, 'prec1_conv2': 5.5415, 'prec1_conv3': 7.2744, 'prec1_conv4': 7.2457, 'prec1_conv5': 7.6785, 'loss': 42.6027, 'load_time': 78.1657, 'process_time': 21.8343}
[2020-12-05 00:16:57] INFO: ==> Iteration [  1][ 103 /  196]: {'prec1_conv1': 4.4732, 'prec1_conv2': 5.5901, 'prec1_conv3': 7.2929, 'prec1_conv4': 7.2834, 'prec1_conv5': 7.7329, 'loss': 42.5083, 'load_time': 78.1785, 'process_time': 21.8215}
[2020-12-05 00:16:57] INFO: ==> Iteration [  1][ 104 /  196]: {'prec1_conv1': 4.4847, 'prec1_conv2': 5.6077, 'prec1_conv3': 7.3299, 'prec1_conv4': 7.313, 'prec1_conv5': 7.7562, 'loss': 42.4223, 'load_time': 78.1838, 'process_time': 21.8162}
[2020-12-05 00:16:58] INFO: ==> Iteration [  1][ 105 /  196]: {'prec1_conv1': 4.4959, 'prec1_conv2': 5.6343, 'prec1_conv3': 7.3493, 'prec1_conv4': 7.3661, 'prec1_conv5': 7.7976, 'loss': 42.3375, 'load_time': 78.184, 'process_time': 21.816}
[2020-12-05 00:16:59] INFO: ==> Iteration [  1][ 106 /  196]: {'prec1_conv1': 4.5327, 'prec1_conv2': 5.6825, 'prec1_conv3': 7.374, 'prec1_conv4': 7.4108, 'prec1_conv5': 7.853, 'loss': 42.2488, 'load_time': 78.1921, 'process_time': 21.8079}
[2020-12-05 00:16:59] INFO: ==> Iteration [  1][ 107 /  196]: {'prec1_conv1': 4.5506, 'prec1_conv2': 5.7371, 'prec1_conv3': 7.4255, 'prec1_conv4': 7.4748, 'prec1_conv5': 7.9019, 'loss': 42.1507, 'load_time': 78.2002, 'process_time': 21.7998}
[2020-12-05 00:16:59] INFO: ==> Iteration [  1][ 108 /  196]: {'prec1_conv1': 4.57, 'prec1_conv2': 5.7635, 'prec1_conv3': 7.4472, 'prec1_conv4': 7.5268, 'prec1_conv5': 7.9463, 'loss': 42.0594, 'load_time': 78.1993, 'process_time': 21.8007}
[2020-12-05 00:17:00] INFO: ==> Iteration [  1][ 109 /  196]: {'prec1_conv1': 4.6015, 'prec1_conv2': 5.8074, 'prec1_conv3': 7.49, 'prec1_conv4': 7.5706, 'prec1_conv5': 8.0239, 'loss': 41.9681, 'load_time': 78.1992, 'process_time': 21.8008}
[2020-12-05 00:17:00] INFO: ==> Iteration [  1][ 110 /  196]: {'prec1_conv1': 4.6378, 'prec1_conv2': 5.8576, 'prec1_conv3': 7.5408, 'prec1_conv4': 7.6278, 'prec1_conv5': 8.0682, 'loss': 41.87, 'load_time': 78.2093, 'process_time': 21.7907}
[2020-12-05 00:17:01] INFO: ==> Iteration [  1][ 111 /  196]: {'prec1_conv1': 4.6752, 'prec1_conv2': 5.9104, 'prec1_conv3': 7.6207, 'prec1_conv4': 7.6858, 'prec1_conv5': 8.1222, 'loss': 41.7851, 'load_time': 78.2167, 'process_time': 21.7833}
