[2020-12-05 00:15:51] INFO: Algorithm options {'data_train_opt': {'batch_size': 192, 'unsupervised': False, 'random_sized_crop': False, 'dataset_name': 'imagenet', 'split': 'train'}, 'data_test_opt': {'batch_size': 192, 'unsupervised': False, 'random_sized_crop': False, 'dataset_name': 'imagenet', 'split': 'val'}, 'max_num_epochs': 40, 'networks': {'feat_extractor': {'def_file': 'architectures/AlexNetFeature.py', 'pretrained': '../_experiments/ImageNet_Decoupling_AlexNet_dropout_binrotv2/feature_net_epoch200', 'opt': {}, 'optim_params': None}, 'classifier': {'def_file': 'architectures/MultipleNonLinearClassifiers.py', 'pretrained': None, 'opt': [{'cls_type': 'Alexnet_conv4', 'nChannels': 256, 'num_classes': 1000}, {'cls_type': 'Alexnet_conv5', 'nChannels': 256, 'num_classes': 1000}], 'optim_params': {'optim_type': 'sgd', 'lr': 0.1, 'momentum': 0.9, 'weight_decay': 0.0005, 'nesterov': True, 'LUT_lr': [(10, 0.01), (20, 0.002), (30, 0.0004), (40, 8e-05)]}}}, 'criterions': {'loss': {'ctype': 'CrossEntropyLoss', 'opt': None}}, 'algorithm_type': 'FeatureClassificationModel', 'out_feat_keys': ['conv4', 'conv5'], 'exp_dir': '../_experiments/ImageNet_NonLinearClassifiers_ImageNet_Decoupling_AlexNet_Features', 'disp_step': 1}
[2020-12-05 00:15:51] INFO: Set network feat_extractor
[2020-12-05 00:15:51] INFO: ==> Initiliaze network feat_extractor from file architectures/AlexNetFeature.py with opts: {}
[2020-12-05 00:15:52] INFO: ==> Load pretrained parameters from file ../_experiments/ImageNet_Decoupling_AlexNet_dropout_binrotv2/feature_net_epoch200:
[2020-12-05 00:15:56] INFO: ==> Network keys in pre-trained file ../_experiments/ImageNet_Decoupling_AlexNet_dropout_binrotv2/feature_net_epoch200 contain "module"
[2020-12-05 00:15:56] INFO: Set network classifier
[2020-12-05 00:15:56] INFO: ==> Initiliaze network classifier from file architectures/MultipleNonLinearClassifiers.py with opts: [{'cls_type': 'Alexnet_conv4', 'nChannels': 256, 'num_classes': 1000}, {'cls_type': 'Alexnet_conv5', 'nChannels': 256, 'num_classes': 1000}]
[2020-12-05 00:15:57] INFO: Initialize criterion[loss]: CrossEntropyLoss with options: None
[2020-12-05 00:15:57] INFO: Initialize optimizer: sgd with params: {'optim_type': 'sgd', 'lr': 0.1, 'momentum': 0.9, 'weight_decay': 0.0005, 'nesterov': True, 'LUT_lr': [(10, 0.01), (20, 0.002), (30, 0.0004), (40, 8e-05)]} for network: classifier
[2020-12-05 00:15:57] INFO: 

[2020-12-05 00:15:57] INFO: Training epoch [  1 /  40]
[2020-12-05 00:15:57] INFO: ==> Set to classifier optimizer lr = 0.0100000000
[2020-12-05 00:15:57] INFO: Training: ImageNet_NonLinearClassifiers_ImageNet_Decoupling_AlexNet_Features
[2020-12-05 00:15:57] INFO: ==> Dataset: imagenet_train [100000 images]
[2020-12-05 00:15:57] INFO: ==> Iteration steps in one epoch: 521 [batch size 192]
[2020-12-05 00:15:59] INFO: ==> Iteration [  1][   1 /  521]: {'prec1_conv1': 0.0, 'prec1_conv2': 1.0417, 'loss': 15.2126, 'load_time': 20.6085, 'process_time': 79.3915}
[2020-12-05 00:15:59] INFO: ==> Iteration [  1][   2 /  521]: {'prec1_conv1': 0.0, 'prec1_conv2': 0.5208, 'loss': 15.0467, 'load_time': 47.1094, 'process_time': 52.8906}
[2020-12-05 00:15:59] INFO: ==> Iteration [  1][   3 /  521]: {'prec1_conv1': 0.0, 'prec1_conv2': 0.5208, 'loss': 15.056, 'load_time': 56.1417, 'process_time': 43.8583}
[2020-12-05 00:16:00] INFO: ==> Iteration [  1][   4 /  521]: {'prec1_conv1': 0.0, 'prec1_conv2': 0.3906, 'loss': 14.9703, 'load_time': 60.1986, 'process_time': 39.8014}
[2020-12-05 00:16:00] INFO: ==> Iteration [  1][   5 /  521]: {'prec1_conv1': 0.0, 'prec1_conv2': 0.5208, 'loss': 14.9292, 'load_time': 62.5296, 'process_time': 37.4704}
[2020-12-05 00:16:00] INFO: ==> Iteration [  1][   6 /  521]: {'prec1_conv1': 0.0, 'prec1_conv2': 0.434, 'loss': 14.8665, 'load_time': 64.451, 'process_time': 35.549}
[2020-12-05 00:16:00] INFO: ==> Iteration [  1][   7 /  521]: {'prec1_conv1': 0.0, 'prec1_conv2': 0.372, 'loss': 14.7969, 'load_time': 65.6291, 'process_time': 34.3709}
[2020-12-05 00:16:00] INFO: ==> Iteration [  1][   8 /  521]: {'prec1_conv1': 0.0, 'prec1_conv2': 0.3906, 'loss': 14.7348, 'load_time': 66.8863, 'process_time': 33.1137}
[2020-12-05 00:16:01] INFO: ==> Iteration [  1][   9 /  521]: {'prec1_conv1': 0.0579, 'prec1_conv2': 0.3472, 'loss': 14.6694, 'load_time': 67.8149, 'process_time': 32.1851}
[2020-12-05 00:16:01] INFO: ==> Iteration [  1][  10 /  521]: {'prec1_conv1': 0.2604, 'prec1_conv2': 0.3646, 'loss': 14.5995, 'load_time': 68.5026, 'process_time': 31.4974}
[2020-12-05 00:16:01] INFO: ==> Iteration [  1][  11 /  521]: {'prec1_conv1': 0.3788, 'prec1_conv2': 0.3314, 'loss': 14.5338, 'load_time': 69.1171, 'process_time': 30.8829}
[2020-12-05 00:16:01] INFO: ==> Iteration [  1][  12 /  521]: {'prec1_conv1': 0.5208, 'prec1_conv2': 0.3906, 'loss': 14.4528, 'load_time': 69.5413, 'process_time': 30.4587}
[2020-12-05 00:16:02] INFO: ==> Iteration [  1][  13 /  521]: {'prec1_conv1': 0.601, 'prec1_conv2': 0.4006, 'loss': 14.3641, 'load_time': 69.9561, 'process_time': 30.0439}
[2020-12-05 00:16:02] INFO: ==> Iteration [  1][  14 /  521]: {'prec1_conv1': 0.7812, 'prec1_conv2': 0.4836, 'loss': 14.2562, 'load_time': 70.2221, 'process_time': 29.7779}
[2020-12-05 00:16:02] INFO: ==> Iteration [  1][  15 /  521]: {'prec1_conv1': 0.8681, 'prec1_conv2': 0.625, 'loss': 14.1578, 'load_time': 70.5663, 'process_time': 29.4337}
[2020-12-05 00:16:02] INFO: ==> Iteration [  1][  16 /  521]: {'prec1_conv1': 0.9115, 'prec1_conv2': 0.6836, 'loss': 14.0806, 'load_time': 70.4851, 'process_time': 29.5149}
[2020-12-05 00:16:03] INFO: ==> Iteration [  1][  17 /  521]: {'prec1_conv1': 1.1029, 'prec1_conv2': 0.7659, 'loss': 13.9913, 'load_time': 70.6904, 'process_time': 29.3096}
[2020-12-05 00:16:03] INFO: ==> Iteration [  1][  18 /  521]: {'prec1_conv1': 1.331, 'prec1_conv2': 0.8681, 'loss': 13.9039, 'load_time': 70.8897, 'process_time': 29.1103}
[2020-12-05 00:16:03] INFO: ==> Iteration [  1][  19 /  521]: {'prec1_conv1': 1.4803, 'prec1_conv2': 0.9594, 'loss': 13.8065, 'load_time': 70.9887, 'process_time': 29.0113}
[2020-12-05 00:16:03] INFO: ==> Iteration [  1][  20 /  521]: {'prec1_conv1': 1.7708, 'prec1_conv2': 1.1198, 'loss': 13.6986, 'load_time': 71.1332, 'process_time': 28.8668}
[2020-12-05 00:16:04] INFO: ==> Iteration [  1][  21 /  521]: {'prec1_conv1': 1.8601, 'prec1_conv2': 1.2649, 'loss': 13.6054, 'load_time': 71.3519, 'process_time': 28.6481}
[2020-12-05 00:16:04] INFO: ==> Iteration [  1][  22 /  521]: {'prec1_conv1': 2.0597, 'prec1_conv2': 1.4678, 'loss': 13.5126, 'load_time': 71.5063, 'process_time': 28.4937}
[2020-12-05 00:16:04] INFO: ==> Iteration [  1][  23 /  521]: {'prec1_conv1': 2.1739, 'prec1_conv2': 1.6757, 'loss': 13.4151, 'load_time': 71.5904, 'process_time': 28.4096}
[2020-12-05 00:16:04] INFO: ==> Iteration [  1][  24 /  521]: {'prec1_conv1': 2.3003, 'prec1_conv2': 1.9097, 'loss': 13.3181, 'load_time': 71.7039, 'process_time': 28.2961}
[2020-12-05 00:16:05] INFO: ==> Iteration [  1][  25 /  521]: {'prec1_conv1': 2.3542, 'prec1_conv2': 2.1042, 'loss': 13.2381, 'load_time': 71.604, 'process_time': 28.396}
[2020-12-05 00:16:05] INFO: ==> Iteration [  1][  26 /  521]: {'prec1_conv1': 2.504, 'prec1_conv2': 2.2236, 'loss': 13.1435, 'load_time': 71.6862, 'process_time': 28.3138}
[2020-12-05 00:16:05] INFO: ==> Iteration [  1][  27 /  521]: {'prec1_conv1': 2.6235, 'prec1_conv2': 2.4306, 'loss': 13.0586, 'load_time': 71.819, 'process_time': 28.181}
[2020-12-05 00:16:05] INFO: ==> Iteration [  1][  28 /  521]: {'prec1_conv1': 2.753, 'prec1_conv2': 2.567, 'loss': 12.9759, 'load_time': 71.9078, 'process_time': 28.0922}
[2020-12-05 00:16:06] INFO: ==> Iteration [  1][  29 /  521]: {'prec1_conv1': 2.9274, 'prec1_conv2': 2.7119, 'loss': 12.8938, 'load_time': 71.8146, 'process_time': 28.1854}
[2020-12-05 00:16:06] INFO: ==> Iteration [  1][  30 /  521]: {'prec1_conv1': 3.0729, 'prec1_conv2': 2.8993, 'loss': 12.8193, 'load_time': 71.9315, 'process_time': 28.0685}
[2020-12-05 00:16:06] INFO: ==> Iteration [  1][  31 /  521]: {'prec1_conv1': 3.209, 'prec1_conv2': 2.9402, 'loss': 12.7365, 'load_time': 71.9951, 'process_time': 28.0049}
[2020-12-05 00:16:06] INFO: ==> Iteration [  1][  32 /  521]: {'prec1_conv1': 3.418, 'prec1_conv2': 3.2227, 'loss': 12.6571, 'load_time': 72.0973, 'process_time': 27.9027}
[2020-12-05 00:16:07] INFO: ==> Iteration [  1][  33 /  521]: {'prec1_conv1': 3.5511, 'prec1_conv2': 3.4249, 'loss': 12.5761, 'load_time': 72.1777, 'process_time': 27.8223}
[2020-12-05 00:16:07] INFO: ==> Iteration [  1][  34 /  521]: {'prec1_conv1': 3.6305, 'prec1_conv2': 3.4926, 'loss': 12.5041, 'load_time': 72.2597, 'process_time': 27.7403}
[2020-12-05 00:16:07] INFO: ==> Iteration [  1][  35 /  521]: {'prec1_conv1': 3.6607, 'prec1_conv2': 3.5714, 'loss': 12.4445, 'load_time': 72.3069, 'process_time': 27.6931}
[2020-12-05 00:16:07] INFO: ==> Iteration [  1][  36 /  521]: {'prec1_conv1': 3.7616, 'prec1_conv2': 3.6892, 'loss': 12.3776, 'load_time': 72.3746, 'process_time': 27.6254}
[2020-12-05 00:16:08] INFO: ==> Iteration [  1][  37 /  521]: {'prec1_conv1': 3.9414, 'prec1_conv2': 3.8288, 'loss': 12.3121, 'load_time': 72.4196, 'process_time': 27.5804}
[2020-12-05 00:16:08] INFO: ==> Iteration [  1][  38 /  521]: {'prec1_conv1': 3.9611, 'prec1_conv2': 4.0022, 'loss': 12.2357, 'load_time': 72.4706, 'process_time': 27.5294}
[2020-12-05 00:16:08] INFO: ==> Iteration [  1][  39 /  521]: {'prec1_conv1': 4.0465, 'prec1_conv2': 4.1266, 'loss': 12.18, 'load_time': 72.5306, 'process_time': 27.4694}
[2020-12-05 00:16:08] INFO: ==> Iteration [  1][  40 /  521]: {'prec1_conv1': 4.1406, 'prec1_conv2': 4.2969, 'loss': 12.1253, 'load_time': 72.607, 'process_time': 27.393}
[2020-12-05 00:16:09] INFO: ==> Iteration [  1][  41 /  521]: {'prec1_conv1': 4.3191, 'prec1_conv2': 4.4588, 'loss': 12.0591, 'load_time': 72.6934, 'process_time': 27.3066}
[2020-12-05 00:16:09] INFO: ==> Iteration [  1][  42 /  521]: {'prec1_conv1': 4.4023, 'prec1_conv2': 4.6255, 'loss': 12.0007, 'load_time': 72.7256, 'process_time': 27.2744}
[2020-12-05 00:16:09] INFO: ==> Iteration [  1][  43 /  521]: {'prec1_conv1': 4.4816, 'prec1_conv2': 4.7723, 'loss': 11.9427, 'load_time': 72.7826, 'process_time': 27.2174}
[2020-12-05 00:16:09] INFO: ==> Iteration [  1][  44 /  521]: {'prec1_conv1': 4.5455, 'prec1_conv2': 4.9242, 'loss': 11.8799, 'load_time': 72.81, 'process_time': 27.19}
[2020-12-05 00:16:10] INFO: ==> Iteration [  1][  45 /  521]: {'prec1_conv1': 4.5486, 'prec1_conv2': 4.9769, 'loss': 11.8275, 'load_time': 72.8087, 'process_time': 27.1913}
[2020-12-05 00:16:10] INFO: ==> Iteration [  1][  46 /  521]: {'prec1_conv1': 4.6422, 'prec1_conv2': 5.0838, 'loss': 11.7722, 'load_time': 72.8409, 'process_time': 27.1591}
[2020-12-05 00:16:10] INFO: ==> Iteration [  1][  47 /  521]: {'prec1_conv1': 4.6875, 'prec1_conv2': 5.2637, 'loss': 11.7147, 'load_time': 72.88, 'process_time': 27.12}
[2020-12-05 00:16:10] INFO: ==> Iteration [  1][  48 /  521]: {'prec1_conv1': 4.796, 'prec1_conv2': 5.3928, 'loss': 11.6622, 'load_time': 72.9355, 'process_time': 27.0645}
[2020-12-05 00:16:11] INFO: ==> Iteration [  1][  49 /  521]: {'prec1_conv1': 4.7832, 'prec1_conv2': 5.4847, 'loss': 11.6173, 'load_time': 72.9551, 'process_time': 27.0449}
[2020-12-05 00:16:11] INFO: ==> Iteration [  1][  50 /  521]: {'prec1_conv1': 4.9583, 'prec1_conv2': 5.6667, 'loss': 11.559, 'load_time': 72.9467, 'process_time': 27.0533}
[2020-12-05 00:16:11] INFO: ==> Iteration [  1][  51 /  521]: {'prec1_conv1': 5.0551, 'prec1_conv2': 5.77, 'loss': 11.5169, 'load_time': 72.9769, 'process_time': 27.0231}
[2020-12-05 00:16:11] INFO: ==> Iteration [  1][  52 /  521]: {'prec1_conv1': 5.1382, 'prec1_conv2': 5.9195, 'loss': 11.4658, 'load_time': 73.0321, 'process_time': 26.9679}
[2020-12-05 00:16:12] INFO: ==> Iteration [  1][  53 /  521]: {'prec1_conv1': 5.2182, 'prec1_conv2': 5.9847, 'loss': 11.4304, 'load_time': 73.0489, 'process_time': 26.9511}
[2020-12-05 00:16:12] INFO: ==> Iteration [  1][  54 /  521]: {'prec1_conv1': 5.3337, 'prec1_conv2': 6.0667, 'loss': 11.3874, 'load_time': 73.0775, 'process_time': 26.9225}
[2020-12-05 00:16:12] INFO: ==> Iteration [  1][  55 /  521]: {'prec1_conv1': 5.4545, 'prec1_conv2': 6.1932, 'loss': 11.3381, 'load_time': 73.0827, 'process_time': 26.9173}
[2020-12-05 00:16:12] INFO: ==> Iteration [  1][  56 /  521]: {'prec1_conv1': 5.6083, 'prec1_conv2': 6.3337, 'loss': 11.2921, 'load_time': 73.1065, 'process_time': 26.8935}
[2020-12-05 00:16:12] INFO: ==> Iteration [  1][  57 /  521]: {'prec1_conv1': 5.6926, 'prec1_conv2': 6.4236, 'loss': 11.2505, 'load_time': 73.1103, 'process_time': 26.8897}
[2020-12-05 00:16:13] INFO: ==> Iteration [  1][  58 /  521]: {'prec1_conv1': 5.7112, 'prec1_conv2': 6.4835, 'loss': 11.2126, 'load_time': 73.1328, 'process_time': 26.8672}
[2020-12-05 00:16:13] INFO: ==> Iteration [  1][  59 /  521]: {'prec1_conv1': 5.791, 'prec1_conv2': 6.6296, 'loss': 11.1721, 'load_time': 73.1393, 'process_time': 26.8607}
[2020-12-05 00:16:13] INFO: ==> Iteration [  1][  60 /  521]: {'prec1_conv1': 5.8594, 'prec1_conv2': 6.684, 'loss': 11.1398, 'load_time': 73.1801, 'process_time': 26.8199}
[2020-12-05 00:16:13] INFO: ==> Iteration [  1][  61 /  521]: {'prec1_conv1': 5.9768, 'prec1_conv2': 6.8135, 'loss': 11.103, 'load_time': 73.1861, 'process_time': 26.8139}
[2020-12-05 00:16:14] INFO: ==> Iteration [  1][  62 /  521]: {'prec1_conv1': 6.0316, 'prec1_conv2': 6.9304, 'loss': 11.0668, 'load_time': 73.2393, 'process_time': 26.7607}
[2020-12-05 00:16:14] INFO: ==> Iteration [  1][  63 /  521]: {'prec1_conv1': 6.0847, 'prec1_conv2': 7.0437, 'loss': 11.0327, 'load_time': 73.2344, 'process_time': 26.7656}
[2020-12-05 00:16:14] INFO: ==> Iteration [  1][  64 /  521]: {'prec1_conv1': 6.1849, 'prec1_conv2': 7.1696, 'loss': 10.9977, 'load_time': 73.2416, 'process_time': 26.7584}
[2020-12-05 00:16:14] INFO: ==> Iteration [  1][  65 /  521]: {'prec1_conv1': 6.3061, 'prec1_conv2': 7.3077, 'loss': 10.958, 'load_time': 73.2509, 'process_time': 26.7491}
[2020-12-05 00:16:14] INFO: ==> Iteration [  1][  66 /  521]: {'prec1_conv1': 6.4315, 'prec1_conv2': 7.489, 'loss': 10.9219, 'load_time': 73.2728, 'process_time': 26.7272}
[2020-12-05 00:16:15] INFO: ==> Iteration [  1][  67 /  521]: {'prec1_conv1': 6.5454, 'prec1_conv2': 7.5948, 'loss': 10.8877, 'load_time': 73.2727, 'process_time': 26.7273}
[2020-12-05 00:16:15] INFO: ==> Iteration [  1][  68 /  521]: {'prec1_conv1': 6.7249, 'prec1_conv2': 7.7129, 'loss': 10.8473, 'load_time': 73.295, 'process_time': 26.705}
[2020-12-05 00:16:15] INFO: ==> Iteration [  1][  69 /  521]: {'prec1_conv1': 6.801, 'prec1_conv2': 7.7899, 'loss': 10.8159, 'load_time': 73.3055, 'process_time': 26.6945}
[2020-12-05 00:16:15] INFO: ==> Iteration [  1][  70 /  521]: {'prec1_conv1': 6.9271, 'prec1_conv2': 7.9315, 'loss': 10.7826, 'load_time': 73.3341, 'process_time': 26.6659}
[2020-12-05 00:16:15] INFO: ==> Iteration [  1][  71 /  521]: {'prec1_conv1': 6.9762, 'prec1_conv2': 8.0252, 'loss': 10.7524, 'load_time': 73.3284, 'process_time': 26.6716}
[2020-12-05 00:16:15] INFO: ==> Iteration [  1][  72 /  521]: {'prec1_conv1': 7.0457, 'prec1_conv2': 8.0657, 'loss': 10.7223, 'load_time': 73.3304, 'process_time': 26.6696}
[2020-12-05 00:16:16] INFO: ==> Iteration [  1][  73 /  521]: {'prec1_conv1': 7.0919, 'prec1_conv2': 8.1264, 'loss': 10.6951, 'load_time': 73.331, 'process_time': 26.669}
[2020-12-05 00:16:16] INFO: ==> Iteration [  1][  74 /  521]: {'prec1_conv1': 7.1861, 'prec1_conv2': 8.2278, 'loss': 10.6693, 'load_time': 73.3504, 'process_time': 26.6496}
[2020-12-05 00:16:16] INFO: ==> Iteration [  1][  75 /  521]: {'prec1_conv1': 7.25, 'prec1_conv2': 8.3194, 'loss': 10.6413, 'load_time': 73.3504, 'process_time': 26.6496}
[2020-12-05 00:16:16] INFO: ==> Iteration [  1][  76 /  521]: {'prec1_conv1': 7.3396, 'prec1_conv2': 8.4224, 'loss': 10.6138, 'load_time': 73.3791, 'process_time': 26.6209}
[2020-12-05 00:16:17] INFO: ==> Iteration [  1][  77 /  521]: {'prec1_conv1': 7.4337, 'prec1_conv2': 8.4957, 'loss': 10.5849, 'load_time': 73.3843, 'process_time': 26.6157}
[2020-12-05 00:16:17] INFO: ==> Iteration [  1][  78 /  521]: {'prec1_conv1': 7.4653, 'prec1_conv2': 8.567, 'loss': 10.5578, 'load_time': 73.4122, 'process_time': 26.5878}
[2020-12-05 00:16:17] INFO: ==> Iteration [  1][  79 /  521]: {'prec1_conv1': 7.529, 'prec1_conv2': 8.663, 'loss': 10.5336, 'load_time': 73.4416, 'process_time': 26.5584}
[2020-12-05 00:16:17] INFO: ==> Iteration [  1][  80 /  521]: {'prec1_conv1': 7.5911, 'prec1_conv2': 8.7435, 'loss': 10.5064, 'load_time': 73.4625, 'process_time': 26.5375}
[2020-12-05 00:16:18] INFO: ==> Iteration [  1][  81 /  521]: {'prec1_conv1': 7.7418, 'prec1_conv2': 8.8735, 'loss': 10.4746, 'load_time': 73.4751, 'process_time': 26.5249}
[2020-12-05 00:16:18] INFO: ==> Iteration [  1][  82 /  521]: {'prec1_conv1': 7.7807, 'prec1_conv2': 8.9685, 'loss': 10.4487, 'load_time': 73.5034, 'process_time': 26.4966}
[2020-12-05 00:16:18] INFO: ==> Iteration [  1][  83 /  521]: {'prec1_conv1': 7.8878, 'prec1_conv2': 9.0487, 'loss': 10.4242, 'load_time': 73.5003, 'process_time': 26.4997}
[2020-12-05 00:16:18] INFO: ==> Iteration [  1][  84 /  521]: {'prec1_conv1': 7.9675, 'prec1_conv2': 9.1518, 'loss': 10.397, 'load_time': 73.5273, 'process_time': 26.4727}
[2020-12-05 00:16:18] INFO: ==> Iteration [  1][  85 /  521]: {'prec1_conv1': 8.0208, 'prec1_conv2': 9.2647, 'loss': 10.3719, 'load_time': 73.5346, 'process_time': 26.4654}
[2020-12-05 00:16:18] INFO: ==> Iteration [  1][  86 /  521]: {'prec1_conv1': 8.085, 'prec1_conv2': 9.3568, 'loss': 10.3487, 'load_time': 73.5605, 'process_time': 26.4395}
[2020-12-05 00:16:19] INFO: ==> Iteration [  1][  87 /  521]: {'prec1_conv1': 8.1118, 'prec1_conv2': 9.4468, 'loss': 10.328, 'load_time': 73.5673, 'process_time': 26.4327}
[2020-12-05 00:16:19] INFO: ==> Iteration [  1][  88 /  521]: {'prec1_conv1': 8.1676, 'prec1_conv2': 9.5052, 'loss': 10.3088, 'load_time': 73.5797, 'process_time': 26.4203}
[2020-12-05 00:16:19] INFO: ==> Iteration [  1][  89 /  521]: {'prec1_conv1': 8.228, 'prec1_conv2': 9.6149, 'loss': 10.286, 'load_time': 73.5798, 'process_time': 26.4202}
[2020-12-05 00:16:19] INFO: ==> Iteration [  1][  90 /  521]: {'prec1_conv1': 8.2523, 'prec1_conv2': 9.6701, 'loss': 10.2707, 'load_time': 73.5938, 'process_time': 26.4062}
[2020-12-05 00:16:19] INFO: ==> Iteration [  1][  91 /  521]: {'prec1_conv1': 8.3848, 'prec1_conv2': 9.7985, 'loss': 10.2441, 'load_time': 73.5944, 'process_time': 26.4056}
[2020-12-05 00:16:20] INFO: ==> Iteration [  1][  92 /  521]: {'prec1_conv1': 8.4466, 'prec1_conv2': 9.8845, 'loss': 10.2233, 'load_time': 73.6154, 'process_time': 26.3846}
[2020-12-05 00:16:20] INFO: ==> Iteration [  1][  93 /  521]: {'prec1_conv1': 8.4789, 'prec1_conv2': 9.9238, 'loss': 10.203, 'load_time': 73.6031, 'process_time': 26.3969}
[2020-12-05 00:16:20] INFO: ==> Iteration [  1][  94 /  521]: {'prec1_conv1': 8.566, 'prec1_conv2': 10.0011, 'loss': 10.1812, 'load_time': 73.6193, 'process_time': 26.3807}
[2020-12-05 00:16:20] INFO: ==> Iteration [  1][  95 /  521]: {'prec1_conv1': 8.6404, 'prec1_conv2': 10.0768, 'loss': 10.1607, 'load_time': 73.623, 'process_time': 26.377}
[2020-12-05 00:16:20] INFO: ==> Iteration [  1][  96 /  521]: {'prec1_conv1': 8.7131, 'prec1_conv2': 10.1183, 'loss': 10.1415, 'load_time': 73.6423, 'process_time': 26.3577}
[2020-12-05 00:16:21] INFO: ==> Iteration [  1][  97 /  521]: {'prec1_conv1': 8.7844, 'prec1_conv2': 10.2019, 'loss': 10.1178, 'load_time': 73.6548, 'process_time': 26.3452}
[2020-12-05 00:16:21] INFO: ==> Iteration [  1][  98 /  521]: {'prec1_conv1': 8.8276, 'prec1_conv2': 10.2679, 'loss': 10.1003, 'load_time': 73.6749, 'process_time': 26.3251}
[2020-12-05 00:16:21] INFO: ==> Iteration [  1][  99 /  521]: {'prec1_conv1': 8.8805, 'prec1_conv2': 10.3009, 'loss': 10.0829, 'load_time': 73.6944, 'process_time': 26.3056}
[2020-12-05 00:16:21] INFO: ==> Iteration [  1][ 100 /  521]: {'prec1_conv1': 8.9167, 'prec1_conv2': 10.3385, 'loss': 10.0645, 'load_time': 73.7137, 'process_time': 26.2863}
[2020-12-05 00:16:21] INFO: ==> Iteration [  1][ 101 /  521]: {'prec1_conv1': 8.9934, 'prec1_conv2': 10.4115, 'loss': 10.0439, 'load_time': 73.7116, 'process_time': 26.2884}
[2020-12-05 00:16:22] INFO: ==> Iteration [  1][ 102 /  521]: {'prec1_conv1': 9.0584, 'prec1_conv2': 10.4728, 'loss': 10.0219, 'load_time': 73.7218, 'process_time': 26.2782}
[2020-12-05 00:16:22] INFO: ==> Iteration [  1][ 103 /  521]: {'prec1_conv1': 9.1272, 'prec1_conv2': 10.5633, 'loss': 10.0011, 'load_time': 73.7281, 'process_time': 26.2719}
[2020-12-05 00:16:22] INFO: ==> Iteration [  1][ 104 /  521]: {'prec1_conv1': 9.1396, 'prec1_conv2': 10.612, 'loss': 9.9847, 'load_time': 73.7351, 'process_time': 26.2649}
[2020-12-05 00:16:22] INFO: ==> Iteration [  1][ 105 /  521]: {'prec1_conv1': 9.1766, 'prec1_conv2': 10.7044, 'loss': 9.9665, 'load_time': 73.7411, 'process_time': 26.2589}
[2020-12-05 00:16:23] INFO: ==> Iteration [  1][ 106 /  521]: {'prec1_conv1': 9.2423, 'prec1_conv2': 10.7655, 'loss': 9.9498, 'load_time': 73.7583, 'process_time': 26.2417}
[2020-12-05 00:16:23] INFO: ==> Iteration [  1][ 107 /  521]: {'prec1_conv1': 9.2776, 'prec1_conv2': 10.8937, 'loss': 9.9311, 'load_time': 73.7793, 'process_time': 26.2207}
[2020-12-05 00:16:23] INFO: ==> Iteration [  1][ 108 /  521]: {'prec1_conv1': 9.322, 'prec1_conv2': 10.9761, 'loss': 9.9108, 'load_time': 73.7824, 'process_time': 26.2176}
[2020-12-05 00:16:23] INFO: ==> Iteration [  1][ 109 /  521]: {'prec1_conv1': 9.4084, 'prec1_conv2': 11.0331, 'loss': 9.894, 'load_time': 73.7638, 'process_time': 26.2362}
[2020-12-05 00:16:23] INFO: ==> Iteration [  1][ 110 /  521]: {'prec1_conv1': 9.4744, 'prec1_conv2': 11.0985, 'loss': 9.8775, 'load_time': 73.7719, 'process_time': 26.2281}
[2020-12-05 00:16:23] INFO: ==> Iteration [  1][ 111 /  521]: {'prec1_conv1': 9.5486, 'prec1_conv2': 11.1956, 'loss': 9.8582, 'load_time': 73.7647, 'process_time': 26.2353}
[2020-12-05 00:16:23] INFO: ==> Iteration [  1][ 112 /  521]: {'prec1_conv1': 9.6075, 'prec1_conv2': 11.2584, 'loss': 9.8413, 'load_time': 73.7802, 'process_time': 26.2198}
[2020-12-05 00:16:24] INFO: ==> Iteration [  1][ 113 /  521]: {'prec1_conv1': 9.6746, 'prec1_conv2': 11.3293, 'loss': 9.8235, 'load_time': 73.7797, 'process_time': 26.2203}
[2020-12-05 00:16:24] INFO: ==> Iteration [  1][ 114 /  521]: {'prec1_conv1': 9.7496, 'prec1_conv2': 11.3715, 'loss': 9.8074, 'load_time': 73.7814, 'process_time': 26.2186}
[2020-12-05 00:16:24] INFO: ==> Iteration [  1][ 115 /  521]: {'prec1_conv1': 9.8007, 'prec1_conv2': 11.4357, 'loss': 9.7899, 'load_time': 73.776, 'process_time': 26.224}
[2020-12-05 00:16:24] INFO: ==> Iteration [  1][ 116 /  521]: {'prec1_conv1': 9.833, 'prec1_conv2': 11.4987, 'loss': 9.7718, 'load_time': 73.7914, 'process_time': 26.2086}
[2020-12-05 00:16:25] INFO: ==> Iteration [  1][ 117 /  521]: {'prec1_conv1': 9.878, 'prec1_conv2': 11.5607, 'loss': 9.755, 'load_time': 73.7915, 'process_time': 26.2085}
[2020-12-05 00:16:25] INFO: ==> Iteration [  1][ 118 /  521]: {'prec1_conv1': 9.9135, 'prec1_conv2': 11.6128, 'loss': 9.7406, 'load_time': 73.8066, 'process_time': 26.1934}
[2020-12-05 00:16:25] INFO: ==> Iteration [  1][ 119 /  521]: {'prec1_conv1': 9.9877, 'prec1_conv2': 11.6859, 'loss': 9.7219, 'load_time': 73.8095, 'process_time': 26.1905}
[2020-12-05 00:16:25] INFO: ==> Iteration [  1][ 120 /  521]: {'prec1_conv1': 10.0477, 'prec1_conv2': 11.7361, 'loss': 9.7091, 'load_time': 73.8271, 'process_time': 26.1729}
[2020-12-05 00:16:26] INFO: ==> Iteration [  1][ 121 /  521]: {'prec1_conv1': 10.0422, 'prec1_conv2': 11.7898, 'loss': 9.6957, 'load_time': 73.8242, 'process_time': 26.1758}
[2020-12-05 00:16:26] INFO: ==> Iteration [  1][ 122 /  521]: {'prec1_conv1': 10.1178, 'prec1_conv2': 11.8426, 'loss': 9.6814, 'load_time': 73.8389, 'process_time': 26.1611}
[2020-12-05 00:16:26] INFO: ==> Iteration [  1][ 123 /  521]: {'prec1_conv1': 10.1668, 'prec1_conv2': 11.8775, 'loss': 9.6694, 'load_time': 73.8547, 'process_time': 26.1453}
[2020-12-05 00:16:26] INFO: ==> Iteration [  1][ 124 /  521]: {'prec1_conv1': 10.2151, 'prec1_conv2': 11.9414, 'loss': 9.6573, 'load_time': 73.8702, 'process_time': 26.1298}
[2020-12-05 00:16:27] INFO: ==> Iteration [  1][ 125 /  521]: {'prec1_conv1': 10.2667, 'prec1_conv2': 12.0042, 'loss': 9.6437, 'load_time': 73.8691, 'process_time': 26.1309}
[2020-12-05 00:16:27] INFO: ==> Iteration [  1][ 126 /  521]: {'prec1_conv1': 10.3257, 'prec1_conv2': 12.0618, 'loss': 9.6277, 'load_time': 73.8792, 'process_time': 26.1208}
[2020-12-05 00:16:27] INFO: ==> Iteration [  1][ 127 /  521]: {'prec1_conv1': 10.3798, 'prec1_conv2': 12.1432, 'loss': 9.612, 'load_time': 73.865, 'process_time': 26.135}
[2020-12-05 00:16:27] INFO: ==> Iteration [  1][ 128 /  521]: {'prec1_conv1': 10.4207, 'prec1_conv2': 12.1989, 'loss': 9.5988, 'load_time': 73.8714, 'process_time': 26.1286}
[2020-12-05 00:16:27] INFO: ==> Iteration [  1][ 129 /  521]: {'prec1_conv1': 10.4651, 'prec1_conv2': 12.2618, 'loss': 9.5856, 'load_time': 73.8696, 'process_time': 26.1304}
[2020-12-05 00:16:28] INFO: ==> Iteration [  1][ 130 /  521]: {'prec1_conv1': 10.4808, 'prec1_conv2': 12.3237, 'loss': 9.5724, 'load_time': 73.8786, 'process_time': 26.1214}
[2020-12-05 00:16:28] INFO: ==> Iteration [  1][ 131 /  521]: {'prec1_conv1': 10.5121, 'prec1_conv2': 12.3807, 'loss': 9.558, 'load_time': 73.8771, 'process_time': 26.1229}
[2020-12-05 00:16:28] INFO: ==> Iteration [  1][ 132 /  521]: {'prec1_conv1': 10.5469, 'prec1_conv2': 12.4132, 'loss': 9.5466, 'load_time': 73.8842, 'process_time': 26.1158}
[2020-12-05 00:16:28] INFO: ==> Iteration [  1][ 133 /  521]: {'prec1_conv1': 10.6242, 'prec1_conv2': 12.4922, 'loss': 9.5325, 'load_time': 73.8823, 'process_time': 26.1177}
[2020-12-05 00:16:28] INFO: ==> Iteration [  1][ 134 /  521]: {'prec1_conv1': 10.6654, 'prec1_conv2': 12.535, 'loss': 9.5227, 'load_time': 73.8951, 'process_time': 26.1049}
[2020-12-05 00:16:29] INFO: ==> Iteration [  1][ 135 /  521]: {'prec1_conv1': 10.7369, 'prec1_conv2': 12.5772, 'loss': 9.511, 'load_time': 73.8952, 'process_time': 26.1048}
[2020-12-05 00:16:29] INFO: ==> Iteration [  1][ 136 /  521]: {'prec1_conv1': 10.7575, 'prec1_conv2': 12.6111, 'loss': 9.5008, 'load_time': 73.906, 'process_time': 26.094}
[2020-12-05 00:16:29] INFO: ==> Iteration [  1][ 137 /  521]: {'prec1_conv1': 10.793, 'prec1_conv2': 12.6483, 'loss': 9.492, 'load_time': 73.8943, 'process_time': 26.1057}
[2020-12-05 00:16:29] INFO: ==> Iteration [  1][ 138 /  521]: {'prec1_conv1': 10.828, 'prec1_conv2': 12.7227, 'loss': 9.4759, 'load_time': 73.9047, 'process_time': 26.0953}
[2020-12-05 00:16:29] INFO: ==> Iteration [  1][ 139 /  521]: {'prec1_conv1': 10.8626, 'prec1_conv2': 12.7548, 'loss': 9.4641, 'load_time': 73.907, 'process_time': 26.093}
[2020-12-05 00:16:29] INFO: ==> Iteration [  1][ 140 /  521]: {'prec1_conv1': 10.8929, 'prec1_conv2': 12.779, 'loss': 9.4568, 'load_time': 73.9214, 'process_time': 26.0786}
[2020-12-05 00:16:30] INFO: ==> Iteration [  1][ 141 /  521]: {'prec1_conv1': 10.9486, 'prec1_conv2': 12.8177, 'loss': 9.446, 'load_time': 73.9212, 'process_time': 26.0788}
[2020-12-05 00:16:30] INFO: ==> Iteration [  1][ 142 /  521]: {'prec1_conv1': 10.9742, 'prec1_conv2': 12.8594, 'loss': 9.4355, 'load_time': 73.9345, 'process_time': 26.0655}
[2020-12-05 00:16:30] INFO: ==> Iteration [  1][ 143 /  521]: {'prec1_conv1': 11.0103, 'prec1_conv2': 12.9261, 'loss': 9.4235, 'load_time': 73.9326, 'process_time': 26.0674}
[2020-12-05 00:16:30] INFO: ==> Iteration [  1][ 144 /  521]: {'prec1_conv1': 11.0352, 'prec1_conv2': 12.963, 'loss': 9.4134, 'load_time': 73.9457, 'process_time': 26.0543}
[2020-12-05 00:16:31] INFO: ==> Iteration [  1][ 145 /  521]: {'prec1_conv1': 11.1099, 'prec1_conv2': 13.0208, 'loss': 9.4003, 'load_time': 73.9466, 'process_time': 26.0534}
[2020-12-05 00:16:31] INFO: ==> Iteration [  1][ 146 /  521]: {'prec1_conv1': 11.1337, 'prec1_conv2': 13.0494, 'loss': 9.3899, 'load_time': 73.9597, 'process_time': 26.0403}
[2020-12-05 00:16:31] INFO: ==> Iteration [  1][ 147 /  521]: {'prec1_conv1': 11.1607, 'prec1_conv2': 13.0917, 'loss': 9.3803, 'load_time': 73.9613, 'process_time': 26.0387}
[2020-12-05 00:16:31] INFO: ==> Iteration [  1][ 148 /  521]: {'prec1_conv1': 11.2437, 'prec1_conv2': 13.1722, 'loss': 9.367, 'load_time': 73.9719, 'process_time': 26.0281}
[2020-12-05 00:16:31] INFO: ==> Iteration [  1][ 149 /  521]: {'prec1_conv1': 11.2731, 'prec1_conv2': 13.2236, 'loss': 9.3549, 'load_time': 73.9803, 'process_time': 26.0197}
[2020-12-05 00:16:32] INFO: ==> Iteration [  1][ 150 /  521]: {'prec1_conv1': 11.3264, 'prec1_conv2': 13.2743, 'loss': 9.3425, 'load_time': 73.9856, 'process_time': 26.0144}
[2020-12-05 00:16:32] INFO: ==> Iteration [  1][ 151 /  521]: {'prec1_conv1': 11.3756, 'prec1_conv2': 13.3071, 'loss': 9.3302, 'load_time': 73.9741, 'process_time': 26.0259}
[2020-12-05 00:16:32] INFO: ==> Iteration [  1][ 152 /  521]: {'prec1_conv1': 11.4035, 'prec1_conv2': 13.3292, 'loss': 9.322, 'load_time': 73.9808, 'process_time': 26.0192}
[2020-12-05 00:16:32] INFO: ==> Iteration [  1][ 153 /  521]: {'prec1_conv1': 11.4447, 'prec1_conv2': 13.3919, 'loss': 9.3084, 'load_time': 73.9893, 'process_time': 26.0107}
[2020-12-05 00:16:33] INFO: ==> Iteration [  1][ 154 /  521]: {'prec1_conv1': 11.4719, 'prec1_conv2': 13.4537, 'loss': 9.2988, 'load_time': 73.9992, 'process_time': 26.0008}
[2020-12-05 00:16:33] INFO: ==> Iteration [  1][ 155 /  521]: {'prec1_conv1': 11.4886, 'prec1_conv2': 13.498, 'loss': 9.2889, 'load_time': 73.9962, 'process_time': 26.0038}
[2020-12-05 00:16:33] INFO: ==> Iteration [  1][ 156 /  521]: {'prec1_conv1': 11.4884, 'prec1_conv2': 13.515, 'loss': 9.2836, 'load_time': 74.0012, 'process_time': 25.9988}
[2020-12-05 00:16:33] INFO: ==> Iteration [  1][ 157 /  521]: {'prec1_conv1': 11.5545, 'prec1_conv2': 13.5682, 'loss': 9.2751, 'load_time': 74.0027, 'process_time': 25.9973}
[2020-12-05 00:16:33] INFO: ==> Iteration [  1][ 158 /  521]: {'prec1_conv1': 11.5902, 'prec1_conv2': 13.5977, 'loss': 9.2643, 'load_time': 74.0109, 'process_time': 25.9891}
[2020-12-05 00:16:33] INFO: ==> Iteration [  1][ 159 /  521]: {'prec1_conv1': 11.6516, 'prec1_conv2': 13.6661, 'loss': 9.2507, 'load_time': 74.0137, 'process_time': 25.9863}
[2020-12-05 00:16:33] INFO: ==> Iteration [  1][ 160 /  521]: {'prec1_conv1': 11.6992, 'prec1_conv2': 13.724, 'loss': 9.2389, 'load_time': 74.026, 'process_time': 25.974}
[2020-12-05 00:16:34] INFO: ==> Iteration [  1][ 161 /  521]: {'prec1_conv1': 11.7527, 'prec1_conv2': 13.7811, 'loss': 9.2275, 'load_time': 74.032, 'process_time': 25.968}
[2020-12-05 00:16:34] INFO: ==> Iteration [  1][ 162 /  521]: {'prec1_conv1': 11.8216, 'prec1_conv2': 13.8439, 'loss': 9.2157, 'load_time': 74.0435, 'process_time': 25.9565}
[2020-12-05 00:16:34] INFO: ==> Iteration [  1][ 163 /  521]: {'prec1_conv1': 11.8737, 'prec1_conv2': 13.8995, 'loss': 9.2044, 'load_time': 74.0538, 'process_time': 25.9462}
[2020-12-05 00:16:34] INFO: ==> Iteration [  1][ 164 /  521]: {'prec1_conv1': 11.9156, 'prec1_conv2': 13.9259, 'loss': 9.1958, 'load_time': 74.0637, 'process_time': 25.9363}
[2020-12-05 00:16:35] INFO: ==> Iteration [  1][ 165 /  521]: {'prec1_conv1': 11.935, 'prec1_conv2': 13.9394, 'loss': 9.1858, 'load_time': 74.065, 'process_time': 25.935}
[2020-12-05 00:16:35] INFO: ==> Iteration [  1][ 166 /  521]: {'prec1_conv1': 11.9917, 'prec1_conv2': 14.0029, 'loss': 9.1767, 'load_time': 74.0716, 'process_time': 25.9284}
[2020-12-05 00:16:35] INFO: ==> Iteration [  1][ 167 /  521]: {'prec1_conv1': 12.0384, 'prec1_conv2': 14.0656, 'loss': 9.1654, 'load_time': 74.0733, 'process_time': 25.9267}
[2020-12-05 00:16:35] INFO: ==> Iteration [  1][ 168 /  521]: {'prec1_conv1': 12.0846, 'prec1_conv2': 14.1059, 'loss': 9.1542, 'load_time': 74.0856, 'process_time': 25.9144}
[2020-12-05 00:16:36] INFO: ==> Iteration [  1][ 169 /  521]: {'prec1_conv1': 12.1333, 'prec1_conv2': 14.1734, 'loss': 9.142, 'load_time': 74.0851, 'process_time': 25.9149}
[2020-12-05 00:16:36] INFO: ==> Iteration [  1][ 170 /  521]: {'prec1_conv1': 12.2059, 'prec1_conv2': 14.2187, 'loss': 9.1294, 'load_time': 74.094, 'process_time': 25.906}
[2020-12-05 00:16:36] INFO: ==> Iteration [  1][ 171 /  521]: {'prec1_conv1': 12.232, 'prec1_conv2': 14.2605, 'loss': 9.1216, 'load_time': 74.0943, 'process_time': 25.9057}
[2020-12-05 00:16:36] INFO: ==> Iteration [  1][ 172 /  521]: {'prec1_conv1': 12.2729, 'prec1_conv2': 14.2836, 'loss': 9.1164, 'load_time': 74.1058, 'process_time': 25.8942}
[2020-12-05 00:16:36] INFO: ==> Iteration [  1][ 173 /  521]: {'prec1_conv1': 12.3043, 'prec1_conv2': 14.3244, 'loss': 9.1065, 'load_time': 74.1057, 'process_time': 25.8943}
[2020-12-05 00:16:36] INFO: ==> Iteration [  1][ 174 /  521]: {'prec1_conv1': 12.3503, 'prec1_conv2': 14.3918, 'loss': 9.0952, 'load_time': 74.1149, 'process_time': 25.8851}
[2020-12-05 00:16:37] INFO: ==> Iteration [  1][ 175 /  521]: {'prec1_conv1': 12.378, 'prec1_conv2': 14.4137, 'loss': 9.087, 'load_time': 74.1231, 'process_time': 25.8769}
[2020-12-05 00:16:37] INFO: ==> Iteration [  1][ 176 /  521]: {'prec1_conv1': 12.4201, 'prec1_conv2': 14.4413, 'loss': 9.0774, 'load_time': 74.1286, 'process_time': 25.8714}
[2020-12-05 00:16:37] INFO: ==> Iteration [  1][ 177 /  521]: {'prec1_conv1': 12.4676, 'prec1_conv2': 14.4862, 'loss': 9.0665, 'load_time': 74.1301, 'process_time': 25.8699}
[2020-12-05 00:16:37] INFO: ==> Iteration [  1][ 178 /  521]: {'prec1_conv1': 12.4766, 'prec1_conv2': 14.4897, 'loss': 9.0592, 'load_time': 74.1387, 'process_time': 25.8613}
[2020-12-05 00:16:37] INFO: ==> Iteration [  1][ 179 /  521]: {'prec1_conv1': 12.5436, 'prec1_conv2': 14.5484, 'loss': 9.05, 'load_time': 74.1356, 'process_time': 25.8644}
[2020-12-05 00:16:37] INFO: ==> Iteration [  1][ 180 /  521]: {'prec1_conv1': 12.5694, 'prec1_conv2': 14.5833, 'loss': 9.0435, 'load_time': 74.1336, 'process_time': 25.8664}
[2020-12-05 00:16:38] INFO: ==> Iteration [  1][ 181 /  521]: {'prec1_conv1': 12.5863, 'prec1_conv2': 14.6179, 'loss': 9.0353, 'load_time': 74.1328, 'process_time': 25.8672}
[2020-12-05 00:16:38] INFO: ==> Iteration [  1][ 182 /  521]: {'prec1_conv1': 12.6259, 'prec1_conv2': 14.6577, 'loss': 9.0262, 'load_time': 74.1394, 'process_time': 25.8606}
[2020-12-05 00:16:38] INFO: ==> Iteration [  1][ 183 /  521]: {'prec1_conv1': 12.6537, 'prec1_conv2': 14.6915, 'loss': 9.0174, 'load_time': 74.1408, 'process_time': 25.8592}
[2020-12-05 00:16:38] INFO: ==> Iteration [  1][ 184 /  521]: {'prec1_conv1': 12.6613, 'prec1_conv2': 14.7164, 'loss': 9.0108, 'load_time': 74.1516, 'process_time': 25.8484}
[2020-12-05 00:16:39] INFO: ==> Iteration [  1][ 185 /  521]: {'prec1_conv1': 12.7083, 'prec1_conv2': 14.7635, 'loss': 9.0005, 'load_time': 74.1511, 'process_time': 25.8489}
[2020-12-05 00:16:39] INFO: ==> Iteration [  1][ 186 /  521]: {'prec1_conv1': 12.752, 'prec1_conv2': 14.7989, 'loss': 8.991, 'load_time': 74.1526, 'process_time': 25.8474}
[2020-12-05 00:16:39] INFO: ==> Iteration [  1][ 187 /  521]: {'prec1_conv1': 12.7757, 'prec1_conv2': 14.8173, 'loss': 8.9838, 'load_time': 74.1542, 'process_time': 25.8458}
[2020-12-05 00:16:39] INFO: ==> Iteration [  1][ 188 /  521]: {'prec1_conv1': 12.8047, 'prec1_conv2': 14.8576, 'loss': 8.9754, 'load_time': 74.1651, 'process_time': 25.8349}
[2020-12-05 00:16:39] INFO: ==> Iteration [  1][ 189 /  521]: {'prec1_conv1': 12.8142, 'prec1_conv2': 14.881, 'loss': 8.9671, 'load_time': 74.1641, 'process_time': 25.8359}
[2020-12-05 00:16:40] INFO: ==> Iteration [  1][ 190 /  521]: {'prec1_conv1': 12.8399, 'prec1_conv2': 14.9507, 'loss': 8.9563, 'load_time': 74.1722, 'process_time': 25.8278}
[2020-12-05 00:16:40] INFO: ==> Iteration [  1][ 191 /  521]: {'prec1_conv1': 12.879, 'prec1_conv2': 14.976, 'loss': 8.9483, 'load_time': 74.1752, 'process_time': 25.8248}
[2020-12-05 00:16:40] INFO: ==> Iteration [  1][ 192 /  521]: {'prec1_conv1': 12.9178, 'prec1_conv2': 15.0336, 'loss': 8.9388, 'load_time': 74.1794, 'process_time': 25.8206}
[2020-12-05 00:16:40] INFO: ==> Iteration [  1][ 193 /  521]: {'prec1_conv1': 12.9669, 'prec1_conv2': 15.0853, 'loss': 8.9276, 'load_time': 74.187, 'process_time': 25.813}
[2020-12-05 00:16:40] INFO: ==> Iteration [  1][ 194 /  521]: {'prec1_conv1': 12.9886, 'prec1_conv2': 15.0907, 'loss': 8.9212, 'load_time': 74.1901, 'process_time': 25.8099}
[2020-12-05 00:16:41] INFO: ==> Iteration [  1][ 195 /  521]: {'prec1_conv1': 13.0048, 'prec1_conv2': 15.0935, 'loss': 8.9167, 'load_time': 74.1899, 'process_time': 25.8101}
[2020-12-05 00:16:41] INFO: ==> Iteration [  1][ 196 /  521]: {'prec1_conv1': 13.0368, 'prec1_conv2': 15.1095, 'loss': 8.9089, 'load_time': 74.1976, 'process_time': 25.8024}
[2020-12-05 00:16:41] INFO: ==> Iteration [  1][ 197 /  521]: {'prec1_conv1': 13.0922, 'prec1_conv2': 15.1755, 'loss': 8.899, 'load_time': 74.198, 'process_time': 25.802}
[2020-12-05 00:16:41] INFO: ==> Iteration [  1][ 198 /  521]: {'prec1_conv1': 13.1076, 'prec1_conv2': 15.1804, 'loss': 8.8923, 'load_time': 74.2071, 'process_time': 25.7929}
[2020-12-05 00:16:41] INFO: ==> Iteration [  1][ 199 /  521]: {'prec1_conv1': 13.1203, 'prec1_conv2': 15.201, 'loss': 8.8852, 'load_time': 74.2157, 'process_time': 25.7843}
[2020-12-05 00:16:41] INFO: ==> Iteration [  1][ 200 /  521]: {'prec1_conv1': 13.1172, 'prec1_conv2': 15.2083, 'loss': 8.879, 'load_time': 74.2222, 'process_time': 25.7778}
[2020-12-05 00:16:42] INFO: ==> Iteration [  1][ 201 /  521]: {'prec1_conv1': 13.1582, 'prec1_conv2': 15.2363, 'loss': 8.8706, 'load_time': 74.2232, 'process_time': 25.7768}
[2020-12-05 00:16:42] INFO: ==> Iteration [  1][ 202 /  521]: {'prec1_conv1': 13.1755, 'prec1_conv2': 15.2614, 'loss': 8.8627, 'load_time': 74.2321, 'process_time': 25.7679}
[2020-12-05 00:16:42] INFO: ==> Iteration [  1][ 203 /  521]: {'prec1_conv1': 13.2133, 'prec1_conv2': 15.3094, 'loss': 8.8551, 'load_time': 74.2304, 'process_time': 25.7696}
[2020-12-05 00:16:42] INFO: ==> Iteration [  1][ 204 /  521]: {'prec1_conv1': 13.2327, 'prec1_conv2': 15.3237, 'loss': 8.8496, 'load_time': 74.2373, 'process_time': 25.7627}
[2020-12-05 00:16:43] INFO: ==> Iteration [  1][ 205 /  521]: {'prec1_conv1': 13.2597, 'prec1_conv2': 15.3506, 'loss': 8.8417, 'load_time': 74.2403, 'process_time': 25.7597}
[2020-12-05 00:16:43] INFO: ==> Iteration [  1][ 206 /  521]: {'prec1_conv1': 13.3015, 'prec1_conv2': 15.4202, 'loss': 8.8326, 'load_time': 74.2474, 'process_time': 25.7526}
[2020-12-05 00:16:43] INFO: ==> Iteration [  1][ 207 /  521]: {'prec1_conv1': 13.3353, 'prec1_conv2': 15.4791, 'loss': 8.8247, 'load_time': 74.2496, 'process_time': 25.7504}
[2020-12-05 00:16:43] INFO: ==> Iteration [  1][ 208 /  521]: {'prec1_conv1': 13.3889, 'prec1_conv2': 15.5223, 'loss': 8.8162, 'load_time': 74.2572, 'process_time': 25.7428}
[2020-12-05 00:16:43] INFO: ==> Iteration [  1][ 209 /  521]: {'prec1_conv1': 13.422, 'prec1_conv2': 15.5502, 'loss': 8.81, 'load_time': 74.2555, 'process_time': 25.7445}
[2020-12-05 00:16:44] INFO: ==> Iteration [  1][ 210 /  521]: {'prec1_conv1': 13.4524, 'prec1_conv2': 15.563, 'loss': 8.804, 'load_time': 74.2613, 'process_time': 25.7387}
[2020-12-05 00:16:44] INFO: ==> Iteration [  1][ 211 /  521]: {'prec1_conv1': 13.4898, 'prec1_conv2': 15.6275, 'loss': 8.794, 'load_time': 74.2585, 'process_time': 25.7415}
[2020-12-05 00:16:44] INFO: ==> Iteration [  1][ 212 /  521]: {'prec1_conv1': 13.5368, 'prec1_conv2': 15.6692, 'loss': 8.7843, 'load_time': 74.2627, 'process_time': 25.7373}
[2020-12-05 00:16:44] INFO: ==> Iteration [  1][ 213 /  521]: {'prec1_conv1': 13.5563, 'prec1_conv2': 15.6959, 'loss': 8.779, 'load_time': 74.2633, 'process_time': 25.7367}
[2020-12-05 00:16:45] INFO: ==> Iteration [  1][ 214 /  521]: {'prec1_conv1': 13.5903, 'prec1_conv2': 15.7345, 'loss': 8.7714, 'load_time': 74.26, 'process_time': 25.74}
[2020-12-05 00:16:45] INFO: ==> Iteration [  1][ 215 /  521]: {'prec1_conv1': 13.6289, 'prec1_conv2': 15.7703, 'loss': 8.7632, 'load_time': 74.2661, 'process_time': 25.7339}
[2020-12-05 00:16:45] INFO: ==> Iteration [  1][ 216 /  521]: {'prec1_conv1': 13.6622, 'prec1_conv2': 15.8155, 'loss': 8.7541, 'load_time': 74.2659, 'process_time': 25.7341}
[2020-12-05 00:16:45] INFO: ==> Iteration [  1][ 217 /  521]: {'prec1_conv1': 13.6881, 'prec1_conv2': 15.853, 'loss': 8.7473, 'load_time': 74.2589, 'process_time': 25.7411}
[2020-12-05 00:16:45] INFO: ==> Iteration [  1][ 218 /  521]: {'prec1_conv1': 13.7041, 'prec1_conv2': 15.8806, 'loss': 8.7422, 'load_time': 74.2563, 'process_time': 25.7437}
[2020-12-05 00:16:45] INFO: ==> Iteration [  1][ 219 /  521]: {'prec1_conv1': 13.7224, 'prec1_conv2': 15.908, 'loss': 8.7353, 'load_time': 74.2504, 'process_time': 25.7496}
[2020-12-05 00:16:45] INFO: ==> Iteration [  1][ 220 /  521]: {'prec1_conv1': 13.7429, 'prec1_conv2': 15.9351, 'loss': 8.7289, 'load_time': 74.2543, 'process_time': 25.7457}
[2020-12-05 00:16:46] INFO: ==> Iteration [  1][ 221 /  521]: {'prec1_conv1': 13.7821, 'prec1_conv2': 15.9691, 'loss': 8.7216, 'load_time': 74.2491, 'process_time': 25.7509}
[2020-12-05 00:16:46] INFO: ==> Iteration [  1][ 222 /  521]: {'prec1_conv1': 13.8044, 'prec1_conv2': 16.0027, 'loss': 8.7144, 'load_time': 74.2536, 'process_time': 25.7464}
[2020-12-05 00:16:46] INFO: ==> Iteration [  1][ 223 /  521]: {'prec1_conv1': 13.8289, 'prec1_conv2': 16.0244, 'loss': 8.7081, 'load_time': 74.2514, 'process_time': 25.7486}
[2020-12-05 00:16:46] INFO: ==> Iteration [  1][ 224 /  521]: {'prec1_conv1': 13.8486, 'prec1_conv2': 16.0598, 'loss': 8.7025, 'load_time': 74.2576, 'process_time': 25.7424}
[2020-12-05 00:16:47] INFO: ==> Iteration [  1][ 225 /  521]: {'prec1_conv1': 13.875, 'prec1_conv2': 16.1065, 'loss': 8.6946, 'load_time': 74.2584, 'process_time': 25.7416}
[2020-12-05 00:16:47] INFO: ==> Iteration [  1][ 226 /  521]: {'prec1_conv1': 13.8943, 'prec1_conv2': 16.1113, 'loss': 8.69, 'load_time': 74.2548, 'process_time': 25.7452}
[2020-12-05 00:16:47] INFO: ==> Iteration [  1][ 227 /  521]: {'prec1_conv1': 13.9134, 'prec1_conv2': 16.1389, 'loss': 8.6848, 'load_time': 74.2445, 'process_time': 25.7555}
[2020-12-05 00:16:47] INFO: ==> Iteration [  1][ 228 /  521]: {'prec1_conv1': 13.9574, 'prec1_conv2': 16.1892, 'loss': 8.6769, 'load_time': 74.2512, 'process_time': 25.7488}
[2020-12-05 00:16:47] INFO: ==> Iteration [  1][ 229 /  521]: {'prec1_conv1': 13.9715, 'prec1_conv2': 16.2141, 'loss': 8.6704, 'load_time': 74.2534, 'process_time': 25.7466}
[2020-12-05 00:16:47] INFO: ==> Iteration [  1][ 230 /  521]: {'prec1_conv1': 14.0036, 'prec1_conv2': 16.2523, 'loss': 8.6641, 'load_time': 74.2602, 'process_time': 25.7398}
[2020-12-05 00:16:48] INFO: ==> Iteration [  1][ 231 /  521]: {'prec1_conv1': 14.058, 'prec1_conv2': 16.3059, 'loss': 8.6559, 'load_time': 74.2595, 'process_time': 25.7405}
[2020-12-05 00:16:48] INFO: ==> Iteration [  1][ 232 /  521]: {'prec1_conv1': 14.0849, 'prec1_conv2': 16.3232, 'loss': 8.65, 'load_time': 74.2634, 'process_time': 25.7366}
[2020-12-05 00:16:48] INFO: ==> Iteration [  1][ 233 /  521]: {'prec1_conv1': 14.1161, 'prec1_conv2': 16.3492, 'loss': 8.6442, 'load_time': 74.2684, 'process_time': 25.7316}
[2020-12-05 00:16:48] INFO: ==> Iteration [  1][ 234 /  521]: {'prec1_conv1': 14.1471, 'prec1_conv2': 16.4018, 'loss': 8.6378, 'load_time': 74.2731, 'process_time': 25.7269}
[2020-12-05 00:16:48] INFO: ==> Iteration [  1][ 235 /  521]: {'prec1_conv1': 14.2066, 'prec1_conv2': 16.4495, 'loss': 8.6307, 'load_time': 74.2724, 'process_time': 25.7276}
[2020-12-05 00:16:49] INFO: ==> Iteration [  1][ 236 /  521]: {'prec1_conv1': 14.2501, 'prec1_conv2': 16.4835, 'loss': 8.6246, 'load_time': 74.279, 'process_time': 25.721}
[2020-12-05 00:16:49] INFO: ==> Iteration [  1][ 237 /  521]: {'prec1_conv1': 14.2603, 'prec1_conv2': 16.4931, 'loss': 8.62, 'load_time': 74.2785, 'process_time': 25.7215}
[2020-12-05 00:16:49] INFO: ==> Iteration [  1][ 238 /  521]: {'prec1_conv1': 14.2704, 'prec1_conv2': 16.5157, 'loss': 8.6141, 'load_time': 74.2808, 'process_time': 25.7192}
[2020-12-05 00:16:49] INFO: ==> Iteration [  1][ 239 /  521]: {'prec1_conv1': 14.3044, 'prec1_conv2': 16.5316, 'loss': 8.6078, 'load_time': 74.2862, 'process_time': 25.7138}
[2020-12-05 00:16:49] INFO: ==> Iteration [  1][ 240 /  521]: {'prec1_conv1': 14.3403, 'prec1_conv2': 16.5755, 'loss': 8.601, 'load_time': 74.2922, 'process_time': 25.7078}
[2020-12-05 00:16:50] INFO: ==> Iteration [  1][ 241 /  521]: {'prec1_conv1': 14.3543, 'prec1_conv2': 16.6062, 'loss': 8.5956, 'load_time': 74.2921, 'process_time': 25.7079}
[2020-12-05 00:16:50] INFO: ==> Iteration [  1][ 242 /  521]: {'prec1_conv1': 14.3982, 'prec1_conv2': 16.643, 'loss': 8.59, 'load_time': 74.2985, 'process_time': 25.7015}
[2020-12-05 00:16:50] INFO: ==> Iteration [  1][ 243 /  521]: {'prec1_conv1': 14.4269, 'prec1_conv2': 16.671, 'loss': 8.5839, 'load_time': 74.3044, 'process_time': 25.6956}
[2020-12-05 00:16:50] INFO: ==> Iteration [  1][ 244 /  521]: {'prec1_conv1': 14.4553, 'prec1_conv2': 16.703, 'loss': 8.5781, 'load_time': 74.311, 'process_time': 25.689}
[2020-12-05 00:16:51] INFO: ==> Iteration [  1][ 245 /  521]: {'prec1_conv1': 14.4579, 'prec1_conv2': 16.7156, 'loss': 8.5749, 'load_time': 74.3095, 'process_time': 25.6905}
[2020-12-05 00:16:51] INFO: ==> Iteration [  1][ 246 /  521]: {'prec1_conv1': 14.4648, 'prec1_conv2': 16.7238, 'loss': 8.5695, 'load_time': 74.313, 'process_time': 25.687}
[2020-12-05 00:16:51] INFO: ==> Iteration [  1][ 247 /  521]: {'prec1_conv1': 14.4842, 'prec1_conv2': 16.7489, 'loss': 8.5634, 'load_time': 74.3127, 'process_time': 25.6873}
[2020-12-05 00:16:51] INFO: ==> Iteration [  1][ 248 /  521]: {'prec1_conv1': 14.5077, 'prec1_conv2': 16.7801, 'loss': 8.5581, 'load_time': 74.3197, 'process_time': 25.6803}
[2020-12-05 00:16:51] INFO: ==> Iteration [  1][ 249 /  521]: {'prec1_conv1': 14.5206, 'prec1_conv2': 16.7922, 'loss': 8.5533, 'load_time': 74.3197, 'process_time': 25.6803}
[2020-12-05 00:16:52] INFO: ==> Iteration [  1][ 250 /  521]: {'prec1_conv1': 14.55, 'prec1_conv2': 16.825, 'loss': 8.5467, 'load_time': 74.3256, 'process_time': 25.6744}
[2020-12-05 00:16:52] INFO: ==> Iteration [  1][ 251 /  521]: {'prec1_conv1': 14.5999, 'prec1_conv2': 16.8659, 'loss': 8.5398, 'load_time': 74.3257, 'process_time': 25.6743}
[2020-12-05 00:16:52] INFO: ==> Iteration [  1][ 252 /  521]: {'prec1_conv1': 14.6288, 'prec1_conv2': 16.894, 'loss': 8.5342, 'load_time': 74.3308, 'process_time': 25.6692}
[2020-12-05 00:16:52] INFO: ==> Iteration [  1][ 253 /  521]: {'prec1_conv1': 14.6369, 'prec1_conv2': 16.9137, 'loss': 8.5296, 'load_time': 74.33, 'process_time': 25.67}
[2020-12-05 00:16:52] INFO: ==> Iteration [  1][ 254 /  521]: {'prec1_conv1': 14.6818, 'prec1_conv2': 16.9496, 'loss': 8.5223, 'load_time': 74.333, 'process_time': 25.667}
[2020-12-05 00:16:52] INFO: ==> Iteration [  1][ 255 /  521]: {'prec1_conv1': 14.7141, 'prec1_conv2': 16.9894, 'loss': 8.516, 'load_time': 74.3326, 'process_time': 25.6674}
[2020-12-05 00:16:53] INFO: ==> Iteration [  1][ 256 /  521]: {'prec1_conv1': 14.7339, 'prec1_conv2': 16.9922, 'loss': 8.5119, 'load_time': 74.3377, 'process_time': 25.6623}
[2020-12-05 00:16:53] INFO: ==> Iteration [  1][ 257 /  521]: {'prec1_conv1': 14.7698, 'prec1_conv2': 17.0132, 'loss': 8.5067, 'load_time': 74.3329, 'process_time': 25.6671}
[2020-12-05 00:16:53] INFO: ==> Iteration [  1][ 258 /  521]: {'prec1_conv1': 14.7953, 'prec1_conv2': 17.0543, 'loss': 8.5005, 'load_time': 74.3358, 'process_time': 25.6642}
[2020-12-05 00:16:53] INFO: ==> Iteration [  1][ 259 /  521]: {'prec1_conv1': 14.8448, 'prec1_conv2': 17.087, 'loss': 8.4935, 'load_time': 74.3344, 'process_time': 25.6656}
[2020-12-05 00:16:53] INFO: ==> Iteration [  1][ 260 /  521]: {'prec1_conv1': 14.8958, 'prec1_conv2': 17.1274, 'loss': 8.4865, 'load_time': 74.3372, 'process_time': 25.6628}
[2020-12-05 00:16:54] INFO: ==> Iteration [  1][ 261 /  521]: {'prec1_conv1': 14.9465, 'prec1_conv2': 17.1755, 'loss': 8.4804, 'load_time': 74.3318, 'process_time': 25.6682}
[2020-12-05 00:16:54] INFO: ==> Iteration [  1][ 262 /  521]: {'prec1_conv1': 14.961, 'prec1_conv2': 17.2034, 'loss': 8.4757, 'load_time': 74.338, 'process_time': 25.662}
[2020-12-05 00:16:54] INFO: ==> Iteration [  1][ 263 /  521]: {'prec1_conv1': 14.9952, 'prec1_conv2': 17.235, 'loss': 8.469, 'load_time': 74.3383, 'process_time': 25.6617}
[2020-12-05 00:16:54] INFO: ==> Iteration [  1][ 264 /  521]: {'prec1_conv1': 15.0174, 'prec1_conv2': 17.2605, 'loss': 8.4639, 'load_time': 74.3387, 'process_time': 25.6613}
[2020-12-05 00:16:55] INFO: ==> Iteration [  1][ 265 /  521]: {'prec1_conv1': 15.0668, 'prec1_conv2': 17.2917, 'loss': 8.4579, 'load_time': 74.3346, 'process_time': 25.6654}
[2020-12-05 00:16:55] INFO: ==> Iteration [  1][ 266 /  521]: {'prec1_conv1': 15.0905, 'prec1_conv2': 17.3148, 'loss': 8.452, 'load_time': 74.3399, 'process_time': 25.6601}
[2020-12-05 00:16:55] INFO: ==> Iteration [  1][ 267 /  521]: {'prec1_conv1': 15.1139, 'prec1_conv2': 17.3279, 'loss': 8.4472, 'load_time': 74.3431, 'process_time': 25.6569}
[2020-12-05 00:16:55] INFO: ==> Iteration [  1][ 268 /  521]: {'prec1_conv1': 15.1411, 'prec1_conv2': 17.3682, 'loss': 8.4418, 'load_time': 74.3477, 'process_time': 25.6523}
[2020-12-05 00:16:55] INFO: ==> Iteration [  1][ 269 /  521]: {'prec1_conv1': 15.1739, 'prec1_conv2': 17.3908, 'loss': 8.4366, 'load_time': 74.3457, 'process_time': 25.6543}
[2020-12-05 00:16:55] INFO: ==> Iteration [  1][ 270 /  521]: {'prec1_conv1': 15.2045, 'prec1_conv2': 17.4209, 'loss': 8.4307, 'load_time': 74.3478, 'process_time': 25.6522}
[2020-12-05 00:16:56] INFO: ==> Iteration [  1][ 271 /  521]: {'prec1_conv1': 15.2329, 'prec1_conv2': 17.4373, 'loss': 8.4273, 'load_time': 74.3529, 'process_time': 25.6471}
[2020-12-05 00:16:56] INFO: ==> Iteration [  1][ 272 /  521]: {'prec1_conv1': 15.2937, 'prec1_conv2': 17.4824, 'loss': 8.4203, 'load_time': 74.3588, 'process_time': 25.6412}
[2020-12-05 00:16:56] INFO: ==> Iteration [  1][ 273 /  521]: {'prec1_conv1': 15.3083, 'prec1_conv2': 17.508, 'loss': 8.415, 'load_time': 74.355, 'process_time': 25.645}
[2020-12-05 00:16:56] INFO: ==> Iteration [  1][ 274 /  521]: {'prec1_conv1': 15.3228, 'prec1_conv2': 17.5144, 'loss': 8.412, 'load_time': 74.3596, 'process_time': 25.6404}
[2020-12-05 00:16:56] INFO: ==> Iteration [  1][ 275 /  521]: {'prec1_conv1': 15.358, 'prec1_conv2': 17.536, 'loss': 8.4066, 'load_time': 74.359, 'process_time': 25.641}
[2020-12-05 00:16:56] INFO: ==> Iteration [  1][ 276 /  521]: {'prec1_conv1': 15.4042, 'prec1_conv2': 17.5725, 'loss': 8.4009, 'load_time': 74.3636, 'process_time': 25.6364}
[2020-12-05 00:16:57] INFO: ==> Iteration [  1][ 277 /  521]: {'prec1_conv1': 15.4295, 'prec1_conv2': 17.5936, 'loss': 8.3951, 'load_time': 74.3629, 'process_time': 25.6371}
[2020-12-05 00:16:57] INFO: ==> Iteration [  1][ 278 /  521]: {'prec1_conv1': 15.4489, 'prec1_conv2': 17.6165, 'loss': 8.3905, 'load_time': 74.367, 'process_time': 25.633}
[2020-12-05 00:16:57] INFO: ==> Iteration [  1][ 279 /  521]: {'prec1_conv1': 15.4663, 'prec1_conv2': 17.6299, 'loss': 8.3868, 'load_time': 74.3692, 'process_time': 25.6308}
[2020-12-05 00:16:57] INFO: ==> Iteration [  1][ 280 /  521]: {'prec1_conv1': 15.4855, 'prec1_conv2': 17.6395, 'loss': 8.3818, 'load_time': 74.3742, 'process_time': 25.6258}
[2020-12-05 00:16:57] INFO: ==> Iteration [  1][ 281 /  521]: {'prec1_conv1': 15.5045, 'prec1_conv2': 17.6694, 'loss': 8.3762, 'load_time': 74.3746, 'process_time': 25.6254}
