[2020-11-21 11:18:13] INFO: Algorithm options {'data_train_opt': {'batch_size': 192, 'unsupervised': True, 'random_sized_crop': True, 'dataset_name': 'imagenet', 'split': 'train'}, 'data_test_opt': {'batch_size': 192, 'unsupervised': True, 'random_sized_crop': False, 'dataset_name': 'imagenet', 'split': 'val'}, 'max_num_epochs': 245, 'networks': {'feature': {'def_file': 'architectures/AlexNetFeature.py', 'pretrained': None, 'opt': {}, 'optim_params': {'optim_type': 'sgd', 'lr': 0.1, 'momentum': 0.9, 'weight_decay': 0.0005, 'nesterov': True, 'LUT_lr': [(90, 0.01), (130, 0.001), (190, 0.0001), (210, 1e-05), (230, 0.0001), (245, 1e-05)]}}, 'classifier': {'def_file': 'architectures/AlexNetClassifier.py', 'pretrained': None, 'opt': {'num_classes': 4}, 'optim_params': {'optim_type': 'sgd', 'lr': 0.1, 'momentum': 0.9, 'weight_decay': 0.0005, 'nesterov': True, 'LUT_lr': [(90, 0.01), (130, 0.001), (190, 0.0001), (210, 1e-05), (230, 0.0001), (245, 1e-05)]}}, 'norm': {'def_file': 'architectures/LinearTransformationNorm.py', 'pretrained': None, 'opt': {'low_dim': 128, 'num_feat': 2048}, 'optim_params': {'optim_type': 'sgd', 'lr': 0.1, 'momentum': 0.9, 'weight_decay': 0.0005, 'nesterov': True, 'LUT_lr': [(90, 0.01), (130, 0.001), (190, 0.0001), (210, 1e-05), (230, 0.0001), (245, 1e-05)]}}}, 'criterions': {'loss_cls': {'ctype': 'CrossEntropyLoss', 'opt': {'reduce': False}}, 'loss_mse': {'ctype': 'MSELoss', 'opt': None}, 'nce_average': {'ctype': 'NCEAverage', 'opt': {'def_file': 'architectures/NCEAverage.py', 'net_opt': {'low_dim': 128, 'ndata': 1281167, 'nce_k': 4096, 'nce_t': 0.07, 'nce_m': 0.5}}}, 'nce_criterion': {'ctype': 'NCECriterion', 'opt': {'def_file': 'architectures/NCECriterion.py', 'net_opt': {'ndata': 1281167}}}}, 'lambda_loss': {'cls': 1.0, 'mse': 1.0, 'nce': 1.0}, 'gama': 2, 'algorithm_type': 'DecouplingModel', 'exp_dir': '../_experiments/ImageNet_Decoupling_AlexNet', 'disp_step': 1}
[2020-11-21 11:18:13] INFO: Set network feature
[2020-11-21 11:18:13] INFO: ==> Initiliaze network feature from file architectures/AlexNetFeature.py with opts: {}
[2020-11-21 11:18:13] INFO: Set network classifier
[2020-11-21 11:18:13] INFO: ==> Initiliaze network classifier from file architectures/AlexNetClassifier.py with opts: {'num_classes': 4}
[2020-11-21 11:18:13] INFO: Set network norm
[2020-11-21 11:18:13] INFO: ==> Initiliaze network norm from file architectures/LinearTransformationNorm.py with opts: {'low_dim': 128, 'num_feat': 2048}
[2020-11-21 11:18:13] INFO: Initialize criterion[loss_cls]: CrossEntropyLoss with options: {'reduce': False}
[2020-11-21 11:18:13] INFO: Initialize criterion[loss_mse]: MSELoss with options: None
[2020-11-21 11:18:13] INFO: Initialize criterion[nce_average]: NCEAverage with options: {'def_file': 'architectures/NCEAverage.py', 'net_opt': {'low_dim': 128, 'ndata': 1281167, 'nce_k': 4096, 'nce_t': 0.07, 'nce_m': 0.5}}
[2020-11-21 11:18:36] INFO: Initialize criterion[nce_criterion]: NCECriterion with options: {'def_file': 'architectures/NCECriterion.py', 'net_opt': {'ndata': 1281167}}
[2020-11-21 11:18:36] INFO: ==> Initiliaze network NCECriterion from file architectures/NCECriterion.py with opts: {'ndata': 1281167}
[2020-11-21 11:18:45] INFO: Initialize optimizer: sgd with params: {'optim_type': 'sgd', 'lr': 0.1, 'momentum': 0.9, 'weight_decay': 0.0005, 'nesterov': True, 'LUT_lr': [(90, 0.01), (130, 0.001), (190, 0.0001), (210, 1e-05), (230, 0.0001), (245, 1e-05)]} for network: feature
[2020-11-21 11:18:45] INFO: Initialize optimizer: sgd with params: {'optim_type': 'sgd', 'lr': 0.1, 'momentum': 0.9, 'weight_decay': 0.0005, 'nesterov': True, 'LUT_lr': [(90, 0.01), (130, 0.001), (190, 0.0001), (210, 1e-05), (230, 0.0001), (245, 1e-05)]} for network: classifier
[2020-11-21 11:18:45] INFO: Initialize optimizer: sgd with params: {'optim_type': 'sgd', 'lr': 0.1, 'momentum': 0.9, 'weight_decay': 0.0005, 'nesterov': True, 'LUT_lr': [(90, 0.01), (130, 0.001), (190, 0.0001), (210, 1e-05), (230, 0.0001), (245, 1e-05)]} for network: norm
[2020-11-21 11:18:45] INFO: 

[2020-11-21 11:18:45] INFO: Training epoch [  1 / 245]
[2020-11-21 11:18:45] INFO: ==> Set to feature optimizer lr = 0.0100000000
[2020-11-21 11:18:45] INFO: ==> Set to classifier optimizer lr = 0.0100000000
[2020-11-21 11:18:45] INFO: ==> Set to norm optimizer lr = 0.0100000000
[2020-11-21 11:18:45] INFO: Training: ImageNet_Decoupling_AlexNet
[2020-11-21 11:18:45] INFO: ==> Dataset: imagenet_train [100000 images]
[2020-11-21 11:18:45] INFO: ==> Iteration steps in one epoch: 521 [batch size 192]
[2020-11-21 11:18:51] INFO: ==> Iteration [  1][   1 /  521]: {'prec_cls': 24.8698, 'loss': 11.7356, 'loss_cls': 1.405, 'loss_mse': 0.0698, 'loss_nce': 10.2609, 'load_time': 6.0214, 'process_time': 93.9786}
[2020-11-21 11:18:55] INFO: ==> Iteration [  1][   2 /  521]: {'prec_cls': 24.9349, 'loss': 11.7039, 'loss_cls': 1.4028, 'loss_mse': 0.0651, 'loss_nce': 10.2361, 'load_time': 10.3299, 'process_time': 89.6701}
[2020-11-21 11:18:58] INFO: ==> Iteration [  1][   3 /  521]: {'prec_cls': 25.6076, 'loss': 11.6747, 'loss_cls': 1.3975, 'loss_mse': 0.0622, 'loss_nce': 10.2149, 'load_time': 11.3788, 'process_time': 88.6212}
[2020-11-21 11:19:02] INFO: ==> Iteration [  1][   4 /  521]: {'prec_cls': 26.1068, 'loss': 11.7313, 'loss_cls': 1.3936, 'loss_mse': 0.0593, 'loss_nce': 10.2784, 'load_time': 12.7421, 'process_time': 87.2579}
[2020-11-21 11:19:06] INFO: ==> Iteration [  1][   5 /  521]: {'prec_cls': 27.3958, 'loss': 11.7677, 'loss_cls': 1.3864, 'loss_mse': 0.0561, 'loss_nce': 10.3252, 'load_time': 12.5935, 'process_time': 87.4065}
[2020-11-21 11:19:09] INFO: ==> Iteration [  1][   6 /  521]: {'prec_cls': 28.8845, 'loss': 11.7869, 'loss_cls': 1.378, 'loss_mse': 0.0534, 'loss_nce': 10.3555, 'load_time': 12.5584, 'process_time': 87.4416}
[2020-11-21 11:19:13] INFO: ==> Iteration [  1][   7 /  521]: {'prec_cls': 29.4271, 'loss': 11.8105, 'loss_cls': 1.3749, 'loss_mse': 0.0502, 'loss_nce': 10.3853, 'load_time': 12.8996, 'process_time': 87.1004}
[2020-11-21 11:19:17] INFO: ==> Iteration [  1][   8 /  521]: {'prec_cls': 31.2988, 'loss': 11.8346, 'loss_cls': 1.3661, 'loss_mse': 0.0478, 'loss_nce': 10.4208, 'load_time': 13.1293, 'process_time': 86.8707}
[2020-11-21 11:19:20] INFO: ==> Iteration [  1][   9 /  521]: {'prec_cls': 31.5828, 'loss': 11.8536, 'loss_cls': 1.3653, 'loss_mse': 0.0453, 'loss_nce': 10.443, 'load_time': 13.0495, 'process_time': 86.9505}
[2020-11-21 11:19:24] INFO: ==> Iteration [  1][  10 /  521]: {'prec_cls': 32.1615, 'loss': 11.8704, 'loss_cls': 1.3627, 'loss_mse': 0.0429, 'loss_nce': 10.4647, 'load_time': 13.2111, 'process_time': 86.7889}
[2020-11-21 11:19:27] INFO: ==> Iteration [  1][  11 /  521]: {'prec_cls': 32.4692, 'loss': 11.8886, 'loss_cls': 1.3623, 'loss_mse': 0.0407, 'loss_nce': 10.4855, 'load_time': 13.1316, 'process_time': 86.8684}
[2020-11-21 11:19:31] INFO: ==> Iteration [  1][  12 /  521]: {'prec_cls': 33.0946, 'loss': 11.9003, 'loss_cls': 1.3571, 'loss_mse': 0.0387, 'loss_nce': 10.5045, 'load_time': 13.2399, 'process_time': 86.7601}
[2020-11-21 11:19:34] INFO: ==> Iteration [  1][  13 /  521]: {'prec_cls': 33.8542, 'loss': 11.9118, 'loss_cls': 1.3527, 'loss_mse': 0.0371, 'loss_nce': 10.5221, 'load_time': 13.1748, 'process_time': 86.8252}
[2020-11-21 11:19:38] INFO: ==> Iteration [  1][  14 /  521]: {'prec_cls': 33.7891, 'loss': 11.9176, 'loss_cls': 1.3528, 'loss_mse': 0.0356, 'loss_nce': 10.5291, 'load_time': 13.2879, 'process_time': 86.7121}
[2020-11-21 11:19:41] INFO: ==> Iteration [  1][  15 /  521]: {'prec_cls': 34.1667, 'loss': 11.9232, 'loss_cls': 1.3499, 'loss_mse': 0.0343, 'loss_nce': 10.5391, 'load_time': 13.242, 'process_time': 86.758}
[2020-11-21 11:19:45] INFO: ==> Iteration [  1][  16 /  521]: {'prec_cls': 34.5703, 'loss': 11.9238, 'loss_cls': 1.3481, 'loss_mse': 0.0331, 'loss_nce': 10.5426, 'load_time': 13.2574, 'process_time': 86.7426}
[2020-11-21 11:19:48] INFO: ==> Iteration [  1][  17 /  521]: {'prec_cls': 34.7963, 'loss': 11.9215, 'loss_cls': 1.3458, 'loss_mse': 0.032, 'loss_nce': 10.5437, 'load_time': 13.2822, 'process_time': 86.7178}
[2020-11-21 11:19:52] INFO: ==> Iteration [  1][  18 /  521]: {'prec_cls': 34.7439, 'loss': 11.9224, 'loss_cls': 1.3462, 'loss_mse': 0.0309, 'loss_nce': 10.5453, 'load_time': 13.2461, 'process_time': 86.7539}
[2020-11-21 11:19:56] INFO: ==> Iteration [  1][  19 /  521]: {'prec_cls': 34.9781, 'loss': 11.9338, 'loss_cls': 1.3443, 'loss_mse': 0.0299, 'loss_nce': 10.5596, 'load_time': 13.216, 'process_time': 86.784}
[2020-11-21 11:19:59] INFO: ==> Iteration [  1][  20 /  521]: {'prec_cls': 34.8242, 'loss': 11.9474, 'loss_cls': 1.346, 'loss_mse': 0.0289, 'loss_nce': 10.5725, 'load_time': 13.2934, 'process_time': 86.7066}
[2020-11-21 11:20:03] INFO: ==> Iteration [  1][  21 /  521]: {'prec_cls': 35.0632, 'loss': 11.9597, 'loss_cls': 1.344, 'loss_mse': 0.0281, 'loss_nce': 10.5877, 'load_time': 13.2518, 'process_time': 86.7482}
[2020-11-21 11:20:06] INFO: ==> Iteration [  1][  22 /  521]: {'prec_cls': 35.174, 'loss': 11.9658, 'loss_cls': 1.3424, 'loss_mse': 0.0272, 'loss_nce': 10.5961, 'load_time': 13.3177, 'process_time': 86.6823}
[2020-11-21 11:20:10] INFO: ==> Iteration [  1][  23 /  521]: {'prec_cls': 35.1449, 'loss': 11.9831, 'loss_cls': 1.3432, 'loss_mse': 0.0265, 'loss_nce': 10.6134, 'load_time': 13.2657, 'process_time': 86.7343}
[2020-11-21 11:20:13] INFO: ==> Iteration [  1][  24 /  521]: {'prec_cls': 35.1508, 'loss': 11.9941, 'loss_cls': 1.3431, 'loss_mse': 0.0258, 'loss_nce': 10.6252, 'load_time': 13.325, 'process_time': 86.675}
[2020-11-21 11:20:17] INFO: ==> Iteration [  1][  25 /  521]: {'prec_cls': 35.1146, 'loss': 12.0007, 'loss_cls': 1.3425, 'loss_mse': 0.0252, 'loss_nce': 10.6331, 'load_time': 13.38, 'process_time': 86.62}
[2020-11-21 11:20:20] INFO: ==> Iteration [  1][  26 /  521]: {'prec_cls': 35.1663, 'loss': 12.0133, 'loss_cls': 1.343, 'loss_mse': 0.0246, 'loss_nce': 10.6458, 'load_time': 13.437, 'process_time': 86.563}
[2020-11-21 11:20:24] INFO: ==> Iteration [  1][  27 /  521]: {'prec_cls': 35.325, 'loss': 12.0216, 'loss_cls': 1.342, 'loss_mse': 0.024, 'loss_nce': 10.6556, 'load_time': 13.4393, 'process_time': 86.5607}
[2020-11-21 11:20:27] INFO: ==> Iteration [  1][  28 /  521]: {'prec_cls': 35.2074, 'loss': 12.0344, 'loss_cls': 1.3426, 'loss_mse': 0.0234, 'loss_nce': 10.6684, 'load_time': 13.4419, 'process_time': 86.5581}
[2020-11-21 11:20:31] INFO: ==> Iteration [  1][  29 /  521]: {'prec_cls': 35.2236, 'loss': 12.0473, 'loss_cls': 1.3427, 'loss_mse': 0.0229, 'loss_nce': 10.6817, 'load_time': 13.4864, 'process_time': 86.5136}
[2020-11-21 11:20:34] INFO: ==> Iteration [  1][  30 /  521]: {'prec_cls': 35.4123, 'loss': 12.0613, 'loss_cls': 1.342, 'loss_mse': 0.0224, 'loss_nce': 10.6969, 'load_time': 13.5308, 'process_time': 86.4692}
[2020-11-21 11:20:37] INFO: ==> Iteration [  1][  31 /  521]: {'prec_cls': 35.3537, 'loss': 12.0736, 'loss_cls': 1.3425, 'loss_mse': 0.0219, 'loss_nce': 10.7092, 'load_time': 13.5677, 'process_time': 86.4323}
[2020-11-21 11:20:41] INFO: ==> Iteration [  1][  32 /  521]: {'prec_cls': 35.5062, 'loss': 12.0834, 'loss_cls': 1.3413, 'loss_mse': 0.0215, 'loss_nce': 10.7206, 'load_time': 13.6037, 'process_time': 86.3963}
[2020-11-21 11:20:44] INFO: ==> Iteration [  1][  33 /  521]: {'prec_cls': 35.4956, 'loss': 12.0903, 'loss_cls': 1.3414, 'loss_mse': 0.0211, 'loss_nce': 10.7278, 'load_time': 13.5793, 'process_time': 86.4207}
[2020-11-21 11:20:47] INFO: ==> Iteration [  1][  34 /  521]: {'prec_cls': 35.6847, 'loss': 12.1036, 'loss_cls': 1.3404, 'loss_mse': 0.0207, 'loss_nce': 10.7424, 'load_time': 13.553, 'process_time': 86.447}
[2020-11-21 11:20:51] INFO: ==> Iteration [  1][  35 /  521]: {'prec_cls': 35.6399, 'loss': 12.1142, 'loss_cls': 1.3406, 'loss_mse': 0.0203, 'loss_nce': 10.7532, 'load_time': 13.5819, 'process_time': 86.4181}
[2020-11-21 11:20:54] INFO: ==> Iteration [  1][  36 /  521]: {'prec_cls': 35.6228, 'loss': 12.1178, 'loss_cls': 1.3402, 'loss_mse': 0.02, 'loss_nce': 10.7577, 'load_time': 13.4421, 'process_time': 86.5579}
[2020-11-21 11:20:58] INFO: ==> Iteration [  1][  37 /  521]: {'prec_cls': 35.6419, 'loss': 12.1285, 'loss_cls': 1.3399, 'loss_mse': 0.0197, 'loss_nce': 10.7689, 'load_time': 13.468, 'process_time': 86.532}
[2020-11-21 11:21:01] INFO: ==> Iteration [  1][  38 /  521]: {'prec_cls': 35.6051, 'loss': 12.1346, 'loss_cls': 1.3398, 'loss_mse': 0.0194, 'loss_nce': 10.7754, 'load_time': 13.6636, 'process_time': 86.3364}
[2020-11-21 11:21:04] INFO: ==> Iteration [  1][  39 /  521]: {'prec_cls': 35.7706, 'loss': 12.1385, 'loss_cls': 1.3386, 'loss_mse': 0.0191, 'loss_nce': 10.7809, 'load_time': 13.6131, 'process_time': 86.3869}
[2020-11-21 11:21:08] INFO: ==> Iteration [  1][  40 /  521]: {'prec_cls': 35.9863, 'loss': 12.1416, 'loss_cls': 1.3361, 'loss_mse': 0.0188, 'loss_nce': 10.7867, 'load_time': 13.5868, 'process_time': 86.4132}
[2020-11-21 11:21:11] INFO: ==> Iteration [  1][  41 /  521]: {'prec_cls': 35.8518, 'loss': 12.1507, 'loss_cls': 1.3362, 'loss_mse': 0.0185, 'loss_nce': 10.796, 'load_time': 13.5634, 'process_time': 86.4366}
[2020-11-21 11:21:14] INFO: ==> Iteration [  1][  42 /  521]: {'prec_cls': 35.9499, 'loss': 12.157, 'loss_cls': 1.3359, 'loss_mse': 0.0182, 'loss_nce': 10.8028, 'load_time': 13.5648, 'process_time': 86.4352}
[2020-11-21 11:21:18] INFO: ==> Iteration [  1][  43 /  521]: {'prec_cls': 35.989, 'loss': 12.1687, 'loss_cls': 1.3349, 'loss_mse': 0.018, 'loss_nce': 10.8159, 'load_time': 13.5626, 'process_time': 86.4374}
[2020-11-21 11:21:21] INFO: ==> Iteration [  1][  44 /  521]: {'prec_cls': 36.0736, 'loss': 12.1742, 'loss_cls': 1.335, 'loss_mse': 0.0177, 'loss_nce': 10.8215, 'load_time': 13.5417, 'process_time': 86.4583}
[2020-11-21 11:21:24] INFO: ==> Iteration [  1][  45 /  521]: {'prec_cls': 36.1806, 'loss': 12.1804, 'loss_cls': 1.3338, 'loss_mse': 0.0175, 'loss_nce': 10.8291, 'load_time': 13.5425, 'process_time': 86.4575}
[2020-11-21 11:21:28] INFO: ==> Iteration [  1][  46 /  521]: {'prec_cls': 36.1639, 'loss': 12.1884, 'loss_cls': 1.334, 'loss_mse': 0.0172, 'loss_nce': 10.8372, 'load_time': 13.3881, 'process_time': 86.6119}
[2020-11-21 11:21:31] INFO: ==> Iteration [  1][  47 /  521]: {'prec_cls': 36.173, 'loss': 12.1983, 'loss_cls': 1.3338, 'loss_mse': 0.017, 'loss_nce': 10.8475, 'load_time': 13.4093, 'process_time': 86.5907}
[2020-11-21 11:21:35] INFO: ==> Iteration [  1][  48 /  521]: {'prec_cls': 36.1735, 'loss': 12.2041, 'loss_cls': 1.3336, 'loss_mse': 0.0168, 'loss_nce': 10.8537, 'load_time': 13.4099, 'process_time': 86.5901}
[2020-11-21 11:21:38] INFO: ==> Iteration [  1][  49 /  521]: {'prec_cls': 36.1607, 'loss': 12.2079, 'loss_cls': 1.3334, 'loss_mse': 0.0166, 'loss_nce': 10.8579, 'load_time': 13.4141, 'process_time': 86.5859}
[2020-11-21 11:21:41] INFO: ==> Iteration [  1][  50 /  521]: {'prec_cls': 36.0911, 'loss': 12.2156, 'loss_cls': 1.3343, 'loss_mse': 0.0163, 'loss_nce': 10.8649, 'load_time': 13.4174, 'process_time': 86.5826}
[2020-11-21 11:21:45] INFO: ==> Iteration [  1][  51 /  521]: {'prec_cls': 36.2081, 'loss': 12.2241, 'loss_cls': 1.3337, 'loss_mse': 0.0161, 'loss_nce': 10.8743, 'load_time': 13.4187, 'process_time': 86.5813}
[2020-11-21 11:21:48] INFO: ==> Iteration [  1][  52 /  521]: {'prec_cls': 36.3281, 'loss': 12.2301, 'loss_cls': 1.3326, 'loss_mse': 0.0159, 'loss_nce': 10.8815, 'load_time': 13.4405, 'process_time': 86.5595}
[2020-11-21 11:21:52] INFO: ==> Iteration [  1][  53 /  521]: {'prec_cls': 36.2937, 'loss': 12.2364, 'loss_cls': 1.3332, 'loss_mse': 0.0158, 'loss_nce': 10.8874, 'load_time': 13.4221, 'process_time': 86.5779}
[2020-11-21 11:21:55] INFO: ==> Iteration [  1][  54 /  521]: {'prec_cls': 36.3498, 'loss': 12.2427, 'loss_cls': 1.3331, 'loss_mse': 0.0156, 'loss_nce': 10.894, 'load_time': 13.4451, 'process_time': 86.5549}
[2020-11-21 11:21:59] INFO: ==> Iteration [  1][  55 /  521]: {'prec_cls': 36.3376, 'loss': 12.2494, 'loss_cls': 1.3329, 'loss_mse': 0.0154, 'loss_nce': 10.9011, 'load_time': 13.4688, 'process_time': 86.5312}
[2020-11-21 11:22:02] INFO: ==> Iteration [  1][  56 /  521]: {'prec_cls': 36.4421, 'loss': 12.2537, 'loss_cls': 1.3319, 'loss_mse': 0.0153, 'loss_nce': 10.9065, 'load_time': 13.4544, 'process_time': 86.5456}
[2020-11-21 11:22:06] INFO: ==> Iteration [  1][  57 /  521]: {'prec_cls': 36.5177, 'loss': 12.2568, 'loss_cls': 1.3316, 'loss_mse': 0.0152, 'loss_nce': 10.91, 'load_time': 13.4324, 'process_time': 86.5676}
[2020-11-21 11:22:09] INFO: ==> Iteration [  1][  58 /  521]: {'prec_cls': 36.4538, 'loss': 12.2687, 'loss_cls': 1.3321, 'loss_mse': 0.015, 'loss_nce': 10.9215, 'load_time': 13.4332, 'process_time': 86.5668}
[2020-11-21 11:22:12] INFO: ==> Iteration [  1][  59 /  521]: {'prec_cls': 36.423, 'loss': 12.273, 'loss_cls': 1.3317, 'loss_mse': 0.0149, 'loss_nce': 10.9264, 'load_time': 13.4538, 'process_time': 86.5462}
[2020-11-21 11:22:16] INFO: ==> Iteration [  1][  60 /  521]: {'prec_cls': 36.4692, 'loss': 12.2777, 'loss_cls': 1.3311, 'loss_mse': 0.0148, 'loss_nce': 10.9319, 'load_time': 13.4399, 'process_time': 86.5601}
[2020-11-21 11:22:19] INFO: ==> Iteration [  1][  61 /  521]: {'prec_cls': 36.4669, 'loss': 12.2813, 'loss_cls': 1.331, 'loss_mse': 0.0146, 'loss_nce': 10.9356, 'load_time': 13.4452, 'process_time': 86.5548}
[2020-11-21 11:22:22] INFO: ==> Iteration [  1][  62 /  521]: {'prec_cls': 36.4667, 'loss': 12.2858, 'loss_cls': 1.3311, 'loss_mse': 0.0145, 'loss_nce': 10.9401, 'load_time': 13.4638, 'process_time': 86.5362}
[2020-11-21 11:22:26] INFO: ==> Iteration [  1][  63 /  521]: {'prec_cls': 36.5224, 'loss': 12.2893, 'loss_cls': 1.3306, 'loss_mse': 0.0144, 'loss_nce': 10.9443, 'load_time': 13.4821, 'process_time': 86.5179}
[2020-11-21 11:22:29] INFO: ==> Iteration [  1][  64 /  521]: {'prec_cls': 36.5601, 'loss': 12.2916, 'loss_cls': 1.3299, 'loss_mse': 0.0142, 'loss_nce': 10.9474, 'load_time': 13.4689, 'process_time': 86.5311}
[2020-11-21 11:22:32] INFO: ==> Iteration [  1][  65 /  521]: {'prec_cls': 36.5705, 'loss': 12.2987, 'loss_cls': 1.33, 'loss_mse': 0.0141, 'loss_nce': 10.9546, 'load_time': 13.4886, 'process_time': 86.5114}
[2020-11-21 11:22:36] INFO: ==> Iteration [  1][  66 /  521]: {'prec_cls': 36.5747, 'loss': 12.3044, 'loss_cls': 1.3297, 'loss_mse': 0.014, 'loss_nce': 10.9607, 'load_time': 13.5068, 'process_time': 86.4932}
[2020-11-21 11:22:39] INFO: ==> Iteration [  1][  67 /  521]: {'prec_cls': 36.606, 'loss': 12.3094, 'loss_cls': 1.3292, 'loss_mse': 0.0139, 'loss_nce': 10.9664, 'load_time': 13.5253, 'process_time': 86.4747}
[2020-11-21 11:22:43] INFO: ==> Iteration [  1][  68 /  521]: {'prec_cls': 36.5981, 'loss': 12.3156, 'loss_cls': 1.3292, 'loss_mse': 0.0137, 'loss_nce': 10.9727, 'load_time': 13.5439, 'process_time': 86.4561}
[2020-11-21 11:22:46] INFO: ==> Iteration [  1][  69 /  521]: {'prec_cls': 36.5621, 'loss': 12.3244, 'loss_cls': 1.329, 'loss_mse': 0.0136, 'loss_nce': 10.9818, 'load_time': 13.5242, 'process_time': 86.4758}
[2020-11-21 11:22:50] INFO: ==> Iteration [  1][  70 /  521]: {'prec_cls': 36.542, 'loss': 12.3308, 'loss_cls': 1.3291, 'loss_mse': 0.0135, 'loss_nce': 10.9881, 'load_time': 13.63, 'process_time': 86.37}
[2020-11-21 11:22:53] INFO: ==> Iteration [  1][  71 /  521]: {'prec_cls': 36.5647, 'loss': 12.3345, 'loss_cls': 1.329, 'loss_mse': 0.0134, 'loss_nce': 10.9921, 'load_time': 13.6433, 'process_time': 86.3567}
[2020-11-21 11:22:56] INFO: ==> Iteration [  1][  72 /  521]: {'prec_cls': 36.6211, 'loss': 12.3421, 'loss_cls': 1.3286, 'loss_mse': 0.0133, 'loss_nce': 11.0002, 'load_time': 13.6281, 'process_time': 86.3719}
[2020-11-21 11:23:00] INFO: ==> Iteration [  1][  73 /  521]: {'prec_cls': 36.6438, 'loss': 12.3493, 'loss_cls': 1.3285, 'loss_mse': 0.0132, 'loss_nce': 11.0076, 'load_time': 13.7303, 'process_time': 86.2697}
[2020-11-21 11:23:03] INFO: ==> Iteration [  1][  74 /  521]: {'prec_cls': 36.7064, 'loss': 12.3547, 'loss_cls': 1.3279, 'loss_mse': 0.0131, 'loss_nce': 11.0138, 'load_time': 13.7291, 'process_time': 86.2709}
[2020-11-21 11:23:06] INFO: ==> Iteration [  1][  75 /  521]: {'prec_cls': 36.717, 'loss': 12.3588, 'loss_cls': 1.3283, 'loss_mse': 0.0129, 'loss_nce': 11.0175, 'load_time': 13.7415, 'process_time': 86.2585}
[2020-11-21 11:23:10] INFO: ==> Iteration [  1][  76 /  521]: {'prec_cls': 36.7599, 'loss': 12.3644, 'loss_cls': 1.3279, 'loss_mse': 0.0128, 'loss_nce': 11.0237, 'load_time': 13.7178, 'process_time': 86.2822}
[2020-11-21 11:23:13] INFO: ==> Iteration [  1][  77 /  521]: {'prec_cls': 36.7644, 'loss': 12.3688, 'loss_cls': 1.3277, 'loss_mse': 0.0127, 'loss_nce': 11.0284, 'load_time': 13.6989, 'process_time': 86.3011}
[2020-11-21 11:23:17] INFO: ==> Iteration [  1][  78 /  521]: {'prec_cls': 36.7638, 'loss': 12.3737, 'loss_cls': 1.3277, 'loss_mse': 0.0126, 'loss_nce': 11.0334, 'load_time': 13.6828, 'process_time': 86.3172}
[2020-11-21 11:23:21] INFO: ==> Iteration [  1][  79 /  521]: {'prec_cls': 36.7336, 'loss': 12.3761, 'loss_cls': 1.3274, 'loss_mse': 0.0125, 'loss_nce': 11.0362, 'load_time': 13.6679, 'process_time': 86.3321}
[2020-11-21 11:23:24] INFO: ==> Iteration [  1][  80 /  521]: {'prec_cls': 36.6878, 'loss': 12.3806, 'loss_cls': 1.3275, 'loss_mse': 0.0124, 'loss_nce': 11.0407, 'load_time': 13.7772, 'process_time': 86.2228}
[2020-11-21 11:23:27] INFO: ==> Iteration [  1][  81 /  521]: {'prec_cls': 36.7011, 'loss': 12.3878, 'loss_cls': 1.3273, 'loss_mse': 0.0123, 'loss_nce': 11.0482, 'load_time': 13.7634, 'process_time': 86.2366}
[2020-11-21 11:23:31] INFO: ==> Iteration [  1][  82 /  521]: {'prec_cls': 36.6791, 'loss': 12.3907, 'loss_cls': 1.327, 'loss_mse': 0.0122, 'loss_nce': 11.0515, 'load_time': 13.7479, 'process_time': 86.2521}
[2020-11-21 11:23:34] INFO: ==> Iteration [  1][  83 /  521]: {'prec_cls': 36.6748, 'loss': 12.3938, 'loss_cls': 1.3267, 'loss_mse': 0.0121, 'loss_nce': 11.055, 'load_time': 13.7345, 'process_time': 86.2655}
[2020-11-21 11:23:37] INFO: ==> Iteration [  1][  84 /  521]: {'prec_cls': 36.6986, 'loss': 12.3968, 'loss_cls': 1.3264, 'loss_mse': 0.012, 'loss_nce': 11.0584, 'load_time': 13.7448, 'process_time': 86.2552}
[2020-11-21 11:23:41] INFO: ==> Iteration [  1][  85 /  521]: {'prec_cls': 36.7662, 'loss': 12.399, 'loss_cls': 1.3261, 'loss_mse': 0.0119, 'loss_nce': 11.061, 'load_time': 13.7559, 'process_time': 86.2441}
[2020-11-21 11:23:44] INFO: ==> Iteration [  1][  86 /  521]: {'prec_cls': 36.7717, 'loss': 12.4027, 'loss_cls': 1.3262, 'loss_mse': 0.0118, 'loss_nce': 11.0648, 'load_time': 13.7533, 'process_time': 86.2467}
[2020-11-21 11:23:48] INFO: ==> Iteration [  1][  87 /  521]: {'prec_cls': 36.7861, 'loss': 12.4055, 'loss_cls': 1.3257, 'loss_mse': 0.0117, 'loss_nce': 11.0681, 'load_time': 13.7476, 'process_time': 86.2524}
[2020-11-21 11:23:51] INFO: ==> Iteration [  1][  88 /  521]: {'prec_cls': 36.7868, 'loss': 12.4096, 'loss_cls': 1.3258, 'loss_mse': 0.0116, 'loss_nce': 11.0722, 'load_time': 13.7602, 'process_time': 86.2398}
[2020-11-21 11:23:54] INFO: ==> Iteration [  1][  89 /  521]: {'prec_cls': 36.8212, 'loss': 12.4125, 'loss_cls': 1.3254, 'loss_mse': 0.0115, 'loss_nce': 11.0756, 'load_time': 13.7709, 'process_time': 86.2291}
[2020-11-21 11:23:58] INFO: ==> Iteration [  1][  90 /  521]: {'prec_cls': 36.807, 'loss': 12.4141, 'loss_cls': 1.3256, 'loss_mse': 0.0114, 'loss_nce': 11.077, 'load_time': 13.7702, 'process_time': 86.2298}
[2020-11-21 11:24:01] INFO: ==> Iteration [  1][  91 /  521]: {'prec_cls': 36.8375, 'loss': 12.4164, 'loss_cls': 1.3254, 'loss_mse': 0.0114, 'loss_nce': 11.0797, 'load_time': 13.7644, 'process_time': 86.2356}
[2020-11-21 11:24:04] INFO: ==> Iteration [  1][  92 /  521]: {'prec_cls': 36.907, 'loss': 12.4193, 'loss_cls': 1.325, 'loss_mse': 0.0113, 'loss_nce': 11.083, 'load_time': 13.7751, 'process_time': 86.2249}
[2020-11-21 11:24:08] INFO: ==> Iteration [  1][  93 /  521]: {'prec_cls': 36.9008, 'loss': 12.4221, 'loss_cls': 1.3251, 'loss_mse': 0.0112, 'loss_nce': 11.0858, 'load_time': 13.7852, 'process_time': 86.2148}
[2020-11-21 11:24:11] INFO: ==> Iteration [  1][  94 /  521]: {'prec_cls': 36.9016, 'loss': 12.4225, 'loss_cls': 1.3249, 'loss_mse': 0.0111, 'loss_nce': 11.0864, 'load_time': 13.7946, 'process_time': 86.2054}
[2020-11-21 11:24:15] INFO: ==> Iteration [  1][  95 /  521]: {'prec_cls': 36.9093, 'loss': 12.4267, 'loss_cls': 1.3247, 'loss_mse': 0.0111, 'loss_nce': 11.0909, 'load_time': 13.7915, 'process_time': 86.2085}
[2020-11-21 11:24:18] INFO: ==> Iteration [  1][  96 /  521]: {'prec_cls': 36.9073, 'loss': 12.4288, 'loss_cls': 1.3247, 'loss_mse': 0.011, 'loss_nce': 11.0931, 'load_time': 13.7893, 'process_time': 86.2107}
[2020-11-21 11:24:21] INFO: ==> Iteration [  1][  97 /  521]: {'prec_cls': 36.912, 'loss': 12.4293, 'loss_cls': 1.3248, 'loss_mse': 0.0109, 'loss_nce': 11.0935, 'load_time': 13.7997, 'process_time': 86.2003}
[2020-11-21 11:24:25] INFO: ==> Iteration [  1][  98 /  521]: {'prec_cls': 36.9513, 'loss': 12.43, 'loss_cls': 1.3245, 'loss_mse': 0.0109, 'loss_nce': 11.0947, 'load_time': 13.7868, 'process_time': 86.2132}
[2020-11-21 11:24:28] INFO: ==> Iteration [  1][  99 /  521]: {'prec_cls': 36.9857, 'loss': 12.4322, 'loss_cls': 1.3242, 'loss_mse': 0.0108, 'loss_nce': 11.0972, 'load_time': 13.7951, 'process_time': 86.2049}
[2020-11-21 11:24:32] INFO: ==> Iteration [  1][ 100 /  521]: {'prec_cls': 36.9661, 'loss': 12.4333, 'loss_cls': 1.3243, 'loss_mse': 0.0107, 'loss_nce': 11.0983, 'load_time': 13.8127, 'process_time': 86.1873}
[2020-11-21 11:24:36] INFO: ==> Iteration [  1][ 101 /  521]: {'prec_cls': 36.9057, 'loss': 12.4355, 'loss_cls': 1.3248, 'loss_mse': 0.0107, 'loss_nce': 11.1001, 'load_time': 13.8188, 'process_time': 86.1812}
[2020-11-21 11:24:39] INFO: ==> Iteration [  1][ 102 /  521]: {'prec_cls': 36.9064, 'loss': 12.4371, 'loss_cls': 1.3249, 'loss_mse': 0.0106, 'loss_nce': 11.1015, 'load_time': 13.8067, 'process_time': 86.1933}
[2020-11-21 11:24:42] INFO: ==> Iteration [  1][ 103 /  521]: {'prec_cls': 36.8856, 'loss': 12.4376, 'loss_cls': 1.3249, 'loss_mse': 0.0106, 'loss_nce': 11.1021, 'load_time': 13.8161, 'process_time': 86.1839}
[2020-11-21 11:24:46] INFO: ==> Iteration [  1][ 104 /  521]: {'prec_cls': 36.8289, 'loss': 12.4397, 'loss_cls': 1.3254, 'loss_mse': 0.0105, 'loss_nce': 11.1038, 'load_time': 13.8251, 'process_time': 86.1749}
[2020-11-21 11:24:49] INFO: ==> Iteration [  1][ 105 /  521]: {'prec_cls': 36.8229, 'loss': 12.4412, 'loss_cls': 1.3254, 'loss_mse': 0.0104, 'loss_nce': 11.1054, 'load_time': 13.8342, 'process_time': 86.1658}
[2020-11-21 11:24:53] INFO: ==> Iteration [  1][ 106 /  521]: {'prec_cls': 36.8539, 'loss': 12.442, 'loss_cls': 1.325, 'loss_mse': 0.0104, 'loss_nce': 11.1066, 'load_time': 13.8419, 'process_time': 86.1581}
[2020-11-21 11:24:56] INFO: ==> Iteration [  1][ 107 /  521]: {'prec_cls': 36.8867, 'loss': 12.4411, 'loss_cls': 1.3249, 'loss_mse': 0.0103, 'loss_nce': 11.1059, 'load_time': 13.85, 'process_time': 86.15}
[2020-11-21 11:25:00] INFO: ==> Iteration [  1][ 108 /  521]: {'prec_cls': 36.9623, 'loss': 12.4421, 'loss_cls': 1.3243, 'loss_mse': 0.0103, 'loss_nce': 11.1075, 'load_time': 13.8399, 'process_time': 86.1601}
[2020-11-21 11:25:03] INFO: ==> Iteration [  1][ 109 /  521]: {'prec_cls': 36.9827, 'loss': 12.4445, 'loss_cls': 1.3239, 'loss_mse': 0.0102, 'loss_nce': 11.1104, 'load_time': 13.8489, 'process_time': 86.1511}
[2020-11-21 11:25:06] INFO: ==> Iteration [  1][ 110 /  521]: {'prec_cls': 36.9579, 'loss': 12.4462, 'loss_cls': 1.3241, 'loss_mse': 0.0102, 'loss_nce': 11.1119, 'load_time': 13.8575, 'process_time': 86.1425}
